[2025-11-28T14:35:24.187+0000] {processor.py:161} INFO - Started process (PID=522) to work on /home/airflow/.local/lib/python3.8/site-packages/airflow/example_dags/example_trigger_target_dag.py
[2025-11-28T14:35:24.189+0000] {processor.py:830} INFO - Processing file /home/airflow/.local/lib/python3.8/site-packages/airflow/example_dags/example_trigger_target_dag.py for tasks to queue
[2025-11-28T14:35:24.192+0000] {logging_mixin.py:188} INFO - [2025-11-28T14:35:24.191+0000] {dagbag.py:538} INFO - Filling up the DagBag from /home/airflow/.local/lib/python3.8/site-packages/airflow/example_dags/example_trigger_target_dag.py
[2025-11-28T14:35:24.203+0000] {processor.py:840} INFO - DAG(s) 'example_trigger_target_dag' retrieved from /home/airflow/.local/lib/python3.8/site-packages/airflow/example_dags/example_trigger_target_dag.py
[2025-11-28T14:35:24.364+0000] {logging_mixin.py:188} INFO - [2025-11-28T14:35:24.363+0000] {override.py:1769} INFO - Created Permission View: can read on DAG:example_trigger_target_dag
[2025-11-28T14:35:24.380+0000] {logging_mixin.py:188} INFO - [2025-11-28T14:35:24.379+0000] {override.py:1769} INFO - Created Permission View: can delete on DAG:example_trigger_target_dag
[2025-11-28T14:35:24.389+0000] {logging_mixin.py:188} INFO - [2025-11-28T14:35:24.388+0000] {override.py:1769} INFO - Created Permission View: can edit on DAG:example_trigger_target_dag
[2025-11-28T14:35:24.389+0000] {logging_mixin.py:188} INFO - [2025-11-28T14:35:24.389+0000] {dag.py:3036} INFO - Sync 1 DAGs
[2025-11-28T14:35:24.404+0000] {logging_mixin.py:188} INFO - [2025-11-28T14:35:24.404+0000] {dag.py:3058} INFO - Creating ORM DAG for example_trigger_target_dag
[2025-11-28T14:35:24.405+0000] {logging_mixin.py:188} INFO - [2025-11-28T14:35:24.405+0000] {dag.py:3823} INFO - Setting next_dagrun for example_trigger_target_dag to None, run_after=None
[2025-11-28T14:35:24.429+0000] {processor.py:183} INFO - Processing /home/airflow/.local/lib/python3.8/site-packages/airflow/example_dags/example_trigger_target_dag.py took 0.248 seconds
[2025-11-28T14:35:55.243+0000] {processor.py:161} INFO - Started process (PID=580) to work on /home/airflow/.local/lib/python3.8/site-packages/airflow/example_dags/example_trigger_target_dag.py
[2025-11-28T14:35:55.244+0000] {processor.py:830} INFO - Processing file /home/airflow/.local/lib/python3.8/site-packages/airflow/example_dags/example_trigger_target_dag.py for tasks to queue
[2025-11-28T14:35:55.247+0000] {logging_mixin.py:188} INFO - [2025-11-28T14:35:55.246+0000] {dagbag.py:538} INFO - Filling up the DagBag from /home/airflow/.local/lib/python3.8/site-packages/airflow/example_dags/example_trigger_target_dag.py
[2025-11-28T14:35:55.257+0000] {processor.py:840} INFO - DAG(s) 'example_trigger_target_dag' retrieved from /home/airflow/.local/lib/python3.8/site-packages/airflow/example_dags/example_trigger_target_dag.py
[2025-11-28T14:35:55.293+0000] {logging_mixin.py:188} INFO - [2025-11-28T14:35:55.292+0000] {dag.py:3036} INFO - Sync 1 DAGs
[2025-11-28T14:35:55.311+0000] {logging_mixin.py:188} INFO - [2025-11-28T14:35:55.310+0000] {dag.py:3823} INFO - Setting next_dagrun for example_trigger_target_dag to None, run_after=None
[2025-11-28T14:35:55.350+0000] {processor.py:183} INFO - Processing /home/airflow/.local/lib/python3.8/site-packages/airflow/example_dags/example_trigger_target_dag.py took 0.113 seconds
[2025-11-28T14:36:25.590+0000] {processor.py:161} INFO - Started process (PID=638) to work on /home/airflow/.local/lib/python3.8/site-packages/airflow/example_dags/example_trigger_target_dag.py
[2025-11-28T14:36:25.592+0000] {processor.py:830} INFO - Processing file /home/airflow/.local/lib/python3.8/site-packages/airflow/example_dags/example_trigger_target_dag.py for tasks to queue
[2025-11-28T14:36:25.595+0000] {logging_mixin.py:188} INFO - [2025-11-28T14:36:25.595+0000] {dagbag.py:538} INFO - Filling up the DagBag from /home/airflow/.local/lib/python3.8/site-packages/airflow/example_dags/example_trigger_target_dag.py
[2025-11-28T14:36:25.607+0000] {processor.py:840} INFO - DAG(s) 'example_trigger_target_dag' retrieved from /home/airflow/.local/lib/python3.8/site-packages/airflow/example_dags/example_trigger_target_dag.py
[2025-11-28T14:36:25.647+0000] {logging_mixin.py:188} INFO - [2025-11-28T14:36:25.646+0000] {dag.py:3036} INFO - Sync 1 DAGs
[2025-11-28T14:36:25.665+0000] {logging_mixin.py:188} INFO - [2025-11-28T14:36:25.665+0000] {dag.py:3823} INFO - Setting next_dagrun for example_trigger_target_dag to None, run_after=None
[2025-11-28T14:36:25.692+0000] {processor.py:183} INFO - Processing /home/airflow/.local/lib/python3.8/site-packages/airflow/example_dags/example_trigger_target_dag.py took 0.109 seconds
[2025-11-28T14:36:55.971+0000] {processor.py:161} INFO - Started process (PID=696) to work on /home/airflow/.local/lib/python3.8/site-packages/airflow/example_dags/example_trigger_target_dag.py
[2025-11-28T14:36:55.973+0000] {processor.py:830} INFO - Processing file /home/airflow/.local/lib/python3.8/site-packages/airflow/example_dags/example_trigger_target_dag.py for tasks to queue
[2025-11-28T14:36:55.976+0000] {logging_mixin.py:188} INFO - [2025-11-28T14:36:55.976+0000] {dagbag.py:538} INFO - Filling up the DagBag from /home/airflow/.local/lib/python3.8/site-packages/airflow/example_dags/example_trigger_target_dag.py
[2025-11-28T14:36:55.986+0000] {processor.py:840} INFO - DAG(s) 'example_trigger_target_dag' retrieved from /home/airflow/.local/lib/python3.8/site-packages/airflow/example_dags/example_trigger_target_dag.py
[2025-11-28T14:36:56.020+0000] {logging_mixin.py:188} INFO - [2025-11-28T14:36:56.019+0000] {dag.py:3036} INFO - Sync 1 DAGs
[2025-11-28T14:36:56.037+0000] {logging_mixin.py:188} INFO - [2025-11-28T14:36:56.037+0000] {dag.py:3823} INFO - Setting next_dagrun for example_trigger_target_dag to None, run_after=None
[2025-11-28T14:36:56.064+0000] {processor.py:183} INFO - Processing /home/airflow/.local/lib/python3.8/site-packages/airflow/example_dags/example_trigger_target_dag.py took 0.099 seconds
[2025-11-28T14:37:26.368+0000] {processor.py:161} INFO - Started process (PID=754) to work on /home/airflow/.local/lib/python3.8/site-packages/airflow/example_dags/example_trigger_target_dag.py
[2025-11-28T14:37:26.369+0000] {processor.py:830} INFO - Processing file /home/airflow/.local/lib/python3.8/site-packages/airflow/example_dags/example_trigger_target_dag.py for tasks to queue
[2025-11-28T14:37:26.372+0000] {logging_mixin.py:188} INFO - [2025-11-28T14:37:26.372+0000] {dagbag.py:538} INFO - Filling up the DagBag from /home/airflow/.local/lib/python3.8/site-packages/airflow/example_dags/example_trigger_target_dag.py
[2025-11-28T14:37:26.382+0000] {processor.py:840} INFO - DAG(s) 'example_trigger_target_dag' retrieved from /home/airflow/.local/lib/python3.8/site-packages/airflow/example_dags/example_trigger_target_dag.py
[2025-11-28T14:37:26.414+0000] {logging_mixin.py:188} INFO - [2025-11-28T14:37:26.414+0000] {dag.py:3036} INFO - Sync 1 DAGs
[2025-11-28T14:37:26.433+0000] {logging_mixin.py:188} INFO - [2025-11-28T14:37:26.433+0000] {dag.py:3823} INFO - Setting next_dagrun for example_trigger_target_dag to None, run_after=None
[2025-11-28T14:37:26.461+0000] {processor.py:183} INFO - Processing /home/airflow/.local/lib/python3.8/site-packages/airflow/example_dags/example_trigger_target_dag.py took 0.099 seconds
[2025-11-28T14:37:57.304+0000] {processor.py:161} INFO - Started process (PID=812) to work on /home/airflow/.local/lib/python3.8/site-packages/airflow/example_dags/example_trigger_target_dag.py
[2025-11-28T14:37:57.305+0000] {processor.py:830} INFO - Processing file /home/airflow/.local/lib/python3.8/site-packages/airflow/example_dags/example_trigger_target_dag.py for tasks to queue
[2025-11-28T14:37:57.308+0000] {logging_mixin.py:188} INFO - [2025-11-28T14:37:57.308+0000] {dagbag.py:538} INFO - Filling up the DagBag from /home/airflow/.local/lib/python3.8/site-packages/airflow/example_dags/example_trigger_target_dag.py
[2025-11-28T14:37:57.317+0000] {processor.py:840} INFO - DAG(s) 'example_trigger_target_dag' retrieved from /home/airflow/.local/lib/python3.8/site-packages/airflow/example_dags/example_trigger_target_dag.py
[2025-11-28T14:37:57.348+0000] {logging_mixin.py:188} INFO - [2025-11-28T14:37:57.348+0000] {dag.py:3036} INFO - Sync 1 DAGs
[2025-11-28T14:37:57.366+0000] {logging_mixin.py:188} INFO - [2025-11-28T14:37:57.365+0000] {dag.py:3823} INFO - Setting next_dagrun for example_trigger_target_dag to None, run_after=None
[2025-11-28T14:37:57.390+0000] {processor.py:183} INFO - Processing /home/airflow/.local/lib/python3.8/site-packages/airflow/example_dags/example_trigger_target_dag.py took 0.092 seconds
[2025-11-28T14:38:27.577+0000] {processor.py:161} INFO - Started process (PID=870) to work on /home/airflow/.local/lib/python3.8/site-packages/airflow/example_dags/example_trigger_target_dag.py
[2025-11-28T14:38:27.578+0000] {processor.py:830} INFO - Processing file /home/airflow/.local/lib/python3.8/site-packages/airflow/example_dags/example_trigger_target_dag.py for tasks to queue
[2025-11-28T14:38:27.581+0000] {logging_mixin.py:188} INFO - [2025-11-28T14:38:27.581+0000] {dagbag.py:538} INFO - Filling up the DagBag from /home/airflow/.local/lib/python3.8/site-packages/airflow/example_dags/example_trigger_target_dag.py
[2025-11-28T14:38:27.592+0000] {processor.py:840} INFO - DAG(s) 'example_trigger_target_dag' retrieved from /home/airflow/.local/lib/python3.8/site-packages/airflow/example_dags/example_trigger_target_dag.py
[2025-11-28T14:38:27.633+0000] {logging_mixin.py:188} INFO - [2025-11-28T14:38:27.632+0000] {dag.py:3036} INFO - Sync 1 DAGs
[2025-11-28T14:38:27.653+0000] {logging_mixin.py:188} INFO - [2025-11-28T14:38:27.653+0000] {dag.py:3823} INFO - Setting next_dagrun for example_trigger_target_dag to None, run_after=None
[2025-11-28T14:38:27.682+0000] {processor.py:183} INFO - Processing /home/airflow/.local/lib/python3.8/site-packages/airflow/example_dags/example_trigger_target_dag.py took 0.111 seconds
[2025-11-28T14:38:58.124+0000] {processor.py:161} INFO - Started process (PID=928) to work on /home/airflow/.local/lib/python3.8/site-packages/airflow/example_dags/example_trigger_target_dag.py
[2025-11-28T14:38:58.126+0000] {processor.py:830} INFO - Processing file /home/airflow/.local/lib/python3.8/site-packages/airflow/example_dags/example_trigger_target_dag.py for tasks to queue
[2025-11-28T14:38:58.129+0000] {logging_mixin.py:188} INFO - [2025-11-28T14:38:58.129+0000] {dagbag.py:538} INFO - Filling up the DagBag from /home/airflow/.local/lib/python3.8/site-packages/airflow/example_dags/example_trigger_target_dag.py
[2025-11-28T14:38:58.141+0000] {processor.py:840} INFO - DAG(s) 'example_trigger_target_dag' retrieved from /home/airflow/.local/lib/python3.8/site-packages/airflow/example_dags/example_trigger_target_dag.py
[2025-11-28T14:38:58.177+0000] {logging_mixin.py:188} INFO - [2025-11-28T14:38:58.177+0000] {dag.py:3036} INFO - Sync 1 DAGs
[2025-11-28T14:38:58.197+0000] {logging_mixin.py:188} INFO - [2025-11-28T14:38:58.196+0000] {dag.py:3823} INFO - Setting next_dagrun for example_trigger_target_dag to None, run_after=None
[2025-11-28T14:38:58.225+0000] {processor.py:183} INFO - Processing /home/airflow/.local/lib/python3.8/site-packages/airflow/example_dags/example_trigger_target_dag.py took 0.107 seconds
[2025-11-28T14:39:28.519+0000] {processor.py:161} INFO - Started process (PID=987) to work on /home/airflow/.local/lib/python3.8/site-packages/airflow/example_dags/example_trigger_target_dag.py
[2025-11-28T14:39:28.521+0000] {processor.py:830} INFO - Processing file /home/airflow/.local/lib/python3.8/site-packages/airflow/example_dags/example_trigger_target_dag.py for tasks to queue
[2025-11-28T14:39:28.525+0000] {logging_mixin.py:188} INFO - [2025-11-28T14:39:28.524+0000] {dagbag.py:538} INFO - Filling up the DagBag from /home/airflow/.local/lib/python3.8/site-packages/airflow/example_dags/example_trigger_target_dag.py
[2025-11-28T14:39:28.536+0000] {processor.py:840} INFO - DAG(s) 'example_trigger_target_dag' retrieved from /home/airflow/.local/lib/python3.8/site-packages/airflow/example_dags/example_trigger_target_dag.py
[2025-11-28T14:39:28.568+0000] {logging_mixin.py:188} INFO - [2025-11-28T14:39:28.567+0000] {dag.py:3036} INFO - Sync 1 DAGs
[2025-11-28T14:39:28.594+0000] {logging_mixin.py:188} INFO - [2025-11-28T14:39:28.594+0000] {dag.py:3823} INFO - Setting next_dagrun for example_trigger_target_dag to None, run_after=None
[2025-11-28T14:39:28.628+0000] {processor.py:183} INFO - Processing /home/airflow/.local/lib/python3.8/site-packages/airflow/example_dags/example_trigger_target_dag.py took 0.115 seconds
