[2025-11-28T14:35:25.047+0000] {processor.py:161} INFO - Started process (PID=528) to work on /home/airflow/.local/lib/python3.8/site-packages/airflow/example_dags/example_nested_branch_dag.py
[2025-11-28T14:35:25.048+0000] {processor.py:830} INFO - Processing file /home/airflow/.local/lib/python3.8/site-packages/airflow/example_dags/example_nested_branch_dag.py for tasks to queue
[2025-11-28T14:35:25.052+0000] {logging_mixin.py:188} INFO - [2025-11-28T14:35:25.051+0000] {dagbag.py:538} INFO - Filling up the DagBag from /home/airflow/.local/lib/python3.8/site-packages/airflow/example_dags/example_nested_branch_dag.py
[2025-11-28T14:35:25.071+0000] {processor.py:840} INFO - DAG(s) 'example_nested_branch_dag' retrieved from /home/airflow/.local/lib/python3.8/site-packages/airflow/example_dags/example_nested_branch_dag.py
[2025-11-28T14:35:25.241+0000] {logging_mixin.py:188} INFO - [2025-11-28T14:35:25.240+0000] {override.py:1769} INFO - Created Permission View: can read on DAG:example_nested_branch_dag
[2025-11-28T14:35:25.257+0000] {logging_mixin.py:188} INFO - [2025-11-28T14:35:25.256+0000] {override.py:1769} INFO - Created Permission View: can delete on DAG:example_nested_branch_dag
[2025-11-28T14:35:25.267+0000] {logging_mixin.py:188} INFO - [2025-11-28T14:35:25.266+0000] {override.py:1769} INFO - Created Permission View: can edit on DAG:example_nested_branch_dag
[2025-11-28T14:35:25.267+0000] {logging_mixin.py:188} INFO - [2025-11-28T14:35:25.267+0000] {dag.py:3036} INFO - Sync 1 DAGs
[2025-11-28T14:35:25.288+0000] {logging_mixin.py:188} INFO - [2025-11-28T14:35:25.287+0000] {dag.py:3058} INFO - Creating ORM DAG for example_nested_branch_dag
[2025-11-28T14:35:25.301+0000] {logging_mixin.py:188} INFO - [2025-11-28T14:35:25.301+0000] {dag.py:3823} INFO - Setting next_dagrun for example_nested_branch_dag to 2025-11-27 00:00:00+00:00, run_after=2025-11-28 00:00:00+00:00
[2025-11-28T14:35:25.324+0000] {processor.py:183} INFO - Processing /home/airflow/.local/lib/python3.8/site-packages/airflow/example_dags/example_nested_branch_dag.py took 0.284 seconds
[2025-11-28T14:35:55.689+0000] {processor.py:161} INFO - Started process (PID=586) to work on /home/airflow/.local/lib/python3.8/site-packages/airflow/example_dags/example_nested_branch_dag.py
[2025-11-28T14:35:55.691+0000] {processor.py:830} INFO - Processing file /home/airflow/.local/lib/python3.8/site-packages/airflow/example_dags/example_nested_branch_dag.py for tasks to queue
[2025-11-28T14:35:55.693+0000] {logging_mixin.py:188} INFO - [2025-11-28T14:35:55.693+0000] {dagbag.py:538} INFO - Filling up the DagBag from /home/airflow/.local/lib/python3.8/site-packages/airflow/example_dags/example_nested_branch_dag.py
[2025-11-28T14:35:55.711+0000] {processor.py:840} INFO - DAG(s) 'example_nested_branch_dag' retrieved from /home/airflow/.local/lib/python3.8/site-packages/airflow/example_dags/example_nested_branch_dag.py
[2025-11-28T14:35:55.748+0000] {logging_mixin.py:188} INFO - [2025-11-28T14:35:55.748+0000] {dag.py:3036} INFO - Sync 1 DAGs
[2025-11-28T14:35:55.779+0000] {logging_mixin.py:188} INFO - [2025-11-28T14:35:55.779+0000] {dag.py:3823} INFO - Setting next_dagrun for example_nested_branch_dag to 2025-11-27 00:00:00+00:00, run_after=2025-11-28 00:00:00+00:00
[2025-11-28T14:35:55.810+0000] {processor.py:183} INFO - Processing /home/airflow/.local/lib/python3.8/site-packages/airflow/example_dags/example_nested_branch_dag.py took 0.127 seconds
[2025-11-28T14:36:26.055+0000] {processor.py:161} INFO - Started process (PID=644) to work on /home/airflow/.local/lib/python3.8/site-packages/airflow/example_dags/example_nested_branch_dag.py
[2025-11-28T14:36:26.068+0000] {processor.py:830} INFO - Processing file /home/airflow/.local/lib/python3.8/site-packages/airflow/example_dags/example_nested_branch_dag.py for tasks to queue
[2025-11-28T14:36:26.071+0000] {logging_mixin.py:188} INFO - [2025-11-28T14:36:26.071+0000] {dagbag.py:538} INFO - Filling up the DagBag from /home/airflow/.local/lib/python3.8/site-packages/airflow/example_dags/example_nested_branch_dag.py
[2025-11-28T14:36:26.088+0000] {processor.py:840} INFO - DAG(s) 'example_nested_branch_dag' retrieved from /home/airflow/.local/lib/python3.8/site-packages/airflow/example_dags/example_nested_branch_dag.py
[2025-11-28T14:36:26.142+0000] {logging_mixin.py:188} INFO - [2025-11-28T14:36:26.129+0000] {dag.py:3036} INFO - Sync 1 DAGs
[2025-11-28T14:36:26.180+0000] {logging_mixin.py:188} INFO - [2025-11-28T14:36:26.179+0000] {dag.py:3823} INFO - Setting next_dagrun for example_nested_branch_dag to 2025-11-27 00:00:00+00:00, run_after=2025-11-28 00:00:00+00:00
[2025-11-28T14:36:26.206+0000] {processor.py:183} INFO - Processing /home/airflow/.local/lib/python3.8/site-packages/airflow/example_dags/example_nested_branch_dag.py took 0.164 seconds
[2025-11-28T14:36:56.408+0000] {processor.py:161} INFO - Started process (PID=702) to work on /home/airflow/.local/lib/python3.8/site-packages/airflow/example_dags/example_nested_branch_dag.py
[2025-11-28T14:36:56.410+0000] {processor.py:830} INFO - Processing file /home/airflow/.local/lib/python3.8/site-packages/airflow/example_dags/example_nested_branch_dag.py for tasks to queue
[2025-11-28T14:36:56.413+0000] {logging_mixin.py:188} INFO - [2025-11-28T14:36:56.413+0000] {dagbag.py:538} INFO - Filling up the DagBag from /home/airflow/.local/lib/python3.8/site-packages/airflow/example_dags/example_nested_branch_dag.py
[2025-11-28T14:36:56.430+0000] {processor.py:840} INFO - DAG(s) 'example_nested_branch_dag' retrieved from /home/airflow/.local/lib/python3.8/site-packages/airflow/example_dags/example_nested_branch_dag.py
[2025-11-28T14:36:56.464+0000] {logging_mixin.py:188} INFO - [2025-11-28T14:36:56.463+0000] {dag.py:3036} INFO - Sync 1 DAGs
[2025-11-28T14:36:56.495+0000] {logging_mixin.py:188} INFO - [2025-11-28T14:36:56.494+0000] {dag.py:3823} INFO - Setting next_dagrun for example_nested_branch_dag to 2025-11-27 00:00:00+00:00, run_after=2025-11-28 00:00:00+00:00
[2025-11-28T14:36:56.520+0000] {processor.py:183} INFO - Processing /home/airflow/.local/lib/python3.8/site-packages/airflow/example_dags/example_nested_branch_dag.py took 0.118 seconds
[2025-11-28T14:37:26.787+0000] {processor.py:161} INFO - Started process (PID=760) to work on /home/airflow/.local/lib/python3.8/site-packages/airflow/example_dags/example_nested_branch_dag.py
[2025-11-28T14:37:26.789+0000] {processor.py:830} INFO - Processing file /home/airflow/.local/lib/python3.8/site-packages/airflow/example_dags/example_nested_branch_dag.py for tasks to queue
[2025-11-28T14:37:26.792+0000] {logging_mixin.py:188} INFO - [2025-11-28T14:37:26.791+0000] {dagbag.py:538} INFO - Filling up the DagBag from /home/airflow/.local/lib/python3.8/site-packages/airflow/example_dags/example_nested_branch_dag.py
[2025-11-28T14:37:26.808+0000] {processor.py:840} INFO - DAG(s) 'example_nested_branch_dag' retrieved from /home/airflow/.local/lib/python3.8/site-packages/airflow/example_dags/example_nested_branch_dag.py
[2025-11-28T14:37:26.844+0000] {logging_mixin.py:188} INFO - [2025-11-28T14:37:26.844+0000] {dag.py:3036} INFO - Sync 1 DAGs
[2025-11-28T14:37:26.879+0000] {logging_mixin.py:188} INFO - [2025-11-28T14:37:26.879+0000] {dag.py:3823} INFO - Setting next_dagrun for example_nested_branch_dag to 2025-11-27 00:00:00+00:00, run_after=2025-11-28 00:00:00+00:00
[2025-11-28T14:37:26.906+0000] {processor.py:183} INFO - Processing /home/airflow/.local/lib/python3.8/site-packages/airflow/example_dags/example_nested_branch_dag.py took 0.128 seconds
[2025-11-28T14:37:57.720+0000] {processor.py:161} INFO - Started process (PID=818) to work on /home/airflow/.local/lib/python3.8/site-packages/airflow/example_dags/example_nested_branch_dag.py
[2025-11-28T14:37:57.722+0000] {processor.py:830} INFO - Processing file /home/airflow/.local/lib/python3.8/site-packages/airflow/example_dags/example_nested_branch_dag.py for tasks to queue
[2025-11-28T14:37:57.724+0000] {logging_mixin.py:188} INFO - [2025-11-28T14:37:57.724+0000] {dagbag.py:538} INFO - Filling up the DagBag from /home/airflow/.local/lib/python3.8/site-packages/airflow/example_dags/example_nested_branch_dag.py
[2025-11-28T14:37:57.742+0000] {processor.py:840} INFO - DAG(s) 'example_nested_branch_dag' retrieved from /home/airflow/.local/lib/python3.8/site-packages/airflow/example_dags/example_nested_branch_dag.py
[2025-11-28T14:37:57.775+0000] {logging_mixin.py:188} INFO - [2025-11-28T14:37:57.775+0000] {dag.py:3036} INFO - Sync 1 DAGs
[2025-11-28T14:37:57.806+0000] {logging_mixin.py:188} INFO - [2025-11-28T14:37:57.805+0000] {dag.py:3823} INFO - Setting next_dagrun for example_nested_branch_dag to 2025-11-27 00:00:00+00:00, run_after=2025-11-28 00:00:00+00:00
[2025-11-28T14:37:57.830+0000] {processor.py:183} INFO - Processing /home/airflow/.local/lib/python3.8/site-packages/airflow/example_dags/example_nested_branch_dag.py took 0.116 seconds
[2025-11-28T14:38:28.006+0000] {processor.py:161} INFO - Started process (PID=876) to work on /home/airflow/.local/lib/python3.8/site-packages/airflow/example_dags/example_nested_branch_dag.py
[2025-11-28T14:38:28.008+0000] {processor.py:830} INFO - Processing file /home/airflow/.local/lib/python3.8/site-packages/airflow/example_dags/example_nested_branch_dag.py for tasks to queue
[2025-11-28T14:38:28.011+0000] {logging_mixin.py:188} INFO - [2025-11-28T14:38:28.010+0000] {dagbag.py:538} INFO - Filling up the DagBag from /home/airflow/.local/lib/python3.8/site-packages/airflow/example_dags/example_nested_branch_dag.py
[2025-11-28T14:38:28.028+0000] {processor.py:840} INFO - DAG(s) 'example_nested_branch_dag' retrieved from /home/airflow/.local/lib/python3.8/site-packages/airflow/example_dags/example_nested_branch_dag.py
[2025-11-28T14:38:28.060+0000] {logging_mixin.py:188} INFO - [2025-11-28T14:38:28.060+0000] {dag.py:3036} INFO - Sync 1 DAGs
[2025-11-28T14:38:28.094+0000] {logging_mixin.py:188} INFO - [2025-11-28T14:38:28.094+0000] {dag.py:3823} INFO - Setting next_dagrun for example_nested_branch_dag to 2025-11-27 00:00:00+00:00, run_after=2025-11-28 00:00:00+00:00
[2025-11-28T14:38:28.123+0000] {processor.py:183} INFO - Processing /home/airflow/.local/lib/python3.8/site-packages/airflow/example_dags/example_nested_branch_dag.py took 0.123 seconds
[2025-11-28T14:38:58.550+0000] {processor.py:161} INFO - Started process (PID=934) to work on /home/airflow/.local/lib/python3.8/site-packages/airflow/example_dags/example_nested_branch_dag.py
[2025-11-28T14:38:58.551+0000] {processor.py:830} INFO - Processing file /home/airflow/.local/lib/python3.8/site-packages/airflow/example_dags/example_nested_branch_dag.py for tasks to queue
[2025-11-28T14:38:58.554+0000] {logging_mixin.py:188} INFO - [2025-11-28T14:38:58.554+0000] {dagbag.py:538} INFO - Filling up the DagBag from /home/airflow/.local/lib/python3.8/site-packages/airflow/example_dags/example_nested_branch_dag.py
[2025-11-28T14:38:58.571+0000] {processor.py:840} INFO - DAG(s) 'example_nested_branch_dag' retrieved from /home/airflow/.local/lib/python3.8/site-packages/airflow/example_dags/example_nested_branch_dag.py
[2025-11-28T14:38:58.604+0000] {logging_mixin.py:188} INFO - [2025-11-28T14:38:58.604+0000] {dag.py:3036} INFO - Sync 1 DAGs
[2025-11-28T14:38:58.645+0000] {logging_mixin.py:188} INFO - [2025-11-28T14:38:58.644+0000] {dag.py:3823} INFO - Setting next_dagrun for example_nested_branch_dag to 2025-11-27 00:00:00+00:00, run_after=2025-11-28 00:00:00+00:00
[2025-11-28T14:38:58.671+0000] {processor.py:183} INFO - Processing /home/airflow/.local/lib/python3.8/site-packages/airflow/example_dags/example_nested_branch_dag.py took 0.126 seconds
[2025-11-28T14:39:28.981+0000] {processor.py:161} INFO - Started process (PID=999) to work on /home/airflow/.local/lib/python3.8/site-packages/airflow/example_dags/example_nested_branch_dag.py
[2025-11-28T14:39:28.983+0000] {processor.py:830} INFO - Processing file /home/airflow/.local/lib/python3.8/site-packages/airflow/example_dags/example_nested_branch_dag.py for tasks to queue
[2025-11-28T14:39:28.987+0000] {logging_mixin.py:188} INFO - [2025-11-28T14:39:28.987+0000] {dagbag.py:538} INFO - Filling up the DagBag from /home/airflow/.local/lib/python3.8/site-packages/airflow/example_dags/example_nested_branch_dag.py
[2025-11-28T14:39:29.005+0000] {processor.py:840} INFO - DAG(s) 'example_nested_branch_dag' retrieved from /home/airflow/.local/lib/python3.8/site-packages/airflow/example_dags/example_nested_branch_dag.py
[2025-11-28T14:39:29.036+0000] {logging_mixin.py:188} INFO - [2025-11-28T14:39:29.035+0000] {dag.py:3036} INFO - Sync 1 DAGs
[2025-11-28T14:39:29.067+0000] {logging_mixin.py:188} INFO - [2025-11-28T14:39:29.066+0000] {dag.py:3823} INFO - Setting next_dagrun for example_nested_branch_dag to 2025-11-27 00:00:00+00:00, run_after=2025-11-28 00:00:00+00:00
[2025-11-28T14:39:29.093+0000] {processor.py:183} INFO - Processing /home/airflow/.local/lib/python3.8/site-packages/airflow/example_dags/example_nested_branch_dag.py took 0.119 seconds
