[2025-11-28T14:35:20.434+0000] {processor.py:161} INFO - Started process (PID=500) to work on /home/airflow/.local/lib/python3.8/site-packages/airflow/example_dags/example_dynamic_task_mapping_with_no_taskflow_operators.py
[2025-11-28T14:35:20.435+0000] {processor.py:830} INFO - Processing file /home/airflow/.local/lib/python3.8/site-packages/airflow/example_dags/example_dynamic_task_mapping_with_no_taskflow_operators.py for tasks to queue
[2025-11-28T14:35:20.438+0000] {logging_mixin.py:188} INFO - [2025-11-28T14:35:20.437+0000] {dagbag.py:538} INFO - Filling up the DagBag from /home/airflow/.local/lib/python3.8/site-packages/airflow/example_dags/example_dynamic_task_mapping_with_no_taskflow_operators.py
[2025-11-28T14:35:20.450+0000] {processor.py:840} INFO - DAG(s) 'example_dynamic_task_mapping_with_no_taskflow_operators' retrieved from /home/airflow/.local/lib/python3.8/site-packages/airflow/example_dags/example_dynamic_task_mapping_with_no_taskflow_operators.py
[2025-11-28T14:35:20.601+0000] {logging_mixin.py:188} INFO - [2025-11-28T14:35:20.600+0000] {override.py:1769} INFO - Created Permission View: can read on DAG:example_dynamic_task_mapping_with_no_taskflow_operators
[2025-11-28T14:35:20.615+0000] {logging_mixin.py:188} INFO - [2025-11-28T14:35:20.614+0000] {override.py:1769} INFO - Created Permission View: can delete on DAG:example_dynamic_task_mapping_with_no_taskflow_operators
[2025-11-28T14:35:20.649+0000] {logging_mixin.py:188} INFO - [2025-11-28T14:35:20.648+0000] {override.py:1769} INFO - Created Permission View: can edit on DAG:example_dynamic_task_mapping_with_no_taskflow_operators
[2025-11-28T14:35:20.649+0000] {logging_mixin.py:188} INFO - [2025-11-28T14:35:20.649+0000] {dag.py:3036} INFO - Sync 1 DAGs
[2025-11-28T14:35:20.665+0000] {logging_mixin.py:188} INFO - [2025-11-28T14:35:20.664+0000] {dag.py:3058} INFO - Creating ORM DAG for example_dynamic_task_mapping_with_no_taskflow_operators
[2025-11-28T14:35:20.678+0000] {logging_mixin.py:188} INFO - [2025-11-28T14:35:20.677+0000] {dag.py:3823} INFO - Setting next_dagrun for example_dynamic_task_mapping_with_no_taskflow_operators to 2025-11-27 00:00:00+00:00, run_after=2025-11-28 00:00:00+00:00
[2025-11-28T14:35:20.696+0000] {processor.py:183} INFO - Processing /home/airflow/.local/lib/python3.8/site-packages/airflow/example_dags/example_dynamic_task_mapping_with_no_taskflow_operators.py took 0.268 seconds
[2025-11-28T14:35:51.273+0000] {processor.py:161} INFO - Started process (PID=558) to work on /home/airflow/.local/lib/python3.8/site-packages/airflow/example_dags/example_dynamic_task_mapping_with_no_taskflow_operators.py
[2025-11-28T14:35:51.274+0000] {processor.py:830} INFO - Processing file /home/airflow/.local/lib/python3.8/site-packages/airflow/example_dags/example_dynamic_task_mapping_with_no_taskflow_operators.py for tasks to queue
[2025-11-28T14:35:51.277+0000] {logging_mixin.py:188} INFO - [2025-11-28T14:35:51.276+0000] {dagbag.py:538} INFO - Filling up the DagBag from /home/airflow/.local/lib/python3.8/site-packages/airflow/example_dags/example_dynamic_task_mapping_with_no_taskflow_operators.py
[2025-11-28T14:35:51.288+0000] {processor.py:840} INFO - DAG(s) 'example_dynamic_task_mapping_with_no_taskflow_operators' retrieved from /home/airflow/.local/lib/python3.8/site-packages/airflow/example_dags/example_dynamic_task_mapping_with_no_taskflow_operators.py
[2025-11-28T14:35:51.320+0000] {logging_mixin.py:188} INFO - [2025-11-28T14:35:51.319+0000] {dag.py:3036} INFO - Sync 1 DAGs
[2025-11-28T14:35:51.352+0000] {logging_mixin.py:188} INFO - [2025-11-28T14:35:51.351+0000] {dag.py:3823} INFO - Setting next_dagrun for example_dynamic_task_mapping_with_no_taskflow_operators to 2025-11-27 00:00:00+00:00, run_after=2025-11-28 00:00:00+00:00
[2025-11-28T14:35:51.380+0000] {processor.py:183} INFO - Processing /home/airflow/.local/lib/python3.8/site-packages/airflow/example_dags/example_dynamic_task_mapping_with_no_taskflow_operators.py took 0.114 seconds
[2025-11-28T14:36:21.553+0000] {processor.py:161} INFO - Started process (PID=616) to work on /home/airflow/.local/lib/python3.8/site-packages/airflow/example_dags/example_dynamic_task_mapping_with_no_taskflow_operators.py
[2025-11-28T14:36:21.554+0000] {processor.py:830} INFO - Processing file /home/airflow/.local/lib/python3.8/site-packages/airflow/example_dags/example_dynamic_task_mapping_with_no_taskflow_operators.py for tasks to queue
[2025-11-28T14:36:21.557+0000] {logging_mixin.py:188} INFO - [2025-11-28T14:36:21.557+0000] {dagbag.py:538} INFO - Filling up the DagBag from /home/airflow/.local/lib/python3.8/site-packages/airflow/example_dags/example_dynamic_task_mapping_with_no_taskflow_operators.py
[2025-11-28T14:36:21.567+0000] {processor.py:840} INFO - DAG(s) 'example_dynamic_task_mapping_with_no_taskflow_operators' retrieved from /home/airflow/.local/lib/python3.8/site-packages/airflow/example_dags/example_dynamic_task_mapping_with_no_taskflow_operators.py
[2025-11-28T14:36:21.597+0000] {logging_mixin.py:188} INFO - [2025-11-28T14:36:21.597+0000] {dag.py:3036} INFO - Sync 1 DAGs
[2025-11-28T14:36:21.626+0000] {logging_mixin.py:188} INFO - [2025-11-28T14:36:21.626+0000] {dag.py:3823} INFO - Setting next_dagrun for example_dynamic_task_mapping_with_no_taskflow_operators to 2025-11-27 00:00:00+00:00, run_after=2025-11-28 00:00:00+00:00
[2025-11-28T14:36:21.651+0000] {processor.py:183} INFO - Processing /home/airflow/.local/lib/python3.8/site-packages/airflow/example_dags/example_dynamic_task_mapping_with_no_taskflow_operators.py took 0.105 seconds
[2025-11-28T14:36:52.075+0000] {processor.py:161} INFO - Started process (PID=674) to work on /home/airflow/.local/lib/python3.8/site-packages/airflow/example_dags/example_dynamic_task_mapping_with_no_taskflow_operators.py
[2025-11-28T14:36:52.078+0000] {processor.py:830} INFO - Processing file /home/airflow/.local/lib/python3.8/site-packages/airflow/example_dags/example_dynamic_task_mapping_with_no_taskflow_operators.py for tasks to queue
[2025-11-28T14:36:52.081+0000] {logging_mixin.py:188} INFO - [2025-11-28T14:36:52.080+0000] {dagbag.py:538} INFO - Filling up the DagBag from /home/airflow/.local/lib/python3.8/site-packages/airflow/example_dags/example_dynamic_task_mapping_with_no_taskflow_operators.py
[2025-11-28T14:36:52.092+0000] {processor.py:840} INFO - DAG(s) 'example_dynamic_task_mapping_with_no_taskflow_operators' retrieved from /home/airflow/.local/lib/python3.8/site-packages/airflow/example_dags/example_dynamic_task_mapping_with_no_taskflow_operators.py
[2025-11-28T14:36:52.125+0000] {logging_mixin.py:188} INFO - [2025-11-28T14:36:52.124+0000] {dag.py:3036} INFO - Sync 1 DAGs
[2025-11-28T14:36:52.157+0000] {logging_mixin.py:188} INFO - [2025-11-28T14:36:52.157+0000] {dag.py:3823} INFO - Setting next_dagrun for example_dynamic_task_mapping_with_no_taskflow_operators to 2025-11-27 00:00:00+00:00, run_after=2025-11-28 00:00:00+00:00
[2025-11-28T14:36:52.186+0000] {processor.py:183} INFO - Processing /home/airflow/.local/lib/python3.8/site-packages/airflow/example_dags/example_dynamic_task_mapping_with_no_taskflow_operators.py took 0.117 seconds
[2025-11-28T14:37:22.550+0000] {processor.py:161} INFO - Started process (PID=732) to work on /home/airflow/.local/lib/python3.8/site-packages/airflow/example_dags/example_dynamic_task_mapping_with_no_taskflow_operators.py
[2025-11-28T14:37:22.552+0000] {processor.py:830} INFO - Processing file /home/airflow/.local/lib/python3.8/site-packages/airflow/example_dags/example_dynamic_task_mapping_with_no_taskflow_operators.py for tasks to queue
[2025-11-28T14:37:22.555+0000] {logging_mixin.py:188} INFO - [2025-11-28T14:37:22.555+0000] {dagbag.py:538} INFO - Filling up the DagBag from /home/airflow/.local/lib/python3.8/site-packages/airflow/example_dags/example_dynamic_task_mapping_with_no_taskflow_operators.py
[2025-11-28T14:37:22.566+0000] {processor.py:840} INFO - DAG(s) 'example_dynamic_task_mapping_with_no_taskflow_operators' retrieved from /home/airflow/.local/lib/python3.8/site-packages/airflow/example_dags/example_dynamic_task_mapping_with_no_taskflow_operators.py
[2025-11-28T14:37:22.603+0000] {logging_mixin.py:188} INFO - [2025-11-28T14:37:22.603+0000] {dag.py:3036} INFO - Sync 1 DAGs
[2025-11-28T14:37:22.637+0000] {logging_mixin.py:188} INFO - [2025-11-28T14:37:22.637+0000] {dag.py:3823} INFO - Setting next_dagrun for example_dynamic_task_mapping_with_no_taskflow_operators to 2025-11-27 00:00:00+00:00, run_after=2025-11-28 00:00:00+00:00
[2025-11-28T14:37:22.668+0000] {processor.py:183} INFO - Processing /home/airflow/.local/lib/python3.8/site-packages/airflow/example_dags/example_dynamic_task_mapping_with_no_taskflow_operators.py took 0.124 seconds
[2025-11-28T14:37:53.313+0000] {processor.py:161} INFO - Started process (PID=790) to work on /home/airflow/.local/lib/python3.8/site-packages/airflow/example_dags/example_dynamic_task_mapping_with_no_taskflow_operators.py
[2025-11-28T14:37:53.315+0000] {processor.py:830} INFO - Processing file /home/airflow/.local/lib/python3.8/site-packages/airflow/example_dags/example_dynamic_task_mapping_with_no_taskflow_operators.py for tasks to queue
[2025-11-28T14:37:53.318+0000] {logging_mixin.py:188} INFO - [2025-11-28T14:37:53.318+0000] {dagbag.py:538} INFO - Filling up the DagBag from /home/airflow/.local/lib/python3.8/site-packages/airflow/example_dags/example_dynamic_task_mapping_with_no_taskflow_operators.py
[2025-11-28T14:37:53.328+0000] {processor.py:840} INFO - DAG(s) 'example_dynamic_task_mapping_with_no_taskflow_operators' retrieved from /home/airflow/.local/lib/python3.8/site-packages/airflow/example_dags/example_dynamic_task_mapping_with_no_taskflow_operators.py
[2025-11-28T14:37:53.371+0000] {logging_mixin.py:188} INFO - [2025-11-28T14:37:53.371+0000] {dag.py:3036} INFO - Sync 1 DAGs
[2025-11-28T14:37:53.401+0000] {logging_mixin.py:188} INFO - [2025-11-28T14:37:53.400+0000] {dag.py:3823} INFO - Setting next_dagrun for example_dynamic_task_mapping_with_no_taskflow_operators to 2025-11-27 00:00:00+00:00, run_after=2025-11-28 00:00:00+00:00
[2025-11-28T14:37:53.429+0000] {processor.py:183} INFO - Processing /home/airflow/.local/lib/python3.8/site-packages/airflow/example_dags/example_dynamic_task_mapping_with_no_taskflow_operators.py took 0.122 seconds
[2025-11-28T14:38:23.607+0000] {processor.py:161} INFO - Started process (PID=848) to work on /home/airflow/.local/lib/python3.8/site-packages/airflow/example_dags/example_dynamic_task_mapping_with_no_taskflow_operators.py
[2025-11-28T14:38:23.608+0000] {processor.py:830} INFO - Processing file /home/airflow/.local/lib/python3.8/site-packages/airflow/example_dags/example_dynamic_task_mapping_with_no_taskflow_operators.py for tasks to queue
[2025-11-28T14:38:23.612+0000] {logging_mixin.py:188} INFO - [2025-11-28T14:38:23.611+0000] {dagbag.py:538} INFO - Filling up the DagBag from /home/airflow/.local/lib/python3.8/site-packages/airflow/example_dags/example_dynamic_task_mapping_with_no_taskflow_operators.py
[2025-11-28T14:38:23.622+0000] {processor.py:840} INFO - DAG(s) 'example_dynamic_task_mapping_with_no_taskflow_operators' retrieved from /home/airflow/.local/lib/python3.8/site-packages/airflow/example_dags/example_dynamic_task_mapping_with_no_taskflow_operators.py
[2025-11-28T14:38:23.671+0000] {logging_mixin.py:188} INFO - [2025-11-28T14:38:23.670+0000] {dag.py:3036} INFO - Sync 1 DAGs
[2025-11-28T14:38:23.702+0000] {logging_mixin.py:188} INFO - [2025-11-28T14:38:23.702+0000] {dag.py:3823} INFO - Setting next_dagrun for example_dynamic_task_mapping_with_no_taskflow_operators to 2025-11-27 00:00:00+00:00, run_after=2025-11-28 00:00:00+00:00
[2025-11-28T14:38:23.729+0000] {processor.py:183} INFO - Processing /home/airflow/.local/lib/python3.8/site-packages/airflow/example_dags/example_dynamic_task_mapping_with_no_taskflow_operators.py took 0.128 seconds
[2025-11-28T14:38:54.320+0000] {processor.py:161} INFO - Started process (PID=906) to work on /home/airflow/.local/lib/python3.8/site-packages/airflow/example_dags/example_dynamic_task_mapping_with_no_taskflow_operators.py
[2025-11-28T14:38:54.322+0000] {processor.py:830} INFO - Processing file /home/airflow/.local/lib/python3.8/site-packages/airflow/example_dags/example_dynamic_task_mapping_with_no_taskflow_operators.py for tasks to queue
[2025-11-28T14:38:54.326+0000] {logging_mixin.py:188} INFO - [2025-11-28T14:38:54.325+0000] {dagbag.py:538} INFO - Filling up the DagBag from /home/airflow/.local/lib/python3.8/site-packages/airflow/example_dags/example_dynamic_task_mapping_with_no_taskflow_operators.py
[2025-11-28T14:38:54.337+0000] {processor.py:840} INFO - DAG(s) 'example_dynamic_task_mapping_with_no_taskflow_operators' retrieved from /home/airflow/.local/lib/python3.8/site-packages/airflow/example_dags/example_dynamic_task_mapping_with_no_taskflow_operators.py
[2025-11-28T14:38:54.368+0000] {logging_mixin.py:188} INFO - [2025-11-28T14:38:54.368+0000] {dag.py:3036} INFO - Sync 1 DAGs
[2025-11-28T14:38:54.398+0000] {logging_mixin.py:188} INFO - [2025-11-28T14:38:54.398+0000] {dag.py:3823} INFO - Setting next_dagrun for example_dynamic_task_mapping_with_no_taskflow_operators to 2025-11-27 00:00:00+00:00, run_after=2025-11-28 00:00:00+00:00
[2025-11-28T14:38:54.426+0000] {processor.py:183} INFO - Processing /home/airflow/.local/lib/python3.8/site-packages/airflow/example_dags/example_dynamic_task_mapping_with_no_taskflow_operators.py took 0.113 seconds
[2025-11-28T14:39:24.645+0000] {processor.py:161} INFO - Started process (PID=965) to work on /home/airflow/.local/lib/python3.8/site-packages/airflow/example_dags/example_dynamic_task_mapping_with_no_taskflow_operators.py
[2025-11-28T14:39:24.648+0000] {processor.py:830} INFO - Processing file /home/airflow/.local/lib/python3.8/site-packages/airflow/example_dags/example_dynamic_task_mapping_with_no_taskflow_operators.py for tasks to queue
[2025-11-28T14:39:24.651+0000] {logging_mixin.py:188} INFO - [2025-11-28T14:39:24.650+0000] {dagbag.py:538} INFO - Filling up the DagBag from /home/airflow/.local/lib/python3.8/site-packages/airflow/example_dags/example_dynamic_task_mapping_with_no_taskflow_operators.py
[2025-11-28T14:39:24.663+0000] {processor.py:840} INFO - DAG(s) 'example_dynamic_task_mapping_with_no_taskflow_operators' retrieved from /home/airflow/.local/lib/python3.8/site-packages/airflow/example_dags/example_dynamic_task_mapping_with_no_taskflow_operators.py
[2025-11-28T14:39:24.697+0000] {logging_mixin.py:188} INFO - [2025-11-28T14:39:24.696+0000] {dag.py:3036} INFO - Sync 1 DAGs
[2025-11-28T14:39:24.727+0000] {logging_mixin.py:188} INFO - [2025-11-28T14:39:24.727+0000] {dag.py:3823} INFO - Setting next_dagrun for example_dynamic_task_mapping_with_no_taskflow_operators to 2025-11-27 00:00:00+00:00, run_after=2025-11-28 00:00:00+00:00
[2025-11-28T14:39:24.755+0000] {processor.py:183} INFO - Processing /home/airflow/.local/lib/python3.8/site-packages/airflow/example_dags/example_dynamic_task_mapping_with_no_taskflow_operators.py took 0.117 seconds
