[2025-11-28T14:35:22.972+0000] {processor.py:161} INFO - Started process (PID=516) to work on /home/airflow/.local/lib/python3.8/site-packages/airflow/example_dags/example_python_decorator.py
[2025-11-28T14:35:22.974+0000] {processor.py:830} INFO - Processing file /home/airflow/.local/lib/python3.8/site-packages/airflow/example_dags/example_python_decorator.py for tasks to queue
[2025-11-28T14:35:22.977+0000] {logging_mixin.py:188} INFO - [2025-11-28T14:35:22.976+0000] {dagbag.py:538} INFO - Filling up the DagBag from /home/airflow/.local/lib/python3.8/site-packages/airflow/example_dags/example_python_decorator.py
[2025-11-28T14:35:23.000+0000] {processor.py:840} INFO - DAG(s) 'example_python_decorator' retrieved from /home/airflow/.local/lib/python3.8/site-packages/airflow/example_dags/example_python_decorator.py
[2025-11-28T14:35:23.155+0000] {logging_mixin.py:188} INFO - [2025-11-28T14:35:23.154+0000] {override.py:1769} INFO - Created Permission View: can read on DAG:example_python_decorator
[2025-11-28T14:35:23.172+0000] {logging_mixin.py:188} INFO - [2025-11-28T14:35:23.171+0000] {override.py:1769} INFO - Created Permission View: can delete on DAG:example_python_decorator
[2025-11-28T14:35:23.181+0000] {logging_mixin.py:188} INFO - [2025-11-28T14:35:23.181+0000] {override.py:1769} INFO - Created Permission View: can edit on DAG:example_python_decorator
[2025-11-28T14:35:23.182+0000] {logging_mixin.py:188} INFO - [2025-11-28T14:35:23.182+0000] {dag.py:3036} INFO - Sync 1 DAGs
[2025-11-28T14:35:23.196+0000] {logging_mixin.py:188} INFO - [2025-11-28T14:35:23.196+0000] {dag.py:3058} INFO - Creating ORM DAG for example_python_decorator
[2025-11-28T14:35:23.197+0000] {logging_mixin.py:188} INFO - [2025-11-28T14:35:23.197+0000] {dag.py:3823} INFO - Setting next_dagrun for example_python_decorator to None, run_after=None
[2025-11-28T14:35:23.221+0000] {processor.py:183} INFO - Processing /home/airflow/.local/lib/python3.8/site-packages/airflow/example_dags/example_python_decorator.py took 0.255 seconds
[2025-11-28T14:35:53.652+0000] {processor.py:161} INFO - Started process (PID=574) to work on /home/airflow/.local/lib/python3.8/site-packages/airflow/example_dags/example_python_decorator.py
[2025-11-28T14:35:53.653+0000] {processor.py:830} INFO - Processing file /home/airflow/.local/lib/python3.8/site-packages/airflow/example_dags/example_python_decorator.py for tasks to queue
[2025-11-28T14:35:53.656+0000] {logging_mixin.py:188} INFO - [2025-11-28T14:35:53.656+0000] {dagbag.py:538} INFO - Filling up the DagBag from /home/airflow/.local/lib/python3.8/site-packages/airflow/example_dags/example_python_decorator.py
[2025-11-28T14:35:53.725+0000] {processor.py:840} INFO - DAG(s) 'example_python_decorator' retrieved from /home/airflow/.local/lib/python3.8/site-packages/airflow/example_dags/example_python_decorator.py
[2025-11-28T14:35:53.794+0000] {logging_mixin.py:188} INFO - [2025-11-28T14:35:53.793+0000] {dag.py:3036} INFO - Sync 1 DAGs
[2025-11-28T14:35:53.811+0000] {logging_mixin.py:188} INFO - [2025-11-28T14:35:53.811+0000] {dag.py:3823} INFO - Setting next_dagrun for example_python_decorator to None, run_after=None
[2025-11-28T14:35:53.868+0000] {processor.py:183} INFO - Processing /home/airflow/.local/lib/python3.8/site-packages/airflow/example_dags/example_python_decorator.py took 0.222 seconds
[2025-11-28T14:36:23.919+0000] {processor.py:161} INFO - Started process (PID=632) to work on /home/airflow/.local/lib/python3.8/site-packages/airflow/example_dags/example_python_decorator.py
[2025-11-28T14:36:23.921+0000] {processor.py:830} INFO - Processing file /home/airflow/.local/lib/python3.8/site-packages/airflow/example_dags/example_python_decorator.py for tasks to queue
[2025-11-28T14:36:23.924+0000] {logging_mixin.py:188} INFO - [2025-11-28T14:36:23.924+0000] {dagbag.py:538} INFO - Filling up the DagBag from /home/airflow/.local/lib/python3.8/site-packages/airflow/example_dags/example_python_decorator.py
[2025-11-28T14:36:23.946+0000] {processor.py:840} INFO - DAG(s) 'example_python_decorator' retrieved from /home/airflow/.local/lib/python3.8/site-packages/airflow/example_dags/example_python_decorator.py
[2025-11-28T14:36:23.983+0000] {logging_mixin.py:188} INFO - [2025-11-28T14:36:23.982+0000] {dag.py:3036} INFO - Sync 1 DAGs
[2025-11-28T14:36:24.001+0000] {logging_mixin.py:188} INFO - [2025-11-28T14:36:24.001+0000] {dag.py:3823} INFO - Setting next_dagrun for example_python_decorator to None, run_after=None
[2025-11-28T14:36:24.039+0000] {processor.py:183} INFO - Processing /home/airflow/.local/lib/python3.8/site-packages/airflow/example_dags/example_python_decorator.py took 0.126 seconds
[2025-11-28T14:36:54.481+0000] {processor.py:161} INFO - Started process (PID=690) to work on /home/airflow/.local/lib/python3.8/site-packages/airflow/example_dags/example_python_decorator.py
[2025-11-28T14:36:54.483+0000] {processor.py:830} INFO - Processing file /home/airflow/.local/lib/python3.8/site-packages/airflow/example_dags/example_python_decorator.py for tasks to queue
[2025-11-28T14:36:54.486+0000] {logging_mixin.py:188} INFO - [2025-11-28T14:36:54.485+0000] {dagbag.py:538} INFO - Filling up the DagBag from /home/airflow/.local/lib/python3.8/site-packages/airflow/example_dags/example_python_decorator.py
[2025-11-28T14:36:54.512+0000] {processor.py:840} INFO - DAG(s) 'example_python_decorator' retrieved from /home/airflow/.local/lib/python3.8/site-packages/airflow/example_dags/example_python_decorator.py
[2025-11-28T14:36:54.555+0000] {logging_mixin.py:188} INFO - [2025-11-28T14:36:54.554+0000] {dag.py:3036} INFO - Sync 1 DAGs
[2025-11-28T14:36:54.574+0000] {logging_mixin.py:188} INFO - [2025-11-28T14:36:54.574+0000] {dag.py:3823} INFO - Setting next_dagrun for example_python_decorator to None, run_after=None
[2025-11-28T14:36:54.602+0000] {processor.py:183} INFO - Processing /home/airflow/.local/lib/python3.8/site-packages/airflow/example_dags/example_python_decorator.py took 0.127 seconds
[2025-11-28T14:37:24.864+0000] {processor.py:161} INFO - Started process (PID=748) to work on /home/airflow/.local/lib/python3.8/site-packages/airflow/example_dags/example_python_decorator.py
[2025-11-28T14:37:24.866+0000] {processor.py:830} INFO - Processing file /home/airflow/.local/lib/python3.8/site-packages/airflow/example_dags/example_python_decorator.py for tasks to queue
[2025-11-28T14:37:24.869+0000] {logging_mixin.py:188} INFO - [2025-11-28T14:37:24.868+0000] {dagbag.py:538} INFO - Filling up the DagBag from /home/airflow/.local/lib/python3.8/site-packages/airflow/example_dags/example_python_decorator.py
[2025-11-28T14:37:24.891+0000] {processor.py:840} INFO - DAG(s) 'example_python_decorator' retrieved from /home/airflow/.local/lib/python3.8/site-packages/airflow/example_dags/example_python_decorator.py
[2025-11-28T14:37:24.929+0000] {logging_mixin.py:188} INFO - [2025-11-28T14:37:24.928+0000] {dag.py:3036} INFO - Sync 1 DAGs
[2025-11-28T14:37:24.948+0000] {logging_mixin.py:188} INFO - [2025-11-28T14:37:24.948+0000] {dag.py:3823} INFO - Setting next_dagrun for example_python_decorator to None, run_after=None
[2025-11-28T14:37:24.980+0000] {processor.py:183} INFO - Processing /home/airflow/.local/lib/python3.8/site-packages/airflow/example_dags/example_python_decorator.py took 0.124 seconds
[2025-11-28T14:37:55.847+0000] {processor.py:161} INFO - Started process (PID=806) to work on /home/airflow/.local/lib/python3.8/site-packages/airflow/example_dags/example_python_decorator.py
[2025-11-28T14:37:55.849+0000] {processor.py:830} INFO - Processing file /home/airflow/.local/lib/python3.8/site-packages/airflow/example_dags/example_python_decorator.py for tasks to queue
[2025-11-28T14:37:55.852+0000] {logging_mixin.py:188} INFO - [2025-11-28T14:37:55.852+0000] {dagbag.py:538} INFO - Filling up the DagBag from /home/airflow/.local/lib/python3.8/site-packages/airflow/example_dags/example_python_decorator.py
[2025-11-28T14:37:55.883+0000] {processor.py:840} INFO - DAG(s) 'example_python_decorator' retrieved from /home/airflow/.local/lib/python3.8/site-packages/airflow/example_dags/example_python_decorator.py
[2025-11-28T14:37:55.920+0000] {logging_mixin.py:188} INFO - [2025-11-28T14:37:55.920+0000] {dag.py:3036} INFO - Sync 1 DAGs
[2025-11-28T14:37:55.938+0000] {logging_mixin.py:188} INFO - [2025-11-28T14:37:55.938+0000] {dag.py:3823} INFO - Setting next_dagrun for example_python_decorator to None, run_after=None
[2025-11-28T14:37:55.966+0000] {processor.py:183} INFO - Processing /home/airflow/.local/lib/python3.8/site-packages/airflow/example_dags/example_python_decorator.py took 0.125 seconds
[2025-11-28T14:38:26.120+0000] {processor.py:161} INFO - Started process (PID=864) to work on /home/airflow/.local/lib/python3.8/site-packages/airflow/example_dags/example_python_decorator.py
[2025-11-28T14:38:26.122+0000] {processor.py:830} INFO - Processing file /home/airflow/.local/lib/python3.8/site-packages/airflow/example_dags/example_python_decorator.py for tasks to queue
[2025-11-28T14:38:26.124+0000] {logging_mixin.py:188} INFO - [2025-11-28T14:38:26.124+0000] {dagbag.py:538} INFO - Filling up the DagBag from /home/airflow/.local/lib/python3.8/site-packages/airflow/example_dags/example_python_decorator.py
[2025-11-28T14:38:26.148+0000] {processor.py:840} INFO - DAG(s) 'example_python_decorator' retrieved from /home/airflow/.local/lib/python3.8/site-packages/airflow/example_dags/example_python_decorator.py
[2025-11-28T14:38:26.184+0000] {logging_mixin.py:188} INFO - [2025-11-28T14:38:26.184+0000] {dag.py:3036} INFO - Sync 1 DAGs
[2025-11-28T14:38:26.204+0000] {logging_mixin.py:188} INFO - [2025-11-28T14:38:26.203+0000] {dag.py:3823} INFO - Setting next_dagrun for example_python_decorator to None, run_after=None
[2025-11-28T14:38:26.231+0000] {processor.py:183} INFO - Processing /home/airflow/.local/lib/python3.8/site-packages/airflow/example_dags/example_python_decorator.py took 0.116 seconds
[2025-11-28T14:38:56.557+0000] {processor.py:161} INFO - Started process (PID=922) to work on /home/airflow/.local/lib/python3.8/site-packages/airflow/example_dags/example_python_decorator.py
[2025-11-28T14:38:56.559+0000] {processor.py:830} INFO - Processing file /home/airflow/.local/lib/python3.8/site-packages/airflow/example_dags/example_python_decorator.py for tasks to queue
[2025-11-28T14:38:56.562+0000] {logging_mixin.py:188} INFO - [2025-11-28T14:38:56.561+0000] {dagbag.py:538} INFO - Filling up the DagBag from /home/airflow/.local/lib/python3.8/site-packages/airflow/example_dags/example_python_decorator.py
[2025-11-28T14:38:56.584+0000] {processor.py:840} INFO - DAG(s) 'example_python_decorator' retrieved from /home/airflow/.local/lib/python3.8/site-packages/airflow/example_dags/example_python_decorator.py
[2025-11-28T14:38:56.617+0000] {logging_mixin.py:188} INFO - [2025-11-28T14:38:56.617+0000] {dag.py:3036} INFO - Sync 1 DAGs
[2025-11-28T14:38:56.634+0000] {logging_mixin.py:188} INFO - [2025-11-28T14:38:56.634+0000] {dag.py:3823} INFO - Setting next_dagrun for example_python_decorator to None, run_after=None
[2025-11-28T14:38:56.660+0000] {processor.py:183} INFO - Processing /home/airflow/.local/lib/python3.8/site-packages/airflow/example_dags/example_python_decorator.py took 0.109 seconds
[2025-11-28T14:39:27.022+0000] {processor.py:161} INFO - Started process (PID=981) to work on /home/airflow/.local/lib/python3.8/site-packages/airflow/example_dags/example_python_decorator.py
[2025-11-28T14:39:27.024+0000] {processor.py:830} INFO - Processing file /home/airflow/.local/lib/python3.8/site-packages/airflow/example_dags/example_python_decorator.py for tasks to queue
[2025-11-28T14:39:27.027+0000] {logging_mixin.py:188} INFO - [2025-11-28T14:39:27.026+0000] {dagbag.py:538} INFO - Filling up the DagBag from /home/airflow/.local/lib/python3.8/site-packages/airflow/example_dags/example_python_decorator.py
[2025-11-28T14:39:27.048+0000] {processor.py:840} INFO - DAG(s) 'example_python_decorator' retrieved from /home/airflow/.local/lib/python3.8/site-packages/airflow/example_dags/example_python_decorator.py
[2025-11-28T14:39:27.083+0000] {logging_mixin.py:188} INFO - [2025-11-28T14:39:27.082+0000] {dag.py:3036} INFO - Sync 1 DAGs
[2025-11-28T14:39:27.101+0000] {logging_mixin.py:188} INFO - [2025-11-28T14:39:27.101+0000] {dag.py:3823} INFO - Setting next_dagrun for example_python_decorator to None, run_after=None
[2025-11-28T14:39:27.126+0000] {processor.py:183} INFO - Processing /home/airflow/.local/lib/python3.8/site-packages/airflow/example_dags/example_python_decorator.py took 0.110 seconds
