[2025-11-28T14:35:22.687+0000] {processor.py:161} INFO - Started process (PID=515) to work on /home/airflow/.local/lib/python3.8/site-packages/airflow/example_dags/example_sensors.py
[2025-11-28T14:35:22.688+0000] {processor.py:830} INFO - Processing file /home/airflow/.local/lib/python3.8/site-packages/airflow/example_dags/example_sensors.py for tasks to queue
[2025-11-28T14:35:22.691+0000] {logging_mixin.py:188} INFO - [2025-11-28T14:35:22.691+0000] {dagbag.py:538} INFO - Filling up the DagBag from /home/airflow/.local/lib/python3.8/site-packages/airflow/example_dags/example_sensors.py
[2025-11-28T14:35:22.708+0000] {processor.py:840} INFO - DAG(s) 'example_sensors' retrieved from /home/airflow/.local/lib/python3.8/site-packages/airflow/example_dags/example_sensors.py
[2025-11-28T14:35:22.870+0000] {logging_mixin.py:188} INFO - [2025-11-28T14:35:22.869+0000] {override.py:1769} INFO - Created Permission View: can read on DAG:example_sensors
[2025-11-28T14:35:22.887+0000] {logging_mixin.py:188} INFO - [2025-11-28T14:35:22.887+0000] {override.py:1769} INFO - Created Permission View: can delete on DAG:example_sensors
[2025-11-28T14:35:22.897+0000] {logging_mixin.py:188} INFO - [2025-11-28T14:35:22.896+0000] {override.py:1769} INFO - Created Permission View: can edit on DAG:example_sensors
[2025-11-28T14:35:22.897+0000] {logging_mixin.py:188} INFO - [2025-11-28T14:35:22.897+0000] {dag.py:3036} INFO - Sync 1 DAGs
[2025-11-28T14:35:22.913+0000] {logging_mixin.py:188} INFO - [2025-11-28T14:35:22.913+0000] {dag.py:3058} INFO - Creating ORM DAG for example_sensors
[2025-11-28T14:35:22.914+0000] {logging_mixin.py:188} INFO - [2025-11-28T14:35:22.914+0000] {dag.py:3823} INFO - Setting next_dagrun for example_sensors to None, run_after=None
[2025-11-28T14:35:22.937+0000] {processor.py:183} INFO - Processing /home/airflow/.local/lib/python3.8/site-packages/airflow/example_dags/example_sensors.py took 0.257 seconds
[2025-11-28T14:35:53.507+0000] {processor.py:161} INFO - Started process (PID=573) to work on /home/airflow/.local/lib/python3.8/site-packages/airflow/example_dags/example_sensors.py
[2025-11-28T14:35:53.508+0000] {processor.py:830} INFO - Processing file /home/airflow/.local/lib/python3.8/site-packages/airflow/example_dags/example_sensors.py for tasks to queue
[2025-11-28T14:35:53.511+0000] {logging_mixin.py:188} INFO - [2025-11-28T14:35:53.511+0000] {dagbag.py:538} INFO - Filling up the DagBag from /home/airflow/.local/lib/python3.8/site-packages/airflow/example_dags/example_sensors.py
[2025-11-28T14:35:53.532+0000] {processor.py:840} INFO - DAG(s) 'example_sensors' retrieved from /home/airflow/.local/lib/python3.8/site-packages/airflow/example_dags/example_sensors.py
[2025-11-28T14:35:53.570+0000] {logging_mixin.py:188} INFO - [2025-11-28T14:35:53.570+0000] {dag.py:3036} INFO - Sync 1 DAGs
[2025-11-28T14:35:53.588+0000] {logging_mixin.py:188} INFO - [2025-11-28T14:35:53.587+0000] {dag.py:3823} INFO - Setting next_dagrun for example_sensors to None, run_after=None
[2025-11-28T14:35:53.613+0000] {processor.py:183} INFO - Processing /home/airflow/.local/lib/python3.8/site-packages/airflow/example_dags/example_sensors.py took 0.112 seconds
[2025-11-28T14:36:23.780+0000] {processor.py:161} INFO - Started process (PID=631) to work on /home/airflow/.local/lib/python3.8/site-packages/airflow/example_dags/example_sensors.py
[2025-11-28T14:36:23.782+0000] {processor.py:830} INFO - Processing file /home/airflow/.local/lib/python3.8/site-packages/airflow/example_dags/example_sensors.py for tasks to queue
[2025-11-28T14:36:23.785+0000] {logging_mixin.py:188} INFO - [2025-11-28T14:36:23.785+0000] {dagbag.py:538} INFO - Filling up the DagBag from /home/airflow/.local/lib/python3.8/site-packages/airflow/example_dags/example_sensors.py
[2025-11-28T14:36:23.801+0000] {processor.py:840} INFO - DAG(s) 'example_sensors' retrieved from /home/airflow/.local/lib/python3.8/site-packages/airflow/example_dags/example_sensors.py
[2025-11-28T14:36:23.841+0000] {logging_mixin.py:188} INFO - [2025-11-28T14:36:23.841+0000] {dag.py:3036} INFO - Sync 1 DAGs
[2025-11-28T14:36:23.860+0000] {logging_mixin.py:188} INFO - [2025-11-28T14:36:23.859+0000] {dag.py:3823} INFO - Setting next_dagrun for example_sensors to None, run_after=None
[2025-11-28T14:36:23.886+0000] {processor.py:183} INFO - Processing /home/airflow/.local/lib/python3.8/site-packages/airflow/example_dags/example_sensors.py took 0.112 seconds
[2025-11-28T14:36:54.331+0000] {processor.py:161} INFO - Started process (PID=689) to work on /home/airflow/.local/lib/python3.8/site-packages/airflow/example_dags/example_sensors.py
[2025-11-28T14:36:54.333+0000] {processor.py:830} INFO - Processing file /home/airflow/.local/lib/python3.8/site-packages/airflow/example_dags/example_sensors.py for tasks to queue
[2025-11-28T14:36:54.336+0000] {logging_mixin.py:188} INFO - [2025-11-28T14:36:54.335+0000] {dagbag.py:538} INFO - Filling up the DagBag from /home/airflow/.local/lib/python3.8/site-packages/airflow/example_dags/example_sensors.py
[2025-11-28T14:36:54.350+0000] {processor.py:840} INFO - DAG(s) 'example_sensors' retrieved from /home/airflow/.local/lib/python3.8/site-packages/airflow/example_dags/example_sensors.py
[2025-11-28T14:36:54.394+0000] {logging_mixin.py:188} INFO - [2025-11-28T14:36:54.394+0000] {dag.py:3036} INFO - Sync 1 DAGs
[2025-11-28T14:36:54.414+0000] {logging_mixin.py:188} INFO - [2025-11-28T14:36:54.414+0000] {dag.py:3823} INFO - Setting next_dagrun for example_sensors to None, run_after=None
[2025-11-28T14:36:54.452+0000] {processor.py:183} INFO - Processing /home/airflow/.local/lib/python3.8/site-packages/airflow/example_dags/example_sensors.py took 0.127 seconds
[2025-11-28T14:37:24.717+0000] {processor.py:161} INFO - Started process (PID=747) to work on /home/airflow/.local/lib/python3.8/site-packages/airflow/example_dags/example_sensors.py
[2025-11-28T14:37:24.718+0000] {processor.py:830} INFO - Processing file /home/airflow/.local/lib/python3.8/site-packages/airflow/example_dags/example_sensors.py for tasks to queue
[2025-11-28T14:37:24.721+0000] {logging_mixin.py:188} INFO - [2025-11-28T14:37:24.721+0000] {dagbag.py:538} INFO - Filling up the DagBag from /home/airflow/.local/lib/python3.8/site-packages/airflow/example_dags/example_sensors.py
[2025-11-28T14:37:24.737+0000] {processor.py:840} INFO - DAG(s) 'example_sensors' retrieved from /home/airflow/.local/lib/python3.8/site-packages/airflow/example_dags/example_sensors.py
[2025-11-28T14:37:24.780+0000] {logging_mixin.py:188} INFO - [2025-11-28T14:37:24.779+0000] {dag.py:3036} INFO - Sync 1 DAGs
[2025-11-28T14:37:24.799+0000] {logging_mixin.py:188} INFO - [2025-11-28T14:37:24.798+0000] {dag.py:3823} INFO - Setting next_dagrun for example_sensors to None, run_after=None
[2025-11-28T14:37:24.828+0000] {processor.py:183} INFO - Processing /home/airflow/.local/lib/python3.8/site-packages/airflow/example_dags/example_sensors.py took 0.119 seconds
[2025-11-28T14:37:55.697+0000] {processor.py:161} INFO - Started process (PID=805) to work on /home/airflow/.local/lib/python3.8/site-packages/airflow/example_dags/example_sensors.py
[2025-11-28T14:37:55.700+0000] {processor.py:830} INFO - Processing file /home/airflow/.local/lib/python3.8/site-packages/airflow/example_dags/example_sensors.py for tasks to queue
[2025-11-28T14:37:55.703+0000] {logging_mixin.py:188} INFO - [2025-11-28T14:37:55.702+0000] {dagbag.py:538} INFO - Filling up the DagBag from /home/airflow/.local/lib/python3.8/site-packages/airflow/example_dags/example_sensors.py
[2025-11-28T14:37:55.722+0000] {processor.py:840} INFO - DAG(s) 'example_sensors' retrieved from /home/airflow/.local/lib/python3.8/site-packages/airflow/example_dags/example_sensors.py
[2025-11-28T14:37:55.764+0000] {logging_mixin.py:188} INFO - [2025-11-28T14:37:55.764+0000] {dag.py:3036} INFO - Sync 1 DAGs
[2025-11-28T14:37:55.784+0000] {logging_mixin.py:188} INFO - [2025-11-28T14:37:55.782+0000] {dag.py:3823} INFO - Setting next_dagrun for example_sensors to None, run_after=None
[2025-11-28T14:37:55.812+0000] {processor.py:183} INFO - Processing /home/airflow/.local/lib/python3.8/site-packages/airflow/example_dags/example_sensors.py took 0.122 seconds
[2025-11-28T14:38:25.998+0000] {processor.py:161} INFO - Started process (PID=863) to work on /home/airflow/.local/lib/python3.8/site-packages/airflow/example_dags/example_sensors.py
[2025-11-28T14:38:25.999+0000] {processor.py:830} INFO - Processing file /home/airflow/.local/lib/python3.8/site-packages/airflow/example_dags/example_sensors.py for tasks to queue
[2025-11-28T14:38:26.002+0000] {logging_mixin.py:188} INFO - [2025-11-28T14:38:26.002+0000] {dagbag.py:538} INFO - Filling up the DagBag from /home/airflow/.local/lib/python3.8/site-packages/airflow/example_dags/example_sensors.py
[2025-11-28T14:38:26.017+0000] {processor.py:840} INFO - DAG(s) 'example_sensors' retrieved from /home/airflow/.local/lib/python3.8/site-packages/airflow/example_dags/example_sensors.py
[2025-11-28T14:38:26.056+0000] {logging_mixin.py:188} INFO - [2025-11-28T14:38:26.056+0000] {dag.py:3036} INFO - Sync 1 DAGs
[2025-11-28T14:38:26.075+0000] {logging_mixin.py:188} INFO - [2025-11-28T14:38:26.074+0000] {dag.py:3823} INFO - Setting next_dagrun for example_sensors to None, run_after=None
[2025-11-28T14:38:26.107+0000] {processor.py:183} INFO - Processing /home/airflow/.local/lib/python3.8/site-packages/airflow/example_dags/example_sensors.py took 0.119 seconds
[2025-11-28T14:38:56.417+0000] {processor.py:161} INFO - Started process (PID=921) to work on /home/airflow/.local/lib/python3.8/site-packages/airflow/example_dags/example_sensors.py
[2025-11-28T14:38:56.419+0000] {processor.py:830} INFO - Processing file /home/airflow/.local/lib/python3.8/site-packages/airflow/example_dags/example_sensors.py for tasks to queue
[2025-11-28T14:38:56.422+0000] {logging_mixin.py:188} INFO - [2025-11-28T14:38:56.422+0000] {dagbag.py:538} INFO - Filling up the DagBag from /home/airflow/.local/lib/python3.8/site-packages/airflow/example_dags/example_sensors.py
[2025-11-28T14:38:56.437+0000] {processor.py:840} INFO - DAG(s) 'example_sensors' retrieved from /home/airflow/.local/lib/python3.8/site-packages/airflow/example_dags/example_sensors.py
[2025-11-28T14:38:56.478+0000] {logging_mixin.py:188} INFO - [2025-11-28T14:38:56.478+0000] {dag.py:3036} INFO - Sync 1 DAGs
[2025-11-28T14:38:56.495+0000] {logging_mixin.py:188} INFO - [2025-11-28T14:38:56.495+0000] {dag.py:3823} INFO - Setting next_dagrun for example_sensors to None, run_after=None
[2025-11-28T14:38:56.520+0000] {processor.py:183} INFO - Processing /home/airflow/.local/lib/python3.8/site-packages/airflow/example_dags/example_sensors.py took 0.110 seconds
[2025-11-28T14:39:26.886+0000] {processor.py:161} INFO - Started process (PID=980) to work on /home/airflow/.local/lib/python3.8/site-packages/airflow/example_dags/example_sensors.py
[2025-11-28T14:39:26.888+0000] {processor.py:830} INFO - Processing file /home/airflow/.local/lib/python3.8/site-packages/airflow/example_dags/example_sensors.py for tasks to queue
[2025-11-28T14:39:26.891+0000] {logging_mixin.py:188} INFO - [2025-11-28T14:39:26.891+0000] {dagbag.py:538} INFO - Filling up the DagBag from /home/airflow/.local/lib/python3.8/site-packages/airflow/example_dags/example_sensors.py
[2025-11-28T14:39:26.906+0000] {processor.py:840} INFO - DAG(s) 'example_sensors' retrieved from /home/airflow/.local/lib/python3.8/site-packages/airflow/example_dags/example_sensors.py
[2025-11-28T14:39:26.947+0000] {logging_mixin.py:188} INFO - [2025-11-28T14:39:26.947+0000] {dag.py:3036} INFO - Sync 1 DAGs
[2025-11-28T14:39:26.964+0000] {logging_mixin.py:188} INFO - [2025-11-28T14:39:26.964+0000] {dag.py:3823} INFO - Setting next_dagrun for example_sensors to None, run_after=None
[2025-11-28T14:39:26.989+0000] {processor.py:183} INFO - Processing /home/airflow/.local/lib/python3.8/site-packages/airflow/example_dags/example_sensors.py took 0.109 seconds
