[2025-11-28T14:35:20.105+0000] {processor.py:161} INFO - Started process (PID=499) to work on /home/airflow/.local/lib/python3.8/site-packages/airflow/example_dags/example_branch_operator_decorator.py
[2025-11-28T14:35:20.107+0000] {processor.py:830} INFO - Processing file /home/airflow/.local/lib/python3.8/site-packages/airflow/example_dags/example_branch_operator_decorator.py for tasks to queue
[2025-11-28T14:35:20.110+0000] {logging_mixin.py:188} INFO - [2025-11-28T14:35:20.109+0000] {dagbag.py:538} INFO - Filling up the DagBag from /home/airflow/.local/lib/python3.8/site-packages/airflow/example_dags/example_branch_operator_decorator.py
[2025-11-28T14:35:20.148+0000] {processor.py:840} INFO - DAG(s) 'example_branch_python_operator_decorator' retrieved from /home/airflow/.local/lib/python3.8/site-packages/airflow/example_dags/example_branch_operator_decorator.py
[2025-11-28T14:35:20.342+0000] {logging_mixin.py:188} INFO - [2025-11-28T14:35:20.341+0000] {override.py:1769} INFO - Created Permission View: can read on DAG:example_branch_python_operator_decorator
[2025-11-28T14:35:20.357+0000] {logging_mixin.py:188} INFO - [2025-11-28T14:35:20.356+0000] {override.py:1769} INFO - Created Permission View: can delete on DAG:example_branch_python_operator_decorator
[2025-11-28T14:35:20.368+0000] {logging_mixin.py:188} INFO - [2025-11-28T14:35:20.368+0000] {override.py:1769} INFO - Created Permission View: can edit on DAG:example_branch_python_operator_decorator
[2025-11-28T14:35:20.369+0000] {logging_mixin.py:188} INFO - [2025-11-28T14:35:20.369+0000] {dag.py:3036} INFO - Sync 1 DAGs
[2025-11-28T14:35:20.385+0000] {logging_mixin.py:188} INFO - [2025-11-28T14:35:20.385+0000] {dag.py:3058} INFO - Creating ORM DAG for example_branch_python_operator_decorator
[2025-11-28T14:35:20.401+0000] {logging_mixin.py:188} INFO - [2025-11-28T14:35:20.400+0000] {dag.py:3823} INFO - Setting next_dagrun for example_branch_python_operator_decorator to 2025-11-27 00:00:00+00:00, run_after=2025-11-28 00:00:00+00:00
[2025-11-28T14:35:20.427+0000] {processor.py:183} INFO - Processing /home/airflow/.local/lib/python3.8/site-packages/airflow/example_dags/example_branch_operator_decorator.py took 0.328 seconds
[2025-11-28T14:35:51.203+0000] {processor.py:161} INFO - Started process (PID=557) to work on /home/airflow/.local/lib/python3.8/site-packages/airflow/example_dags/example_branch_operator_decorator.py
[2025-11-28T14:35:51.205+0000] {processor.py:830} INFO - Processing file /home/airflow/.local/lib/python3.8/site-packages/airflow/example_dags/example_branch_operator_decorator.py for tasks to queue
[2025-11-28T14:35:51.208+0000] {logging_mixin.py:188} INFO - [2025-11-28T14:35:51.207+0000] {dagbag.py:538} INFO - Filling up the DagBag from /home/airflow/.local/lib/python3.8/site-packages/airflow/example_dags/example_branch_operator_decorator.py
[2025-11-28T14:35:51.265+0000] {processor.py:840} INFO - DAG(s) 'example_branch_python_operator_decorator' retrieved from /home/airflow/.local/lib/python3.8/site-packages/airflow/example_dags/example_branch_operator_decorator.py
[2025-11-28T14:35:51.307+0000] {logging_mixin.py:188} INFO - [2025-11-28T14:35:51.306+0000] {dag.py:3036} INFO - Sync 1 DAGs
[2025-11-28T14:35:51.340+0000] {logging_mixin.py:188} INFO - [2025-11-28T14:35:51.339+0000] {dag.py:3823} INFO - Setting next_dagrun for example_branch_python_operator_decorator to 2025-11-27 00:00:00+00:00, run_after=2025-11-28 00:00:00+00:00
[2025-11-28T14:35:51.367+0000] {processor.py:183} INFO - Processing /home/airflow/.local/lib/python3.8/site-packages/airflow/example_dags/example_branch_operator_decorator.py took 0.170 seconds
[2025-11-28T14:36:21.493+0000] {processor.py:161} INFO - Started process (PID=615) to work on /home/airflow/.local/lib/python3.8/site-packages/airflow/example_dags/example_branch_operator_decorator.py
[2025-11-28T14:36:21.495+0000] {processor.py:830} INFO - Processing file /home/airflow/.local/lib/python3.8/site-packages/airflow/example_dags/example_branch_operator_decorator.py for tasks to queue
[2025-11-28T14:36:21.502+0000] {logging_mixin.py:188} INFO - [2025-11-28T14:36:21.501+0000] {dagbag.py:538} INFO - Filling up the DagBag from /home/airflow/.local/lib/python3.8/site-packages/airflow/example_dags/example_branch_operator_decorator.py
[2025-11-28T14:36:21.540+0000] {processor.py:840} INFO - DAG(s) 'example_branch_python_operator_decorator' retrieved from /home/airflow/.local/lib/python3.8/site-packages/airflow/example_dags/example_branch_operator_decorator.py
[2025-11-28T14:36:21.582+0000] {logging_mixin.py:188} INFO - [2025-11-28T14:36:21.582+0000] {dag.py:3036} INFO - Sync 1 DAGs
[2025-11-28T14:36:21.614+0000] {logging_mixin.py:188} INFO - [2025-11-28T14:36:21.613+0000] {dag.py:3823} INFO - Setting next_dagrun for example_branch_python_operator_decorator to 2025-11-27 00:00:00+00:00, run_after=2025-11-28 00:00:00+00:00
[2025-11-28T14:36:21.640+0000] {processor.py:183} INFO - Processing /home/airflow/.local/lib/python3.8/site-packages/airflow/example_dags/example_branch_operator_decorator.py took 0.153 seconds
[2025-11-28T14:36:52.028+0000] {processor.py:161} INFO - Started process (PID=673) to work on /home/airflow/.local/lib/python3.8/site-packages/airflow/example_dags/example_branch_operator_decorator.py
[2025-11-28T14:36:52.030+0000] {processor.py:830} INFO - Processing file /home/airflow/.local/lib/python3.8/site-packages/airflow/example_dags/example_branch_operator_decorator.py for tasks to queue
[2025-11-28T14:36:52.033+0000] {logging_mixin.py:188} INFO - [2025-11-28T14:36:52.032+0000] {dagbag.py:538} INFO - Filling up the DagBag from /home/airflow/.local/lib/python3.8/site-packages/airflow/example_dags/example_branch_operator_decorator.py
[2025-11-28T14:36:52.066+0000] {processor.py:840} INFO - DAG(s) 'example_branch_python_operator_decorator' retrieved from /home/airflow/.local/lib/python3.8/site-packages/airflow/example_dags/example_branch_operator_decorator.py
[2025-11-28T14:36:52.107+0000] {logging_mixin.py:188} INFO - [2025-11-28T14:36:52.106+0000] {dag.py:3036} INFO - Sync 1 DAGs
[2025-11-28T14:36:52.139+0000] {logging_mixin.py:188} INFO - [2025-11-28T14:36:52.139+0000] {dag.py:3823} INFO - Setting next_dagrun for example_branch_python_operator_decorator to 2025-11-27 00:00:00+00:00, run_after=2025-11-28 00:00:00+00:00
[2025-11-28T14:36:52.166+0000] {processor.py:183} INFO - Processing /home/airflow/.local/lib/python3.8/site-packages/airflow/example_dags/example_branch_operator_decorator.py took 0.144 seconds
[2025-11-28T14:37:22.369+0000] {processor.py:161} INFO - Started process (PID=731) to work on /home/airflow/.local/lib/python3.8/site-packages/airflow/example_dags/example_branch_operator_decorator.py
[2025-11-28T14:37:22.371+0000] {processor.py:830} INFO - Processing file /home/airflow/.local/lib/python3.8/site-packages/airflow/example_dags/example_branch_operator_decorator.py for tasks to queue
[2025-11-28T14:37:22.374+0000] {logging_mixin.py:188} INFO - [2025-11-28T14:37:22.373+0000] {dagbag.py:538} INFO - Filling up the DagBag from /home/airflow/.local/lib/python3.8/site-packages/airflow/example_dags/example_branch_operator_decorator.py
[2025-11-28T14:37:22.409+0000] {processor.py:840} INFO - DAG(s) 'example_branch_python_operator_decorator' retrieved from /home/airflow/.local/lib/python3.8/site-packages/airflow/example_dags/example_branch_operator_decorator.py
[2025-11-28T14:37:22.454+0000] {logging_mixin.py:188} INFO - [2025-11-28T14:37:22.453+0000] {dag.py:3036} INFO - Sync 1 DAGs
[2025-11-28T14:37:22.488+0000] {logging_mixin.py:188} INFO - [2025-11-28T14:37:22.488+0000] {dag.py:3823} INFO - Setting next_dagrun for example_branch_python_operator_decorator to 2025-11-27 00:00:00+00:00, run_after=2025-11-28 00:00:00+00:00
[2025-11-28T14:37:22.518+0000] {processor.py:183} INFO - Processing /home/airflow/.local/lib/python3.8/site-packages/airflow/example_dags/example_branch_operator_decorator.py took 0.154 seconds
[2025-11-28T14:37:53.258+0000] {processor.py:161} INFO - Started process (PID=789) to work on /home/airflow/.local/lib/python3.8/site-packages/airflow/example_dags/example_branch_operator_decorator.py
[2025-11-28T14:37:53.262+0000] {processor.py:830} INFO - Processing file /home/airflow/.local/lib/python3.8/site-packages/airflow/example_dags/example_branch_operator_decorator.py for tasks to queue
[2025-11-28T14:37:53.265+0000] {logging_mixin.py:188} INFO - [2025-11-28T14:37:53.264+0000] {dagbag.py:538} INFO - Filling up the DagBag from /home/airflow/.local/lib/python3.8/site-packages/airflow/example_dags/example_branch_operator_decorator.py
[2025-11-28T14:37:53.300+0000] {processor.py:840} INFO - DAG(s) 'example_branch_python_operator_decorator' retrieved from /home/airflow/.local/lib/python3.8/site-packages/airflow/example_dags/example_branch_operator_decorator.py
[2025-11-28T14:37:53.345+0000] {logging_mixin.py:188} INFO - [2025-11-28T14:37:53.344+0000] {dag.py:3036} INFO - Sync 1 DAGs
[2025-11-28T14:37:53.378+0000] {logging_mixin.py:188} INFO - [2025-11-28T14:37:53.377+0000] {dag.py:3823} INFO - Setting next_dagrun for example_branch_python_operator_decorator to 2025-11-27 00:00:00+00:00, run_after=2025-11-28 00:00:00+00:00
[2025-11-28T14:37:53.410+0000] {processor.py:183} INFO - Processing /home/airflow/.local/lib/python3.8/site-packages/airflow/example_dags/example_branch_operator_decorator.py took 0.158 seconds
[2025-11-28T14:38:23.560+0000] {processor.py:161} INFO - Started process (PID=847) to work on /home/airflow/.local/lib/python3.8/site-packages/airflow/example_dags/example_branch_operator_decorator.py
[2025-11-28T14:38:23.561+0000] {processor.py:830} INFO - Processing file /home/airflow/.local/lib/python3.8/site-packages/airflow/example_dags/example_branch_operator_decorator.py for tasks to queue
[2025-11-28T14:38:23.564+0000] {logging_mixin.py:188} INFO - [2025-11-28T14:38:23.564+0000] {dagbag.py:538} INFO - Filling up the DagBag from /home/airflow/.local/lib/python3.8/site-packages/airflow/example_dags/example_branch_operator_decorator.py
[2025-11-28T14:38:23.605+0000] {processor.py:840} INFO - DAG(s) 'example_branch_python_operator_decorator' retrieved from /home/airflow/.local/lib/python3.8/site-packages/airflow/example_dags/example_branch_operator_decorator.py
[2025-11-28T14:38:23.663+0000] {logging_mixin.py:188} INFO - [2025-11-28T14:38:23.662+0000] {dag.py:3036} INFO - Sync 1 DAGs
[2025-11-28T14:38:23.698+0000] {logging_mixin.py:188} INFO - [2025-11-28T14:38:23.697+0000] {dag.py:3823} INFO - Setting next_dagrun for example_branch_python_operator_decorator to 2025-11-27 00:00:00+00:00, run_after=2025-11-28 00:00:00+00:00
[2025-11-28T14:38:23.725+0000] {processor.py:183} INFO - Processing /home/airflow/.local/lib/python3.8/site-packages/airflow/example_dags/example_branch_operator_decorator.py took 0.171 seconds
[2025-11-28T14:38:54.257+0000] {processor.py:161} INFO - Started process (PID=905) to work on /home/airflow/.local/lib/python3.8/site-packages/airflow/example_dags/example_branch_operator_decorator.py
[2025-11-28T14:38:54.259+0000] {processor.py:830} INFO - Processing file /home/airflow/.local/lib/python3.8/site-packages/airflow/example_dags/example_branch_operator_decorator.py for tasks to queue
[2025-11-28T14:38:54.262+0000] {logging_mixin.py:188} INFO - [2025-11-28T14:38:54.262+0000] {dagbag.py:538} INFO - Filling up the DagBag from /home/airflow/.local/lib/python3.8/site-packages/airflow/example_dags/example_branch_operator_decorator.py
[2025-11-28T14:38:54.297+0000] {processor.py:840} INFO - DAG(s) 'example_branch_python_operator_decorator' retrieved from /home/airflow/.local/lib/python3.8/site-packages/airflow/example_dags/example_branch_operator_decorator.py
[2025-11-28T14:38:54.337+0000] {logging_mixin.py:188} INFO - [2025-11-28T14:38:54.336+0000] {dag.py:3036} INFO - Sync 1 DAGs
[2025-11-28T14:38:54.368+0000] {logging_mixin.py:188} INFO - [2025-11-28T14:38:54.367+0000] {dag.py:3823} INFO - Setting next_dagrun for example_branch_python_operator_decorator to 2025-11-27 00:00:00+00:00, run_after=2025-11-28 00:00:00+00:00
[2025-11-28T14:38:54.392+0000] {processor.py:183} INFO - Processing /home/airflow/.local/lib/python3.8/site-packages/airflow/example_dags/example_branch_operator_decorator.py took 0.141 seconds
[2025-11-28T14:39:24.460+0000] {processor.py:161} INFO - Started process (PID=964) to work on /home/airflow/.local/lib/python3.8/site-packages/airflow/example_dags/example_branch_operator_decorator.py
[2025-11-28T14:39:24.462+0000] {processor.py:830} INFO - Processing file /home/airflow/.local/lib/python3.8/site-packages/airflow/example_dags/example_branch_operator_decorator.py for tasks to queue
[2025-11-28T14:39:24.465+0000] {logging_mixin.py:188} INFO - [2025-11-28T14:39:24.465+0000] {dagbag.py:538} INFO - Filling up the DagBag from /home/airflow/.local/lib/python3.8/site-packages/airflow/example_dags/example_branch_operator_decorator.py
[2025-11-28T14:39:24.500+0000] {processor.py:840} INFO - DAG(s) 'example_branch_python_operator_decorator' retrieved from /home/airflow/.local/lib/python3.8/site-packages/airflow/example_dags/example_branch_operator_decorator.py
[2025-11-28T14:39:24.544+0000] {logging_mixin.py:188} INFO - [2025-11-28T14:39:24.544+0000] {dag.py:3036} INFO - Sync 1 DAGs
[2025-11-28T14:39:24.576+0000] {logging_mixin.py:188} INFO - [2025-11-28T14:39:24.575+0000] {dag.py:3823} INFO - Setting next_dagrun for example_branch_python_operator_decorator to 2025-11-27 00:00:00+00:00, run_after=2025-11-28 00:00:00+00:00
[2025-11-28T14:39:24.609+0000] {processor.py:183} INFO - Processing /home/airflow/.local/lib/python3.8/site-packages/airflow/example_dags/example_branch_operator_decorator.py took 0.154 seconds
