[2025-11-28T14:35:27.095+0000] {processor.py:161} INFO - Started process (PID=540) to work on /home/airflow/.local/lib/python3.8/site-packages/airflow/example_dags/example_branch_operator.py
[2025-11-28T14:35:27.097+0000] {processor.py:830} INFO - Processing file /home/airflow/.local/lib/python3.8/site-packages/airflow/example_dags/example_branch_operator.py for tasks to queue
[2025-11-28T14:35:27.100+0000] {logging_mixin.py:188} INFO - [2025-11-28T14:35:27.099+0000] {dagbag.py:538} INFO - Filling up the DagBag from /home/airflow/.local/lib/python3.8/site-packages/airflow/example_dags/example_branch_operator.py
[2025-11-28T14:35:27.133+0000] {processor.py:840} INFO - DAG(s) 'example_branch_operator' retrieved from /home/airflow/.local/lib/python3.8/site-packages/airflow/example_dags/example_branch_operator.py
[2025-11-28T14:35:27.318+0000] {logging_mixin.py:188} INFO - [2025-11-28T14:35:27.317+0000] {override.py:1769} INFO - Created Permission View: can read on DAG:example_branch_operator
[2025-11-28T14:35:27.331+0000] {logging_mixin.py:188} INFO - [2025-11-28T14:35:27.331+0000] {override.py:1769} INFO - Created Permission View: can delete on DAG:example_branch_operator
[2025-11-28T14:35:27.341+0000] {logging_mixin.py:188} INFO - [2025-11-28T14:35:27.340+0000] {override.py:1769} INFO - Created Permission View: can edit on DAG:example_branch_operator
[2025-11-28T14:35:27.341+0000] {logging_mixin.py:188} INFO - [2025-11-28T14:35:27.341+0000] {dag.py:3036} INFO - Sync 1 DAGs
[2025-11-28T14:35:27.356+0000] {logging_mixin.py:188} INFO - [2025-11-28T14:35:27.356+0000] {dag.py:3058} INFO - Creating ORM DAG for example_branch_operator
[2025-11-28T14:35:27.372+0000] {logging_mixin.py:188} INFO - [2025-11-28T14:35:27.371+0000] {dag.py:3823} INFO - Setting next_dagrun for example_branch_operator to 2025-11-27 00:00:00+00:00, run_after=2025-11-28 00:00:00+00:00
[2025-11-28T14:35:27.401+0000] {processor.py:183} INFO - Processing /home/airflow/.local/lib/python3.8/site-packages/airflow/example_dags/example_branch_operator.py took 0.314 seconds
[2025-11-28T14:35:57.855+0000] {processor.py:161} INFO - Started process (PID=598) to work on /home/airflow/.local/lib/python3.8/site-packages/airflow/example_dags/example_branch_operator.py
[2025-11-28T14:35:57.859+0000] {processor.py:830} INFO - Processing file /home/airflow/.local/lib/python3.8/site-packages/airflow/example_dags/example_branch_operator.py for tasks to queue
[2025-11-28T14:35:57.862+0000] {logging_mixin.py:188} INFO - [2025-11-28T14:35:57.861+0000] {dagbag.py:538} INFO - Filling up the DagBag from /home/airflow/.local/lib/python3.8/site-packages/airflow/example_dags/example_branch_operator.py
[2025-11-28T14:35:57.894+0000] {processor.py:840} INFO - DAG(s) 'example_branch_operator' retrieved from /home/airflow/.local/lib/python3.8/site-packages/airflow/example_dags/example_branch_operator.py
[2025-11-28T14:35:57.936+0000] {logging_mixin.py:188} INFO - [2025-11-28T14:35:57.936+0000] {dag.py:3036} INFO - Sync 1 DAGs
[2025-11-28T14:35:57.971+0000] {logging_mixin.py:188} INFO - [2025-11-28T14:35:57.971+0000] {dag.py:3823} INFO - Setting next_dagrun for example_branch_operator to 2025-11-27 00:00:00+00:00, run_after=2025-11-28 00:00:00+00:00
[2025-11-28T14:35:57.998+0000] {processor.py:183} INFO - Processing /home/airflow/.local/lib/python3.8/site-packages/airflow/example_dags/example_branch_operator.py took 0.152 seconds
[2025-11-28T14:36:28.344+0000] {processor.py:161} INFO - Started process (PID=662) to work on /home/airflow/.local/lib/python3.8/site-packages/airflow/example_dags/example_branch_operator.py
[2025-11-28T14:36:28.346+0000] {processor.py:830} INFO - Processing file /home/airflow/.local/lib/python3.8/site-packages/airflow/example_dags/example_branch_operator.py for tasks to queue
[2025-11-28T14:36:28.350+0000] {logging_mixin.py:188} INFO - [2025-11-28T14:36:28.349+0000] {dagbag.py:538} INFO - Filling up the DagBag from /home/airflow/.local/lib/python3.8/site-packages/airflow/example_dags/example_branch_operator.py
[2025-11-28T14:36:28.386+0000] {processor.py:840} INFO - DAG(s) 'example_branch_operator' retrieved from /home/airflow/.local/lib/python3.8/site-packages/airflow/example_dags/example_branch_operator.py
[2025-11-28T14:36:28.436+0000] {logging_mixin.py:188} INFO - [2025-11-28T14:36:28.435+0000] {dag.py:3036} INFO - Sync 1 DAGs
[2025-11-28T14:36:28.474+0000] {logging_mixin.py:188} INFO - [2025-11-28T14:36:28.473+0000] {dag.py:3823} INFO - Setting next_dagrun for example_branch_operator to 2025-11-27 00:00:00+00:00, run_after=2025-11-28 00:00:00+00:00
[2025-11-28T14:36:28.503+0000] {processor.py:183} INFO - Processing /home/airflow/.local/lib/python3.8/site-packages/airflow/example_dags/example_branch_operator.py took 0.164 seconds
[2025-11-28T14:36:59.303+0000] {processor.py:161} INFO - Started process (PID=720) to work on /home/airflow/.local/lib/python3.8/site-packages/airflow/example_dags/example_branch_operator.py
[2025-11-28T14:36:59.305+0000] {processor.py:830} INFO - Processing file /home/airflow/.local/lib/python3.8/site-packages/airflow/example_dags/example_branch_operator.py for tasks to queue
[2025-11-28T14:36:59.308+0000] {logging_mixin.py:188} INFO - [2025-11-28T14:36:59.308+0000] {dagbag.py:538} INFO - Filling up the DagBag from /home/airflow/.local/lib/python3.8/site-packages/airflow/example_dags/example_branch_operator.py
[2025-11-28T14:36:59.334+0000] {processor.py:840} INFO - DAG(s) 'example_branch_operator' retrieved from /home/airflow/.local/lib/python3.8/site-packages/airflow/example_dags/example_branch_operator.py
[2025-11-28T14:36:59.378+0000] {logging_mixin.py:188} INFO - [2025-11-28T14:36:59.378+0000] {dag.py:3036} INFO - Sync 1 DAGs
[2025-11-28T14:36:59.409+0000] {logging_mixin.py:188} INFO - [2025-11-28T14:36:59.409+0000] {dag.py:3823} INFO - Setting next_dagrun for example_branch_operator to 2025-11-27 00:00:00+00:00, run_after=2025-11-28 00:00:00+00:00
[2025-11-28T14:36:59.437+0000] {processor.py:183} INFO - Processing /home/airflow/.local/lib/python3.8/site-packages/airflow/example_dags/example_branch_operator.py took 0.142 seconds
[2025-11-28T14:37:29.612+0000] {processor.py:161} INFO - Started process (PID=777) to work on /home/airflow/.local/lib/python3.8/site-packages/airflow/example_dags/example_branch_operator.py
[2025-11-28T14:37:29.614+0000] {processor.py:830} INFO - Processing file /home/airflow/.local/lib/python3.8/site-packages/airflow/example_dags/example_branch_operator.py for tasks to queue
[2025-11-28T14:37:29.618+0000] {logging_mixin.py:188} INFO - [2025-11-28T14:37:29.617+0000] {dagbag.py:538} INFO - Filling up the DagBag from /home/airflow/.local/lib/python3.8/site-packages/airflow/example_dags/example_branch_operator.py
[2025-11-28T14:37:29.648+0000] {processor.py:840} INFO - DAG(s) 'example_branch_operator' retrieved from /home/airflow/.local/lib/python3.8/site-packages/airflow/example_dags/example_branch_operator.py
[2025-11-28T14:37:29.691+0000] {logging_mixin.py:188} INFO - [2025-11-28T14:37:29.691+0000] {dag.py:3036} INFO - Sync 1 DAGs
[2025-11-28T14:37:29.723+0000] {logging_mixin.py:188} INFO - [2025-11-28T14:37:29.723+0000] {dag.py:3823} INFO - Setting next_dagrun for example_branch_operator to 2025-11-27 00:00:00+00:00, run_after=2025-11-28 00:00:00+00:00
[2025-11-28T14:37:29.749+0000] {processor.py:183} INFO - Processing /home/airflow/.local/lib/python3.8/site-packages/airflow/example_dags/example_branch_operator.py took 0.144 seconds
[2025-11-28T14:38:00.806+0000] {processor.py:161} INFO - Started process (PID=836) to work on /home/airflow/.local/lib/python3.8/site-packages/airflow/example_dags/example_branch_operator.py
[2025-11-28T14:38:00.808+0000] {processor.py:830} INFO - Processing file /home/airflow/.local/lib/python3.8/site-packages/airflow/example_dags/example_branch_operator.py for tasks to queue
[2025-11-28T14:38:00.811+0000] {logging_mixin.py:188} INFO - [2025-11-28T14:38:00.811+0000] {dagbag.py:538} INFO - Filling up the DagBag from /home/airflow/.local/lib/python3.8/site-packages/airflow/example_dags/example_branch_operator.py
[2025-11-28T14:38:00.839+0000] {processor.py:840} INFO - DAG(s) 'example_branch_operator' retrieved from /home/airflow/.local/lib/python3.8/site-packages/airflow/example_dags/example_branch_operator.py
[2025-11-28T14:38:00.889+0000] {logging_mixin.py:188} INFO - [2025-11-28T14:38:00.889+0000] {dag.py:3036} INFO - Sync 1 DAGs
[2025-11-28T14:38:00.928+0000] {logging_mixin.py:188} INFO - [2025-11-28T14:38:00.927+0000] {dag.py:3823} INFO - Setting next_dagrun for example_branch_operator to 2025-11-27 00:00:00+00:00, run_after=2025-11-28 00:00:00+00:00
[2025-11-28T14:38:00.961+0000] {processor.py:183} INFO - Processing /home/airflow/.local/lib/python3.8/site-packages/airflow/example_dags/example_branch_operator.py took 0.162 seconds
[2025-11-28T14:38:31.086+0000] {processor.py:161} INFO - Started process (PID=893) to work on /home/airflow/.local/lib/python3.8/site-packages/airflow/example_dags/example_branch_operator.py
[2025-11-28T14:38:31.087+0000] {processor.py:830} INFO - Processing file /home/airflow/.local/lib/python3.8/site-packages/airflow/example_dags/example_branch_operator.py for tasks to queue
[2025-11-28T14:38:31.090+0000] {logging_mixin.py:188} INFO - [2025-11-28T14:38:31.090+0000] {dagbag.py:538} INFO - Filling up the DagBag from /home/airflow/.local/lib/python3.8/site-packages/airflow/example_dags/example_branch_operator.py
[2025-11-28T14:38:31.118+0000] {processor.py:840} INFO - DAG(s) 'example_branch_operator' retrieved from /home/airflow/.local/lib/python3.8/site-packages/airflow/example_dags/example_branch_operator.py
[2025-11-28T14:38:31.161+0000] {logging_mixin.py:188} INFO - [2025-11-28T14:38:31.161+0000] {dag.py:3036} INFO - Sync 1 DAGs
[2025-11-28T14:38:31.193+0000] {logging_mixin.py:188} INFO - [2025-11-28T14:38:31.192+0000] {dag.py:3823} INFO - Setting next_dagrun for example_branch_operator to 2025-11-27 00:00:00+00:00, run_after=2025-11-28 00:00:00+00:00
[2025-11-28T14:38:31.220+0000] {processor.py:183} INFO - Processing /home/airflow/.local/lib/python3.8/site-packages/airflow/example_dags/example_branch_operator.py took 0.140 seconds
[2025-11-28T14:39:01.275+0000] {processor.py:161} INFO - Started process (PID=952) to work on /home/airflow/.local/lib/python3.8/site-packages/airflow/example_dags/example_branch_operator.py
[2025-11-28T14:39:01.277+0000] {processor.py:830} INFO - Processing file /home/airflow/.local/lib/python3.8/site-packages/airflow/example_dags/example_branch_operator.py for tasks to queue
[2025-11-28T14:39:01.281+0000] {logging_mixin.py:188} INFO - [2025-11-28T14:39:01.280+0000] {dagbag.py:538} INFO - Filling up the DagBag from /home/airflow/.local/lib/python3.8/site-packages/airflow/example_dags/example_branch_operator.py
[2025-11-28T14:39:01.309+0000] {processor.py:840} INFO - DAG(s) 'example_branch_operator' retrieved from /home/airflow/.local/lib/python3.8/site-packages/airflow/example_dags/example_branch_operator.py
[2025-11-28T14:39:01.361+0000] {logging_mixin.py:188} INFO - [2025-11-28T14:39:01.360+0000] {dag.py:3036} INFO - Sync 1 DAGs
[2025-11-28T14:39:01.394+0000] {logging_mixin.py:188} INFO - [2025-11-28T14:39:01.393+0000] {dag.py:3823} INFO - Setting next_dagrun for example_branch_operator to 2025-11-27 00:00:00+00:00, run_after=2025-11-28 00:00:00+00:00
[2025-11-28T14:39:01.421+0000] {processor.py:183} INFO - Processing /home/airflow/.local/lib/python3.8/site-packages/airflow/example_dags/example_branch_operator.py took 0.152 seconds
[2025-11-28T14:39:31.664+0000] {processor.py:161} INFO - Started process (PID=1010) to work on /home/airflow/.local/lib/python3.8/site-packages/airflow/example_dags/example_branch_operator.py
[2025-11-28T14:39:31.666+0000] {processor.py:830} INFO - Processing file /home/airflow/.local/lib/python3.8/site-packages/airflow/example_dags/example_branch_operator.py for tasks to queue
[2025-11-28T14:39:31.669+0000] {logging_mixin.py:188} INFO - [2025-11-28T14:39:31.669+0000] {dagbag.py:538} INFO - Filling up the DagBag from /home/airflow/.local/lib/python3.8/site-packages/airflow/example_dags/example_branch_operator.py
[2025-11-28T14:39:31.698+0000] {processor.py:840} INFO - DAG(s) 'example_branch_operator' retrieved from /home/airflow/.local/lib/python3.8/site-packages/airflow/example_dags/example_branch_operator.py
[2025-11-28T14:39:31.741+0000] {logging_mixin.py:188} INFO - [2025-11-28T14:39:31.740+0000] {dag.py:3036} INFO - Sync 1 DAGs
[2025-11-28T14:39:31.772+0000] {logging_mixin.py:188} INFO - [2025-11-28T14:39:31.772+0000] {dag.py:3823} INFO - Setting next_dagrun for example_branch_operator to 2025-11-27 00:00:00+00:00, run_after=2025-11-28 00:00:00+00:00
[2025-11-28T14:39:31.798+0000] {processor.py:183} INFO - Processing /home/airflow/.local/lib/python3.8/site-packages/airflow/example_dags/example_branch_operator.py took 0.140 seconds
