[2025-11-28T14:35:24.521+0000] {processor.py:161} INFO - Started process (PID=525) to work on /home/airflow/.local/lib/python3.8/site-packages/airflow/example_dags/example_external_task_marker_dag.py
[2025-11-28T14:35:24.523+0000] {processor.py:830} INFO - Processing file /home/airflow/.local/lib/python3.8/site-packages/airflow/example_dags/example_external_task_marker_dag.py for tasks to queue
[2025-11-28T14:35:24.526+0000] {logging_mixin.py:188} INFO - [2025-11-28T14:35:24.525+0000] {dagbag.py:538} INFO - Filling up the DagBag from /home/airflow/.local/lib/python3.8/site-packages/airflow/example_dags/example_external_task_marker_dag.py
[2025-11-28T14:35:24.537+0000] {processor.py:840} INFO - DAG(s) 'example_external_task_marker_child', 'example_external_task_marker_parent' retrieved from /home/airflow/.local/lib/python3.8/site-packages/airflow/example_dags/example_external_task_marker_dag.py
[2025-11-28T14:35:24.701+0000] {logging_mixin.py:188} INFO - [2025-11-28T14:35:24.700+0000] {override.py:1769} INFO - Created Permission View: can read on DAG:example_external_task_marker_child
[2025-11-28T14:35:24.714+0000] {logging_mixin.py:188} INFO - [2025-11-28T14:35:24.713+0000] {override.py:1769} INFO - Created Permission View: can delete on DAG:example_external_task_marker_child
[2025-11-28T14:35:24.726+0000] {logging_mixin.py:188} INFO - [2025-11-28T14:35:24.725+0000] {override.py:1769} INFO - Created Permission View: can edit on DAG:example_external_task_marker_child
[2025-11-28T14:35:24.742+0000] {logging_mixin.py:188} INFO - [2025-11-28T14:35:24.741+0000] {override.py:1769} INFO - Created Permission View: can read on DAG:example_external_task_marker_parent
[2025-11-28T14:35:24.750+0000] {logging_mixin.py:188} INFO - [2025-11-28T14:35:24.749+0000] {override.py:1769} INFO - Created Permission View: can delete on DAG:example_external_task_marker_parent
[2025-11-28T14:35:24.758+0000] {logging_mixin.py:188} INFO - [2025-11-28T14:35:24.757+0000] {override.py:1769} INFO - Created Permission View: can edit on DAG:example_external_task_marker_parent
[2025-11-28T14:35:24.758+0000] {logging_mixin.py:188} INFO - [2025-11-28T14:35:24.758+0000] {dag.py:3036} INFO - Sync 2 DAGs
[2025-11-28T14:35:24.774+0000] {logging_mixin.py:188} INFO - [2025-11-28T14:35:24.773+0000] {dag.py:3058} INFO - Creating ORM DAG for example_external_task_marker_parent
[2025-11-28T14:35:24.775+0000] {logging_mixin.py:188} INFO - [2025-11-28T14:35:24.774+0000] {dag.py:3058} INFO - Creating ORM DAG for example_external_task_marker_child
[2025-11-28T14:35:24.775+0000] {logging_mixin.py:188} INFO - [2025-11-28T14:35:24.775+0000] {dag.py:3823} INFO - Setting next_dagrun for example_external_task_marker_child to None, run_after=None
[2025-11-28T14:35:24.776+0000] {logging_mixin.py:188} INFO - [2025-11-28T14:35:24.776+0000] {dag.py:3823} INFO - Setting next_dagrun for example_external_task_marker_parent to None, run_after=None
[2025-11-28T14:35:24.801+0000] {processor.py:183} INFO - Processing /home/airflow/.local/lib/python3.8/site-packages/airflow/example_dags/example_external_task_marker_dag.py took 0.286 seconds
[2025-11-28T14:35:55.412+0000] {processor.py:161} INFO - Started process (PID=583) to work on /home/airflow/.local/lib/python3.8/site-packages/airflow/example_dags/example_external_task_marker_dag.py
[2025-11-28T14:35:55.414+0000] {processor.py:830} INFO - Processing file /home/airflow/.local/lib/python3.8/site-packages/airflow/example_dags/example_external_task_marker_dag.py for tasks to queue
[2025-11-28T14:35:55.417+0000] {logging_mixin.py:188} INFO - [2025-11-28T14:35:55.416+0000] {dagbag.py:538} INFO - Filling up the DagBag from /home/airflow/.local/lib/python3.8/site-packages/airflow/example_dags/example_external_task_marker_dag.py
[2025-11-28T14:35:55.427+0000] {processor.py:840} INFO - DAG(s) 'example_external_task_marker_child', 'example_external_task_marker_parent' retrieved from /home/airflow/.local/lib/python3.8/site-packages/airflow/example_dags/example_external_task_marker_dag.py
[2025-11-28T14:35:55.475+0000] {logging_mixin.py:188} INFO - [2025-11-28T14:35:55.474+0000] {dag.py:3036} INFO - Sync 2 DAGs
[2025-11-28T14:35:55.494+0000] {logging_mixin.py:188} INFO - [2025-11-28T14:35:55.494+0000] {dag.py:3823} INFO - Setting next_dagrun for example_external_task_marker_child to None, run_after=None
[2025-11-28T14:35:55.499+0000] {logging_mixin.py:188} INFO - [2025-11-28T14:35:55.499+0000] {dag.py:3823} INFO - Setting next_dagrun for example_external_task_marker_parent to None, run_after=None
[2025-11-28T14:35:55.526+0000] {processor.py:183} INFO - Processing /home/airflow/.local/lib/python3.8/site-packages/airflow/example_dags/example_external_task_marker_dag.py took 0.120 seconds
[2025-11-28T14:36:25.763+0000] {processor.py:161} INFO - Started process (PID=641) to work on /home/airflow/.local/lib/python3.8/site-packages/airflow/example_dags/example_external_task_marker_dag.py
[2025-11-28T14:36:25.766+0000] {processor.py:830} INFO - Processing file /home/airflow/.local/lib/python3.8/site-packages/airflow/example_dags/example_external_task_marker_dag.py for tasks to queue
[2025-11-28T14:36:25.769+0000] {logging_mixin.py:188} INFO - [2025-11-28T14:36:25.769+0000] {dagbag.py:538} INFO - Filling up the DagBag from /home/airflow/.local/lib/python3.8/site-packages/airflow/example_dags/example_external_task_marker_dag.py
[2025-11-28T14:36:25.779+0000] {processor.py:840} INFO - DAG(s) 'example_external_task_marker_child', 'example_external_task_marker_parent' retrieved from /home/airflow/.local/lib/python3.8/site-packages/airflow/example_dags/example_external_task_marker_dag.py
[2025-11-28T14:36:25.824+0000] {logging_mixin.py:188} INFO - [2025-11-28T14:36:25.824+0000] {dag.py:3036} INFO - Sync 2 DAGs
[2025-11-28T14:36:25.847+0000] {logging_mixin.py:188} INFO - [2025-11-28T14:36:25.846+0000] {dag.py:3823} INFO - Setting next_dagrun for example_external_task_marker_child to None, run_after=None
[2025-11-28T14:36:25.852+0000] {logging_mixin.py:188} INFO - [2025-11-28T14:36:25.852+0000] {dag.py:3823} INFO - Setting next_dagrun for example_external_task_marker_parent to None, run_after=None
[2025-11-28T14:36:25.883+0000] {processor.py:183} INFO - Processing /home/airflow/.local/lib/python3.8/site-packages/airflow/example_dags/example_external_task_marker_dag.py took 0.127 seconds
[2025-11-28T14:36:56.118+0000] {processor.py:161} INFO - Started process (PID=699) to work on /home/airflow/.local/lib/python3.8/site-packages/airflow/example_dags/example_external_task_marker_dag.py
[2025-11-28T14:36:56.120+0000] {processor.py:830} INFO - Processing file /home/airflow/.local/lib/python3.8/site-packages/airflow/example_dags/example_external_task_marker_dag.py for tasks to queue
[2025-11-28T14:36:56.129+0000] {logging_mixin.py:188} INFO - [2025-11-28T14:36:56.128+0000] {dagbag.py:538} INFO - Filling up the DagBag from /home/airflow/.local/lib/python3.8/site-packages/airflow/example_dags/example_external_task_marker_dag.py
[2025-11-28T14:36:56.141+0000] {processor.py:840} INFO - DAG(s) 'example_external_task_marker_parent', 'example_external_task_marker_child' retrieved from /home/airflow/.local/lib/python3.8/site-packages/airflow/example_dags/example_external_task_marker_dag.py
[2025-11-28T14:36:56.181+0000] {logging_mixin.py:188} INFO - [2025-11-28T14:36:56.181+0000] {dag.py:3036} INFO - Sync 2 DAGs
[2025-11-28T14:36:56.200+0000] {logging_mixin.py:188} INFO - [2025-11-28T14:36:56.200+0000] {dag.py:3823} INFO - Setting next_dagrun for example_external_task_marker_child to None, run_after=None
[2025-11-28T14:36:56.205+0000] {logging_mixin.py:188} INFO - [2025-11-28T14:36:56.205+0000] {dag.py:3823} INFO - Setting next_dagrun for example_external_task_marker_parent to None, run_after=None
[2025-11-28T14:36:56.231+0000] {processor.py:183} INFO - Processing /home/airflow/.local/lib/python3.8/site-packages/airflow/example_dags/example_external_task_marker_dag.py took 0.119 seconds
[2025-11-28T14:37:26.523+0000] {processor.py:161} INFO - Started process (PID=757) to work on /home/airflow/.local/lib/python3.8/site-packages/airflow/example_dags/example_external_task_marker_dag.py
[2025-11-28T14:37:26.525+0000] {processor.py:830} INFO - Processing file /home/airflow/.local/lib/python3.8/site-packages/airflow/example_dags/example_external_task_marker_dag.py for tasks to queue
[2025-11-28T14:37:26.528+0000] {logging_mixin.py:188} INFO - [2025-11-28T14:37:26.527+0000] {dagbag.py:538} INFO - Filling up the DagBag from /home/airflow/.local/lib/python3.8/site-packages/airflow/example_dags/example_external_task_marker_dag.py
[2025-11-28T14:37:26.539+0000] {processor.py:840} INFO - DAG(s) 'example_external_task_marker_child', 'example_external_task_marker_parent' retrieved from /home/airflow/.local/lib/python3.8/site-packages/airflow/example_dags/example_external_task_marker_dag.py
[2025-11-28T14:37:26.574+0000] {logging_mixin.py:188} INFO - [2025-11-28T14:37:26.574+0000] {dag.py:3036} INFO - Sync 2 DAGs
[2025-11-28T14:37:26.593+0000] {logging_mixin.py:188} INFO - [2025-11-28T14:37:26.593+0000] {dag.py:3823} INFO - Setting next_dagrun for example_external_task_marker_child to None, run_after=None
[2025-11-28T14:37:26.598+0000] {logging_mixin.py:188} INFO - [2025-11-28T14:37:26.598+0000] {dag.py:3823} INFO - Setting next_dagrun for example_external_task_marker_parent to None, run_after=None
[2025-11-28T14:37:26.623+0000] {processor.py:183} INFO - Processing /home/airflow/.local/lib/python3.8/site-packages/airflow/example_dags/example_external_task_marker_dag.py took 0.106 seconds
[2025-11-28T14:37:57.453+0000] {processor.py:161} INFO - Started process (PID=815) to work on /home/airflow/.local/lib/python3.8/site-packages/airflow/example_dags/example_external_task_marker_dag.py
[2025-11-28T14:37:57.455+0000] {processor.py:830} INFO - Processing file /home/airflow/.local/lib/python3.8/site-packages/airflow/example_dags/example_external_task_marker_dag.py for tasks to queue
[2025-11-28T14:37:57.458+0000] {logging_mixin.py:188} INFO - [2025-11-28T14:37:57.458+0000] {dagbag.py:538} INFO - Filling up the DagBag from /home/airflow/.local/lib/python3.8/site-packages/airflow/example_dags/example_external_task_marker_dag.py
[2025-11-28T14:37:57.468+0000] {processor.py:840} INFO - DAG(s) 'example_external_task_marker_child', 'example_external_task_marker_parent' retrieved from /home/airflow/.local/lib/python3.8/site-packages/airflow/example_dags/example_external_task_marker_dag.py
[2025-11-28T14:37:57.514+0000] {logging_mixin.py:188} INFO - [2025-11-28T14:37:57.514+0000] {dag.py:3036} INFO - Sync 2 DAGs
[2025-11-28T14:37:57.535+0000] {logging_mixin.py:188} INFO - [2025-11-28T14:37:57.534+0000] {dag.py:3823} INFO - Setting next_dagrun for example_external_task_marker_child to None, run_after=None
[2025-11-28T14:37:57.540+0000] {logging_mixin.py:188} INFO - [2025-11-28T14:37:57.540+0000] {dag.py:3823} INFO - Setting next_dagrun for example_external_task_marker_parent to None, run_after=None
[2025-11-28T14:37:57.565+0000] {processor.py:183} INFO - Processing /home/airflow/.local/lib/python3.8/site-packages/airflow/example_dags/example_external_task_marker_dag.py took 0.119 seconds
[2025-11-28T14:38:27.760+0000] {processor.py:161} INFO - Started process (PID=873) to work on /home/airflow/.local/lib/python3.8/site-packages/airflow/example_dags/example_external_task_marker_dag.py
[2025-11-28T14:38:27.761+0000] {processor.py:830} INFO - Processing file /home/airflow/.local/lib/python3.8/site-packages/airflow/example_dags/example_external_task_marker_dag.py for tasks to queue
[2025-11-28T14:38:27.764+0000] {logging_mixin.py:188} INFO - [2025-11-28T14:38:27.764+0000] {dagbag.py:538} INFO - Filling up the DagBag from /home/airflow/.local/lib/python3.8/site-packages/airflow/example_dags/example_external_task_marker_dag.py
[2025-11-28T14:38:27.774+0000] {processor.py:840} INFO - DAG(s) 'example_external_task_marker_child', 'example_external_task_marker_parent' retrieved from /home/airflow/.local/lib/python3.8/site-packages/airflow/example_dags/example_external_task_marker_dag.py
[2025-11-28T14:38:27.815+0000] {logging_mixin.py:188} INFO - [2025-11-28T14:38:27.815+0000] {dag.py:3036} INFO - Sync 2 DAGs
[2025-11-28T14:38:27.838+0000] {logging_mixin.py:188} INFO - [2025-11-28T14:38:27.837+0000] {dag.py:3823} INFO - Setting next_dagrun for example_external_task_marker_child to None, run_after=None
[2025-11-28T14:38:27.843+0000] {logging_mixin.py:188} INFO - [2025-11-28T14:38:27.843+0000] {dag.py:3823} INFO - Setting next_dagrun for example_external_task_marker_parent to None, run_after=None
[2025-11-28T14:38:27.870+0000] {processor.py:183} INFO - Processing /home/airflow/.local/lib/python3.8/site-packages/airflow/example_dags/example_external_task_marker_dag.py took 0.116 seconds
[2025-11-28T14:38:58.280+0000] {processor.py:161} INFO - Started process (PID=931) to work on /home/airflow/.local/lib/python3.8/site-packages/airflow/example_dags/example_external_task_marker_dag.py
[2025-11-28T14:38:58.282+0000] {processor.py:830} INFO - Processing file /home/airflow/.local/lib/python3.8/site-packages/airflow/example_dags/example_external_task_marker_dag.py for tasks to queue
[2025-11-28T14:38:58.285+0000] {logging_mixin.py:188} INFO - [2025-11-28T14:38:58.284+0000] {dagbag.py:538} INFO - Filling up the DagBag from /home/airflow/.local/lib/python3.8/site-packages/airflow/example_dags/example_external_task_marker_dag.py
[2025-11-28T14:38:58.296+0000] {processor.py:840} INFO - DAG(s) 'example_external_task_marker_parent', 'example_external_task_marker_child' retrieved from /home/airflow/.local/lib/python3.8/site-packages/airflow/example_dags/example_external_task_marker_dag.py
[2025-11-28T14:38:58.337+0000] {logging_mixin.py:188} INFO - [2025-11-28T14:38:58.337+0000] {dag.py:3036} INFO - Sync 2 DAGs
[2025-11-28T14:38:58.358+0000] {logging_mixin.py:188} INFO - [2025-11-28T14:38:58.357+0000] {dag.py:3823} INFO - Setting next_dagrun for example_external_task_marker_child to None, run_after=None
[2025-11-28T14:38:58.364+0000] {logging_mixin.py:188} INFO - [2025-11-28T14:38:58.363+0000] {dag.py:3823} INFO - Setting next_dagrun for example_external_task_marker_parent to None, run_after=None
[2025-11-28T14:38:58.388+0000] {processor.py:183} INFO - Processing /home/airflow/.local/lib/python3.8/site-packages/airflow/example_dags/example_external_task_marker_dag.py took 0.114 seconds
[2025-11-28T14:39:28.710+0000] {processor.py:161} INFO - Started process (PID=990) to work on /home/airflow/.local/lib/python3.8/site-packages/airflow/example_dags/example_external_task_marker_dag.py
[2025-11-28T14:39:28.712+0000] {processor.py:830} INFO - Processing file /home/airflow/.local/lib/python3.8/site-packages/airflow/example_dags/example_external_task_marker_dag.py for tasks to queue
[2025-11-28T14:39:28.715+0000] {logging_mixin.py:188} INFO - [2025-11-28T14:39:28.715+0000] {dagbag.py:538} INFO - Filling up the DagBag from /home/airflow/.local/lib/python3.8/site-packages/airflow/example_dags/example_external_task_marker_dag.py
[2025-11-28T14:39:28.728+0000] {processor.py:840} INFO - DAG(s) 'example_external_task_marker_parent', 'example_external_task_marker_child' retrieved from /home/airflow/.local/lib/python3.8/site-packages/airflow/example_dags/example_external_task_marker_dag.py
[2025-11-28T14:39:28.790+0000] {logging_mixin.py:188} INFO - [2025-11-28T14:39:28.790+0000] {dag.py:3036} INFO - Sync 2 DAGs
[2025-11-28T14:39:28.809+0000] {logging_mixin.py:188} INFO - [2025-11-28T14:39:28.808+0000] {dag.py:3823} INFO - Setting next_dagrun for example_external_task_marker_child to None, run_after=None
[2025-11-28T14:39:28.814+0000] {logging_mixin.py:188} INFO - [2025-11-28T14:39:28.814+0000] {dag.py:3823} INFO - Setting next_dagrun for example_external_task_marker_parent to None, run_after=None
[2025-11-28T14:39:28.835+0000] {processor.py:183} INFO - Processing /home/airflow/.local/lib/python3.8/site-packages/airflow/example_dags/example_external_task_marker_dag.py took 0.134 seconds
