[2025-11-28T14:35:21.622+0000] {processor.py:161} INFO - Started process (PID=508) to work on /home/airflow/.local/lib/python3.8/site-packages/airflow/example_dags/example_branch_datetime_operator.py
[2025-11-28T14:35:21.624+0000] {processor.py:830} INFO - Processing file /home/airflow/.local/lib/python3.8/site-packages/airflow/example_dags/example_branch_datetime_operator.py for tasks to queue
[2025-11-28T14:35:21.627+0000] {logging_mixin.py:188} INFO - [2025-11-28T14:35:21.627+0000] {dagbag.py:538} INFO - Filling up the DagBag from /home/airflow/.local/lib/python3.8/site-packages/airflow/example_dags/example_branch_datetime_operator.py
[2025-11-28T14:35:21.649+0000] {processor.py:840} INFO - DAG(s) 'example_branch_datetime_operator_3', 'example_branch_datetime_operator_2', 'example_branch_datetime_operator' retrieved from /home/airflow/.local/lib/python3.8/site-packages/airflow/example_dags/example_branch_datetime_operator.py
[2025-11-28T14:35:21.811+0000] {logging_mixin.py:188} INFO - [2025-11-28T14:35:21.810+0000] {override.py:1769} INFO - Created Permission View: can read on DAG:example_branch_datetime_operator_3
[2025-11-28T14:35:21.826+0000] {logging_mixin.py:188} INFO - [2025-11-28T14:35:21.826+0000] {override.py:1769} INFO - Created Permission View: can delete on DAG:example_branch_datetime_operator_3
[2025-11-28T14:35:21.836+0000] {logging_mixin.py:188} INFO - [2025-11-28T14:35:21.836+0000] {override.py:1769} INFO - Created Permission View: can edit on DAG:example_branch_datetime_operator_3
[2025-11-28T14:35:21.855+0000] {logging_mixin.py:188} INFO - [2025-11-28T14:35:21.855+0000] {override.py:1769} INFO - Created Permission View: can read on DAG:example_branch_datetime_operator_2
[2025-11-28T14:35:21.864+0000] {logging_mixin.py:188} INFO - [2025-11-28T14:35:21.864+0000] {override.py:1769} INFO - Created Permission View: can delete on DAG:example_branch_datetime_operator_2
[2025-11-28T14:35:21.874+0000] {logging_mixin.py:188} INFO - [2025-11-28T14:35:21.873+0000] {override.py:1769} INFO - Created Permission View: can edit on DAG:example_branch_datetime_operator_2
[2025-11-28T14:35:21.894+0000] {logging_mixin.py:188} INFO - [2025-11-28T14:35:21.893+0000] {override.py:1769} INFO - Created Permission View: can read on DAG:example_branch_datetime_operator
[2025-11-28T14:35:21.904+0000] {logging_mixin.py:188} INFO - [2025-11-28T14:35:21.904+0000] {override.py:1769} INFO - Created Permission View: can delete on DAG:example_branch_datetime_operator
[2025-11-28T14:35:21.913+0000] {logging_mixin.py:188} INFO - [2025-11-28T14:35:21.913+0000] {override.py:1769} INFO - Created Permission View: can edit on DAG:example_branch_datetime_operator
[2025-11-28T14:35:21.914+0000] {logging_mixin.py:188} INFO - [2025-11-28T14:35:21.913+0000] {dag.py:3036} INFO - Sync 3 DAGs
[2025-11-28T14:35:21.932+0000] {logging_mixin.py:188} INFO - [2025-11-28T14:35:21.931+0000] {dag.py:3058} INFO - Creating ORM DAG for example_branch_datetime_operator_3
[2025-11-28T14:35:21.933+0000] {logging_mixin.py:188} INFO - [2025-11-28T14:35:21.932+0000] {dag.py:3058} INFO - Creating ORM DAG for example_branch_datetime_operator
[2025-11-28T14:35:21.933+0000] {logging_mixin.py:188} INFO - [2025-11-28T14:35:21.933+0000] {dag.py:3058} INFO - Creating ORM DAG for example_branch_datetime_operator_2
[2025-11-28T14:35:21.948+0000] {logging_mixin.py:188} INFO - [2025-11-28T14:35:21.947+0000] {dag.py:3823} INFO - Setting next_dagrun for example_branch_datetime_operator to 2025-11-27 00:00:00+00:00, run_after=2025-11-28 00:00:00+00:00
[2025-11-28T14:35:21.951+0000] {logging_mixin.py:188} INFO - [2025-11-28T14:35:21.950+0000] {dag.py:3823} INFO - Setting next_dagrun for example_branch_datetime_operator_2 to 2025-11-27 00:00:00+00:00, run_after=2025-11-28 00:00:00+00:00
[2025-11-28T14:35:21.954+0000] {logging_mixin.py:188} INFO - [2025-11-28T14:35:21.953+0000] {dag.py:3823} INFO - Setting next_dagrun for example_branch_datetime_operator_3 to 2025-11-27 00:00:00+00:00, run_after=2025-11-28 00:00:00+00:00
[2025-11-28T14:35:21.983+0000] {processor.py:183} INFO - Processing /home/airflow/.local/lib/python3.8/site-packages/airflow/example_dags/example_branch_datetime_operator.py took 0.367 seconds
[2025-11-28T14:35:52.025+0000] {processor.py:161} INFO - Started process (PID=567) to work on /home/airflow/.local/lib/python3.8/site-packages/airflow/example_dags/example_branch_datetime_operator.py
[2025-11-28T14:35:52.027+0000] {processor.py:830} INFO - Processing file /home/airflow/.local/lib/python3.8/site-packages/airflow/example_dags/example_branch_datetime_operator.py for tasks to queue
[2025-11-28T14:35:52.030+0000] {logging_mixin.py:188} INFO - [2025-11-28T14:35:52.029+0000] {dagbag.py:538} INFO - Filling up the DagBag from /home/airflow/.local/lib/python3.8/site-packages/airflow/example_dags/example_branch_datetime_operator.py
[2025-11-28T14:35:52.046+0000] {processor.py:840} INFO - DAG(s) 'example_branch_datetime_operator_3', 'example_branch_datetime_operator_2', 'example_branch_datetime_operator' retrieved from /home/airflow/.local/lib/python3.8/site-packages/airflow/example_dags/example_branch_datetime_operator.py
[2025-11-28T14:35:52.092+0000] {logging_mixin.py:188} INFO - [2025-11-28T14:35:52.091+0000] {dag.py:3036} INFO - Sync 3 DAGs
[2025-11-28T14:35:52.126+0000] {logging_mixin.py:188} INFO - [2025-11-28T14:35:52.126+0000] {dag.py:3823} INFO - Setting next_dagrun for example_branch_datetime_operator to 2025-11-27 00:00:00+00:00, run_after=2025-11-28 00:00:00+00:00
[2025-11-28T14:35:52.134+0000] {logging_mixin.py:188} INFO - [2025-11-28T14:35:52.134+0000] {dag.py:3823} INFO - Setting next_dagrun for example_branch_datetime_operator_2 to 2025-11-27 00:00:00+00:00, run_after=2025-11-28 00:00:00+00:00
[2025-11-28T14:35:52.138+0000] {logging_mixin.py:188} INFO - [2025-11-28T14:35:52.138+0000] {dag.py:3823} INFO - Setting next_dagrun for example_branch_datetime_operator_3 to 2025-11-27 00:00:00+00:00, run_after=2025-11-28 00:00:00+00:00
[2025-11-28T14:35:52.166+0000] {processor.py:183} INFO - Processing /home/airflow/.local/lib/python3.8/site-packages/airflow/example_dags/example_branch_datetime_operator.py took 0.147 seconds
[2025-11-28T14:36:22.403+0000] {processor.py:161} INFO - Started process (PID=625) to work on /home/airflow/.local/lib/python3.8/site-packages/airflow/example_dags/example_branch_datetime_operator.py
[2025-11-28T14:36:22.405+0000] {processor.py:830} INFO - Processing file /home/airflow/.local/lib/python3.8/site-packages/airflow/example_dags/example_branch_datetime_operator.py for tasks to queue
[2025-11-28T14:36:22.409+0000] {logging_mixin.py:188} INFO - [2025-11-28T14:36:22.408+0000] {dagbag.py:538} INFO - Filling up the DagBag from /home/airflow/.local/lib/python3.8/site-packages/airflow/example_dags/example_branch_datetime_operator.py
[2025-11-28T14:36:22.427+0000] {processor.py:840} INFO - DAG(s) 'example_branch_datetime_operator_2', 'example_branch_datetime_operator', 'example_branch_datetime_operator_3' retrieved from /home/airflow/.local/lib/python3.8/site-packages/airflow/example_dags/example_branch_datetime_operator.py
[2025-11-28T14:36:22.477+0000] {logging_mixin.py:188} INFO - [2025-11-28T14:36:22.477+0000] {dag.py:3036} INFO - Sync 3 DAGs
[2025-11-28T14:36:22.519+0000] {logging_mixin.py:188} INFO - [2025-11-28T14:36:22.518+0000] {dag.py:3823} INFO - Setting next_dagrun for example_branch_datetime_operator to 2025-11-27 00:00:00+00:00, run_after=2025-11-28 00:00:00+00:00
[2025-11-28T14:36:22.527+0000] {logging_mixin.py:188} INFO - [2025-11-28T14:36:22.527+0000] {dag.py:3823} INFO - Setting next_dagrun for example_branch_datetime_operator_2 to 2025-11-27 00:00:00+00:00, run_after=2025-11-28 00:00:00+00:00
[2025-11-28T14:36:22.531+0000] {logging_mixin.py:188} INFO - [2025-11-28T14:36:22.531+0000] {dag.py:3823} INFO - Setting next_dagrun for example_branch_datetime_operator_3 to 2025-11-27 00:00:00+00:00, run_after=2025-11-28 00:00:00+00:00
[2025-11-28T14:36:22.560+0000] {processor.py:183} INFO - Processing /home/airflow/.local/lib/python3.8/site-packages/airflow/example_dags/example_branch_datetime_operator.py took 0.163 seconds
[2025-11-28T14:36:52.947+0000] {processor.py:161} INFO - Started process (PID=682) to work on /home/airflow/.local/lib/python3.8/site-packages/airflow/example_dags/example_branch_datetime_operator.py
[2025-11-28T14:36:52.949+0000] {processor.py:830} INFO - Processing file /home/airflow/.local/lib/python3.8/site-packages/airflow/example_dags/example_branch_datetime_operator.py for tasks to queue
[2025-11-28T14:36:52.952+0000] {logging_mixin.py:188} INFO - [2025-11-28T14:36:52.951+0000] {dagbag.py:538} INFO - Filling up the DagBag from /home/airflow/.local/lib/python3.8/site-packages/airflow/example_dags/example_branch_datetime_operator.py
[2025-11-28T14:36:52.968+0000] {processor.py:840} INFO - DAG(s) 'example_branch_datetime_operator', 'example_branch_datetime_operator_3', 'example_branch_datetime_operator_2' retrieved from /home/airflow/.local/lib/python3.8/site-packages/airflow/example_dags/example_branch_datetime_operator.py
[2025-11-28T14:36:53.013+0000] {logging_mixin.py:188} INFO - [2025-11-28T14:36:53.013+0000] {dag.py:3036} INFO - Sync 3 DAGs
[2025-11-28T14:36:53.048+0000] {logging_mixin.py:188} INFO - [2025-11-28T14:36:53.048+0000] {dag.py:3823} INFO - Setting next_dagrun for example_branch_datetime_operator to 2025-11-27 00:00:00+00:00, run_after=2025-11-28 00:00:00+00:00
[2025-11-28T14:36:53.055+0000] {logging_mixin.py:188} INFO - [2025-11-28T14:36:53.055+0000] {dag.py:3823} INFO - Setting next_dagrun for example_branch_datetime_operator_2 to 2025-11-27 00:00:00+00:00, run_after=2025-11-28 00:00:00+00:00
[2025-11-28T14:36:53.059+0000] {logging_mixin.py:188} INFO - [2025-11-28T14:36:53.058+0000] {dag.py:3823} INFO - Setting next_dagrun for example_branch_datetime_operator_3 to 2025-11-27 00:00:00+00:00, run_after=2025-11-28 00:00:00+00:00
[2025-11-28T14:36:53.081+0000] {processor.py:183} INFO - Processing /home/airflow/.local/lib/python3.8/site-packages/airflow/example_dags/example_branch_datetime_operator.py took 0.140 seconds
[2025-11-28T14:37:23.184+0000] {processor.py:161} INFO - Started process (PID=740) to work on /home/airflow/.local/lib/python3.8/site-packages/airflow/example_dags/example_branch_datetime_operator.py
[2025-11-28T14:37:23.185+0000] {processor.py:830} INFO - Processing file /home/airflow/.local/lib/python3.8/site-packages/airflow/example_dags/example_branch_datetime_operator.py for tasks to queue
[2025-11-28T14:37:23.188+0000] {logging_mixin.py:188} INFO - [2025-11-28T14:37:23.188+0000] {dagbag.py:538} INFO - Filling up the DagBag from /home/airflow/.local/lib/python3.8/site-packages/airflow/example_dags/example_branch_datetime_operator.py
[2025-11-28T14:37:23.205+0000] {processor.py:840} INFO - DAG(s) 'example_branch_datetime_operator_3', 'example_branch_datetime_operator', 'example_branch_datetime_operator_2' retrieved from /home/airflow/.local/lib/python3.8/site-packages/airflow/example_dags/example_branch_datetime_operator.py
[2025-11-28T14:37:23.247+0000] {logging_mixin.py:188} INFO - [2025-11-28T14:37:23.247+0000] {dag.py:3036} INFO - Sync 3 DAGs
[2025-11-28T14:37:23.283+0000] {logging_mixin.py:188} INFO - [2025-11-28T14:37:23.283+0000] {dag.py:3823} INFO - Setting next_dagrun for example_branch_datetime_operator to 2025-11-27 00:00:00+00:00, run_after=2025-11-28 00:00:00+00:00
[2025-11-28T14:37:23.291+0000] {logging_mixin.py:188} INFO - [2025-11-28T14:37:23.290+0000] {dag.py:3823} INFO - Setting next_dagrun for example_branch_datetime_operator_2 to 2025-11-27 00:00:00+00:00, run_after=2025-11-28 00:00:00+00:00
[2025-11-28T14:37:23.298+0000] {logging_mixin.py:188} INFO - [2025-11-28T14:37:23.297+0000] {dag.py:3823} INFO - Setting next_dagrun for example_branch_datetime_operator_3 to 2025-11-27 00:00:00+00:00, run_after=2025-11-28 00:00:00+00:00
[2025-11-28T14:37:23.322+0000] {processor.py:183} INFO - Processing /home/airflow/.local/lib/python3.8/site-packages/airflow/example_dags/example_branch_datetime_operator.py took 0.145 seconds
[2025-11-28T14:37:54.209+0000] {processor.py:161} INFO - Started process (PID=798) to work on /home/airflow/.local/lib/python3.8/site-packages/airflow/example_dags/example_branch_datetime_operator.py
[2025-11-28T14:37:54.211+0000] {processor.py:830} INFO - Processing file /home/airflow/.local/lib/python3.8/site-packages/airflow/example_dags/example_branch_datetime_operator.py for tasks to queue
[2025-11-28T14:37:54.214+0000] {logging_mixin.py:188} INFO - [2025-11-28T14:37:54.213+0000] {dagbag.py:538} INFO - Filling up the DagBag from /home/airflow/.local/lib/python3.8/site-packages/airflow/example_dags/example_branch_datetime_operator.py
[2025-11-28T14:37:54.231+0000] {processor.py:840} INFO - DAG(s) 'example_branch_datetime_operator_3', 'example_branch_datetime_operator', 'example_branch_datetime_operator_2' retrieved from /home/airflow/.local/lib/python3.8/site-packages/airflow/example_dags/example_branch_datetime_operator.py
[2025-11-28T14:37:54.276+0000] {logging_mixin.py:188} INFO - [2025-11-28T14:37:54.275+0000] {dag.py:3036} INFO - Sync 3 DAGs
[2025-11-28T14:37:54.310+0000] {logging_mixin.py:188} INFO - [2025-11-28T14:37:54.310+0000] {dag.py:3823} INFO - Setting next_dagrun for example_branch_datetime_operator to 2025-11-27 00:00:00+00:00, run_after=2025-11-28 00:00:00+00:00
[2025-11-28T14:37:54.318+0000] {logging_mixin.py:188} INFO - [2025-11-28T14:37:54.318+0000] {dag.py:3823} INFO - Setting next_dagrun for example_branch_datetime_operator_2 to 2025-11-27 00:00:00+00:00, run_after=2025-11-28 00:00:00+00:00
[2025-11-28T14:37:54.322+0000] {logging_mixin.py:188} INFO - [2025-11-28T14:37:54.322+0000] {dag.py:3823} INFO - Setting next_dagrun for example_branch_datetime_operator_3 to 2025-11-27 00:00:00+00:00, run_after=2025-11-28 00:00:00+00:00
[2025-11-28T14:37:54.350+0000] {processor.py:183} INFO - Processing /home/airflow/.local/lib/python3.8/site-packages/airflow/example_dags/example_branch_datetime_operator.py took 0.147 seconds
[2025-11-28T14:38:24.446+0000] {processor.py:161} INFO - Started process (PID=856) to work on /home/airflow/.local/lib/python3.8/site-packages/airflow/example_dags/example_branch_datetime_operator.py
[2025-11-28T14:38:24.448+0000] {processor.py:830} INFO - Processing file /home/airflow/.local/lib/python3.8/site-packages/airflow/example_dags/example_branch_datetime_operator.py for tasks to queue
[2025-11-28T14:38:24.451+0000] {logging_mixin.py:188} INFO - [2025-11-28T14:38:24.450+0000] {dagbag.py:538} INFO - Filling up the DagBag from /home/airflow/.local/lib/python3.8/site-packages/airflow/example_dags/example_branch_datetime_operator.py
[2025-11-28T14:38:24.467+0000] {processor.py:840} INFO - DAG(s) 'example_branch_datetime_operator', 'example_branch_datetime_operator_3', 'example_branch_datetime_operator_2' retrieved from /home/airflow/.local/lib/python3.8/site-packages/airflow/example_dags/example_branch_datetime_operator.py
[2025-11-28T14:38:24.513+0000] {logging_mixin.py:188} INFO - [2025-11-28T14:38:24.512+0000] {dag.py:3036} INFO - Sync 3 DAGs
[2025-11-28T14:38:24.545+0000] {logging_mixin.py:188} INFO - [2025-11-28T14:38:24.545+0000] {dag.py:3823} INFO - Setting next_dagrun for example_branch_datetime_operator to 2025-11-27 00:00:00+00:00, run_after=2025-11-28 00:00:00+00:00
[2025-11-28T14:38:24.554+0000] {logging_mixin.py:188} INFO - [2025-11-28T14:38:24.554+0000] {dag.py:3823} INFO - Setting next_dagrun for example_branch_datetime_operator_2 to 2025-11-27 00:00:00+00:00, run_after=2025-11-28 00:00:00+00:00
[2025-11-28T14:38:24.559+0000] {logging_mixin.py:188} INFO - [2025-11-28T14:38:24.559+0000] {dag.py:3823} INFO - Setting next_dagrun for example_branch_datetime_operator_3 to 2025-11-27 00:00:00+00:00, run_after=2025-11-28 00:00:00+00:00
[2025-11-28T14:38:24.584+0000] {processor.py:183} INFO - Processing /home/airflow/.local/lib/python3.8/site-packages/airflow/example_dags/example_branch_datetime_operator.py took 0.145 seconds
[2025-11-28T14:38:54.911+0000] {processor.py:161} INFO - Started process (PID=914) to work on /home/airflow/.local/lib/python3.8/site-packages/airflow/example_dags/example_branch_datetime_operator.py
[2025-11-28T14:38:54.913+0000] {processor.py:830} INFO - Processing file /home/airflow/.local/lib/python3.8/site-packages/airflow/example_dags/example_branch_datetime_operator.py for tasks to queue
[2025-11-28T14:38:54.916+0000] {logging_mixin.py:188} INFO - [2025-11-28T14:38:54.916+0000] {dagbag.py:538} INFO - Filling up the DagBag from /home/airflow/.local/lib/python3.8/site-packages/airflow/example_dags/example_branch_datetime_operator.py
[2025-11-28T14:38:54.933+0000] {processor.py:840} INFO - DAG(s) 'example_branch_datetime_operator_3', 'example_branch_datetime_operator_2', 'example_branch_datetime_operator' retrieved from /home/airflow/.local/lib/python3.8/site-packages/airflow/example_dags/example_branch_datetime_operator.py
[2025-11-28T14:38:54.980+0000] {logging_mixin.py:188} INFO - [2025-11-28T14:38:54.979+0000] {dag.py:3036} INFO - Sync 3 DAGs
[2025-11-28T14:38:55.023+0000] {logging_mixin.py:188} INFO - [2025-11-28T14:38:55.022+0000] {dag.py:3823} INFO - Setting next_dagrun for example_branch_datetime_operator to 2025-11-27 00:00:00+00:00, run_after=2025-11-28 00:00:00+00:00
[2025-11-28T14:38:55.032+0000] {logging_mixin.py:188} INFO - [2025-11-28T14:38:55.031+0000] {dag.py:3823} INFO - Setting next_dagrun for example_branch_datetime_operator_2 to 2025-11-27 00:00:00+00:00, run_after=2025-11-28 00:00:00+00:00
[2025-11-28T14:38:55.036+0000] {logging_mixin.py:188} INFO - [2025-11-28T14:38:55.036+0000] {dag.py:3823} INFO - Setting next_dagrun for example_branch_datetime_operator_3 to 2025-11-27 00:00:00+00:00, run_after=2025-11-28 00:00:00+00:00
[2025-11-28T14:38:55.059+0000] {processor.py:183} INFO - Processing /home/airflow/.local/lib/python3.8/site-packages/airflow/example_dags/example_branch_datetime_operator.py took 0.155 seconds
[2025-11-28T14:39:25.397+0000] {processor.py:161} INFO - Started process (PID=973) to work on /home/airflow/.local/lib/python3.8/site-packages/airflow/example_dags/example_branch_datetime_operator.py
[2025-11-28T14:39:25.399+0000] {processor.py:830} INFO - Processing file /home/airflow/.local/lib/python3.8/site-packages/airflow/example_dags/example_branch_datetime_operator.py for tasks to queue
[2025-11-28T14:39:25.402+0000] {logging_mixin.py:188} INFO - [2025-11-28T14:39:25.401+0000] {dagbag.py:538} INFO - Filling up the DagBag from /home/airflow/.local/lib/python3.8/site-packages/airflow/example_dags/example_branch_datetime_operator.py
[2025-11-28T14:39:25.419+0000] {processor.py:840} INFO - DAG(s) 'example_branch_datetime_operator_2', 'example_branch_datetime_operator_3', 'example_branch_datetime_operator' retrieved from /home/airflow/.local/lib/python3.8/site-packages/airflow/example_dags/example_branch_datetime_operator.py
[2025-11-28T14:39:25.461+0000] {logging_mixin.py:188} INFO - [2025-11-28T14:39:25.461+0000] {dag.py:3036} INFO - Sync 3 DAGs
[2025-11-28T14:39:25.492+0000] {logging_mixin.py:188} INFO - [2025-11-28T14:39:25.491+0000] {dag.py:3823} INFO - Setting next_dagrun for example_branch_datetime_operator to 2025-11-27 00:00:00+00:00, run_after=2025-11-28 00:00:00+00:00
[2025-11-28T14:39:25.498+0000] {logging_mixin.py:188} INFO - [2025-11-28T14:39:25.498+0000] {dag.py:3823} INFO - Setting next_dagrun for example_branch_datetime_operator_2 to 2025-11-27 00:00:00+00:00, run_after=2025-11-28 00:00:00+00:00
[2025-11-28T14:39:25.502+0000] {logging_mixin.py:188} INFO - [2025-11-28T14:39:25.502+0000] {dag.py:3823} INFO - Setting next_dagrun for example_branch_datetime_operator_3 to 2025-11-27 00:00:00+00:00, run_after=2025-11-28 00:00:00+00:00
[2025-11-28T14:39:25.524+0000] {processor.py:183} INFO - Processing /home/airflow/.local/lib/python3.8/site-packages/airflow/example_dags/example_branch_datetime_operator.py took 0.133 seconds
