[2025-11-28T14:35:26.263+0000] {processor.py:161} INFO - Started process (PID=536) to work on /home/airflow/.local/lib/python3.8/site-packages/airflow/example_dags/example_datasets.py
[2025-11-28T14:35:26.265+0000] {processor.py:830} INFO - Processing file /home/airflow/.local/lib/python3.8/site-packages/airflow/example_dags/example_datasets.py for tasks to queue
[2025-11-28T14:35:26.267+0000] {logging_mixin.py:188} INFO - [2025-11-28T14:35:26.267+0000] {dagbag.py:538} INFO - Filling up the DagBag from /home/airflow/.local/lib/python3.8/site-packages/airflow/example_dags/example_datasets.py
[2025-11-28T14:35:26.283+0000] {processor.py:840} INFO - DAG(s) 'dataset_produces_1', 'dataset_consumes_unknown_never_scheduled', 'dataset_produces_2', 'dataset_consumes_1_never_scheduled', 'dataset_consumes_1_and_2', 'dataset_consumes_1' retrieved from /home/airflow/.local/lib/python3.8/site-packages/airflow/example_dags/example_datasets.py
[2025-11-28T14:35:26.441+0000] {logging_mixin.py:188} INFO - [2025-11-28T14:35:26.440+0000] {override.py:1769} INFO - Created Permission View: can read on DAG:dataset_produces_1
[2025-11-28T14:35:26.454+0000] {logging_mixin.py:188} INFO - [2025-11-28T14:35:26.453+0000] {override.py:1769} INFO - Created Permission View: can delete on DAG:dataset_produces_1
[2025-11-28T14:35:26.463+0000] {logging_mixin.py:188} INFO - [2025-11-28T14:35:26.463+0000] {override.py:1769} INFO - Created Permission View: can edit on DAG:dataset_produces_1
[2025-11-28T14:35:26.480+0000] {logging_mixin.py:188} INFO - [2025-11-28T14:35:26.480+0000] {override.py:1769} INFO - Created Permission View: can read on DAG:dataset_consumes_unknown_never_scheduled
[2025-11-28T14:35:26.489+0000] {logging_mixin.py:188} INFO - [2025-11-28T14:35:26.489+0000] {override.py:1769} INFO - Created Permission View: can delete on DAG:dataset_consumes_unknown_never_scheduled
[2025-11-28T14:35:26.498+0000] {logging_mixin.py:188} INFO - [2025-11-28T14:35:26.497+0000] {override.py:1769} INFO - Created Permission View: can edit on DAG:dataset_consumes_unknown_never_scheduled
[2025-11-28T14:35:26.513+0000] {logging_mixin.py:188} INFO - [2025-11-28T14:35:26.512+0000] {override.py:1769} INFO - Created Permission View: can read on DAG:dataset_produces_2
[2025-11-28T14:35:26.523+0000] {logging_mixin.py:188} INFO - [2025-11-28T14:35:26.522+0000] {override.py:1769} INFO - Created Permission View: can delete on DAG:dataset_produces_2
[2025-11-28T14:35:26.532+0000] {logging_mixin.py:188} INFO - [2025-11-28T14:35:26.532+0000] {override.py:1769} INFO - Created Permission View: can edit on DAG:dataset_produces_2
[2025-11-28T14:35:26.550+0000] {logging_mixin.py:188} INFO - [2025-11-28T14:35:26.550+0000] {override.py:1769} INFO - Created Permission View: can read on DAG:dataset_consumes_1_never_scheduled
[2025-11-28T14:35:26.560+0000] {logging_mixin.py:188} INFO - [2025-11-28T14:35:26.559+0000] {override.py:1769} INFO - Created Permission View: can delete on DAG:dataset_consumes_1_never_scheduled
[2025-11-28T14:35:26.569+0000] {logging_mixin.py:188} INFO - [2025-11-28T14:35:26.568+0000] {override.py:1769} INFO - Created Permission View: can edit on DAG:dataset_consumes_1_never_scheduled
[2025-11-28T14:35:26.588+0000] {logging_mixin.py:188} INFO - [2025-11-28T14:35:26.587+0000] {override.py:1769} INFO - Created Permission View: can read on DAG:dataset_consumes_1_and_2
[2025-11-28T14:35:26.599+0000] {logging_mixin.py:188} INFO - [2025-11-28T14:35:26.598+0000] {override.py:1769} INFO - Created Permission View: can delete on DAG:dataset_consumes_1_and_2
[2025-11-28T14:35:26.609+0000] {logging_mixin.py:188} INFO - [2025-11-28T14:35:26.608+0000] {override.py:1769} INFO - Created Permission View: can edit on DAG:dataset_consumes_1_and_2
[2025-11-28T14:35:26.627+0000] {logging_mixin.py:188} INFO - [2025-11-28T14:35:26.626+0000] {override.py:1769} INFO - Created Permission View: can read on DAG:dataset_consumes_1
[2025-11-28T14:35:26.637+0000] {logging_mixin.py:188} INFO - [2025-11-28T14:35:26.637+0000] {override.py:1769} INFO - Created Permission View: can delete on DAG:dataset_consumes_1
[2025-11-28T14:35:26.647+0000] {logging_mixin.py:188} INFO - [2025-11-28T14:35:26.646+0000] {override.py:1769} INFO - Created Permission View: can edit on DAG:dataset_consumes_1
[2025-11-28T14:35:26.647+0000] {logging_mixin.py:188} INFO - [2025-11-28T14:35:26.647+0000] {dag.py:3036} INFO - Sync 6 DAGs
[2025-11-28T14:35:26.663+0000] {logging_mixin.py:188} INFO - [2025-11-28T14:35:26.662+0000] {dag.py:3058} INFO - Creating ORM DAG for dataset_produces_1
[2025-11-28T14:35:26.664+0000] {logging_mixin.py:188} INFO - [2025-11-28T14:35:26.664+0000] {dag.py:3058} INFO - Creating ORM DAG for dataset_consumes_1
[2025-11-28T14:35:26.665+0000] {logging_mixin.py:188} INFO - [2025-11-28T14:35:26.664+0000] {dag.py:3058} INFO - Creating ORM DAG for dataset_consumes_1_and_2
[2025-11-28T14:35:26.665+0000] {logging_mixin.py:188} INFO - [2025-11-28T14:35:26.665+0000] {dag.py:3058} INFO - Creating ORM DAG for dataset_produces_2
[2025-11-28T14:35:26.666+0000] {logging_mixin.py:188} INFO - [2025-11-28T14:35:26.666+0000] {dag.py:3058} INFO - Creating ORM DAG for dataset_consumes_unknown_never_scheduled
[2025-11-28T14:35:26.667+0000] {logging_mixin.py:188} INFO - [2025-11-28T14:35:26.667+0000] {dag.py:3058} INFO - Creating ORM DAG for dataset_consumes_1_never_scheduled
[2025-11-28T14:35:26.679+0000] {logging_mixin.py:188} INFO - [2025-11-28T14:35:26.678+0000] {dag.py:3823} INFO - Setting next_dagrun for dataset_consumes_1 to None, run_after=None
[2025-11-28T14:35:26.680+0000] {logging_mixin.py:188} INFO - [2025-11-28T14:35:26.680+0000] {dag.py:3823} INFO - Setting next_dagrun for dataset_consumes_1_and_2 to None, run_after=None
[2025-11-28T14:35:26.681+0000] {logging_mixin.py:188} INFO - [2025-11-28T14:35:26.680+0000] {dag.py:3823} INFO - Setting next_dagrun for dataset_consumes_1_never_scheduled to None, run_after=None
[2025-11-28T14:35:26.681+0000] {logging_mixin.py:188} INFO - [2025-11-28T14:35:26.681+0000] {dag.py:3823} INFO - Setting next_dagrun for dataset_consumes_unknown_never_scheduled to None, run_after=None
[2025-11-28T14:35:26.685+0000] {logging_mixin.py:188} INFO - [2025-11-28T14:35:26.685+0000] {dag.py:3823} INFO - Setting next_dagrun for dataset_produces_1 to 2025-11-27 00:00:00+00:00, run_after=2025-11-28 00:00:00+00:00
[2025-11-28T14:35:26.686+0000] {logging_mixin.py:188} INFO - [2025-11-28T14:35:26.686+0000] {dag.py:3823} INFO - Setting next_dagrun for dataset_produces_2 to None, run_after=None
[2025-11-28T14:35:26.739+0000] {processor.py:183} INFO - Processing /home/airflow/.local/lib/python3.8/site-packages/airflow/example_dags/example_datasets.py took 0.482 seconds
[2025-11-28T14:35:57.317+0000] {processor.py:161} INFO - Started process (PID=594) to work on /home/airflow/.local/lib/python3.8/site-packages/airflow/example_dags/example_datasets.py
[2025-11-28T14:35:57.319+0000] {processor.py:830} INFO - Processing file /home/airflow/.local/lib/python3.8/site-packages/airflow/example_dags/example_datasets.py for tasks to queue
[2025-11-28T14:35:57.322+0000] {logging_mixin.py:188} INFO - [2025-11-28T14:35:57.322+0000] {dagbag.py:538} INFO - Filling up the DagBag from /home/airflow/.local/lib/python3.8/site-packages/airflow/example_dags/example_datasets.py
[2025-11-28T14:35:57.337+0000] {processor.py:840} INFO - DAG(s) 'dataset_produces_2', 'dataset_consumes_1_and_2', 'dataset_produces_1', 'dataset_consumes_1', 'dataset_consumes_1_never_scheduled', 'dataset_consumes_unknown_never_scheduled' retrieved from /home/airflow/.local/lib/python3.8/site-packages/airflow/example_dags/example_datasets.py
[2025-11-28T14:35:57.390+0000] {logging_mixin.py:188} INFO - [2025-11-28T14:35:57.390+0000] {dag.py:3036} INFO - Sync 6 DAGs
[2025-11-28T14:35:57.419+0000] {logging_mixin.py:188} INFO - [2025-11-28T14:35:57.419+0000] {dag.py:3823} INFO - Setting next_dagrun for dataset_consumes_1 to None, run_after=None
[2025-11-28T14:35:57.424+0000] {logging_mixin.py:188} INFO - [2025-11-28T14:35:57.424+0000] {dag.py:3823} INFO - Setting next_dagrun for dataset_consumes_1_and_2 to None, run_after=None
[2025-11-28T14:35:57.426+0000] {logging_mixin.py:188} INFO - [2025-11-28T14:35:57.426+0000] {dag.py:3823} INFO - Setting next_dagrun for dataset_consumes_1_never_scheduled to None, run_after=None
[2025-11-28T14:35:57.428+0000] {logging_mixin.py:188} INFO - [2025-11-28T14:35:57.427+0000] {dag.py:3823} INFO - Setting next_dagrun for dataset_consumes_unknown_never_scheduled to None, run_after=None
[2025-11-28T14:35:57.432+0000] {logging_mixin.py:188} INFO - [2025-11-28T14:35:57.432+0000] {dag.py:3823} INFO - Setting next_dagrun for dataset_produces_1 to 2025-11-27 00:00:00+00:00, run_after=2025-11-28 00:00:00+00:00
[2025-11-28T14:35:57.433+0000] {logging_mixin.py:188} INFO - [2025-11-28T14:35:57.433+0000] {dag.py:3823} INFO - Setting next_dagrun for dataset_produces_2 to None, run_after=None
[2025-11-28T14:35:57.482+0000] {processor.py:183} INFO - Processing /home/airflow/.local/lib/python3.8/site-packages/airflow/example_dags/example_datasets.py took 0.172 seconds
[2025-11-28T14:36:27.676+0000] {processor.py:161} INFO - Started process (PID=651) to work on /home/airflow/.local/lib/python3.8/site-packages/airflow/example_dags/example_datasets.py
[2025-11-28T14:36:27.678+0000] {processor.py:830} INFO - Processing file /home/airflow/.local/lib/python3.8/site-packages/airflow/example_dags/example_datasets.py for tasks to queue
[2025-11-28T14:36:27.682+0000] {logging_mixin.py:188} INFO - [2025-11-28T14:36:27.681+0000] {dagbag.py:538} INFO - Filling up the DagBag from /home/airflow/.local/lib/python3.8/site-packages/airflow/example_dags/example_datasets.py
[2025-11-28T14:36:27.704+0000] {processor.py:840} INFO - DAG(s) 'dataset_produces_1', 'dataset_consumes_unknown_never_scheduled', 'dataset_consumes_1_never_scheduled', 'dataset_consumes_1_and_2', 'dataset_produces_2', 'dataset_consumes_1' retrieved from /home/airflow/.local/lib/python3.8/site-packages/airflow/example_dags/example_datasets.py
[2025-11-28T14:36:27.763+0000] {logging_mixin.py:188} INFO - [2025-11-28T14:36:27.762+0000] {dag.py:3036} INFO - Sync 6 DAGs
[2025-11-28T14:36:27.811+0000] {logging_mixin.py:188} INFO - [2025-11-28T14:36:27.810+0000] {dag.py:3823} INFO - Setting next_dagrun for dataset_consumes_1 to None, run_after=None
[2025-11-28T14:36:27.816+0000] {logging_mixin.py:188} INFO - [2025-11-28T14:36:27.815+0000] {dag.py:3823} INFO - Setting next_dagrun for dataset_consumes_1_and_2 to None, run_after=None
[2025-11-28T14:36:27.817+0000] {logging_mixin.py:188} INFO - [2025-11-28T14:36:27.817+0000] {dag.py:3823} INFO - Setting next_dagrun for dataset_consumes_1_never_scheduled to None, run_after=None
[2025-11-28T14:36:27.819+0000] {logging_mixin.py:188} INFO - [2025-11-28T14:36:27.819+0000] {dag.py:3823} INFO - Setting next_dagrun for dataset_consumes_unknown_never_scheduled to None, run_after=None
[2025-11-28T14:36:27.823+0000] {logging_mixin.py:188} INFO - [2025-11-28T14:36:27.823+0000] {dag.py:3823} INFO - Setting next_dagrun for dataset_produces_1 to 2025-11-27 00:00:00+00:00, run_after=2025-11-28 00:00:00+00:00
[2025-11-28T14:36:27.825+0000] {logging_mixin.py:188} INFO - [2025-11-28T14:36:27.824+0000] {dag.py:3823} INFO - Setting next_dagrun for dataset_produces_2 to None, run_after=None
[2025-11-28T14:36:27.871+0000] {processor.py:183} INFO - Processing /home/airflow/.local/lib/python3.8/site-packages/airflow/example_dags/example_datasets.py took 0.203 seconds
[2025-11-28T14:36:57.947+0000] {processor.py:161} INFO - Started process (PID=709) to work on /home/airflow/.local/lib/python3.8/site-packages/airflow/example_dags/example_datasets.py
[2025-11-28T14:36:57.949+0000] {processor.py:830} INFO - Processing file /home/airflow/.local/lib/python3.8/site-packages/airflow/example_dags/example_datasets.py for tasks to queue
[2025-11-28T14:36:57.952+0000] {logging_mixin.py:188} INFO - [2025-11-28T14:36:57.952+0000] {dagbag.py:538} INFO - Filling up the DagBag from /home/airflow/.local/lib/python3.8/site-packages/airflow/example_dags/example_datasets.py
[2025-11-28T14:36:57.967+0000] {processor.py:840} INFO - DAG(s) 'dataset_produces_2', 'dataset_consumes_1', 'dataset_consumes_1_and_2', 'dataset_consumes_1_never_scheduled', 'dataset_produces_1', 'dataset_consumes_unknown_never_scheduled' retrieved from /home/airflow/.local/lib/python3.8/site-packages/airflow/example_dags/example_datasets.py
[2025-11-28T14:36:58.023+0000] {logging_mixin.py:188} INFO - [2025-11-28T14:36:58.022+0000] {dag.py:3036} INFO - Sync 6 DAGs
[2025-11-28T14:36:58.051+0000] {logging_mixin.py:188} INFO - [2025-11-28T14:36:58.051+0000] {dag.py:3823} INFO - Setting next_dagrun for dataset_consumes_1 to None, run_after=None
[2025-11-28T14:36:58.055+0000] {logging_mixin.py:188} INFO - [2025-11-28T14:36:58.055+0000] {dag.py:3823} INFO - Setting next_dagrun for dataset_consumes_1_and_2 to None, run_after=None
[2025-11-28T14:36:58.057+0000] {logging_mixin.py:188} INFO - [2025-11-28T14:36:58.057+0000] {dag.py:3823} INFO - Setting next_dagrun for dataset_consumes_1_never_scheduled to None, run_after=None
[2025-11-28T14:36:58.058+0000] {logging_mixin.py:188} INFO - [2025-11-28T14:36:58.058+0000] {dag.py:3823} INFO - Setting next_dagrun for dataset_consumes_unknown_never_scheduled to None, run_after=None
[2025-11-28T14:36:58.062+0000] {logging_mixin.py:188} INFO - [2025-11-28T14:36:58.062+0000] {dag.py:3823} INFO - Setting next_dagrun for dataset_produces_1 to 2025-11-27 00:00:00+00:00, run_after=2025-11-28 00:00:00+00:00
[2025-11-28T14:36:58.065+0000] {logging_mixin.py:188} INFO - [2025-11-28T14:36:58.065+0000] {dag.py:3823} INFO - Setting next_dagrun for dataset_produces_2 to None, run_after=None
[2025-11-28T14:36:58.112+0000] {processor.py:183} INFO - Processing /home/airflow/.local/lib/python3.8/site-packages/airflow/example_dags/example_datasets.py took 0.171 seconds
[2025-11-28T14:37:28.364+0000] {processor.py:161} INFO - Started process (PID=767) to work on /home/airflow/.local/lib/python3.8/site-packages/airflow/example_dags/example_datasets.py
[2025-11-28T14:37:28.366+0000] {processor.py:830} INFO - Processing file /home/airflow/.local/lib/python3.8/site-packages/airflow/example_dags/example_datasets.py for tasks to queue
[2025-11-28T14:37:28.369+0000] {logging_mixin.py:188} INFO - [2025-11-28T14:37:28.369+0000] {dagbag.py:538} INFO - Filling up the DagBag from /home/airflow/.local/lib/python3.8/site-packages/airflow/example_dags/example_datasets.py
[2025-11-28T14:37:28.385+0000] {processor.py:840} INFO - DAG(s) 'dataset_consumes_1_and_2', 'dataset_consumes_1_never_scheduled', 'dataset_consumes_unknown_never_scheduled', 'dataset_produces_2', 'dataset_produces_1', 'dataset_consumes_1' retrieved from /home/airflow/.local/lib/python3.8/site-packages/airflow/example_dags/example_datasets.py
[2025-11-28T14:37:28.455+0000] {logging_mixin.py:188} INFO - [2025-11-28T14:37:28.455+0000] {dag.py:3036} INFO - Sync 6 DAGs
[2025-11-28T14:37:28.495+0000] {logging_mixin.py:188} INFO - [2025-11-28T14:37:28.495+0000] {dag.py:3823} INFO - Setting next_dagrun for dataset_consumes_1 to None, run_after=None
[2025-11-28T14:37:28.500+0000] {logging_mixin.py:188} INFO - [2025-11-28T14:37:28.500+0000] {dag.py:3823} INFO - Setting next_dagrun for dataset_consumes_1_and_2 to None, run_after=None
[2025-11-28T14:37:28.502+0000] {logging_mixin.py:188} INFO - [2025-11-28T14:37:28.502+0000] {dag.py:3823} INFO - Setting next_dagrun for dataset_consumes_1_never_scheduled to None, run_after=None
[2025-11-28T14:37:28.504+0000] {logging_mixin.py:188} INFO - [2025-11-28T14:37:28.504+0000] {dag.py:3823} INFO - Setting next_dagrun for dataset_consumes_unknown_never_scheduled to None, run_after=None
[2025-11-28T14:37:28.509+0000] {logging_mixin.py:188} INFO - [2025-11-28T14:37:28.508+0000] {dag.py:3823} INFO - Setting next_dagrun for dataset_produces_1 to 2025-11-27 00:00:00+00:00, run_after=2025-11-28 00:00:00+00:00
[2025-11-28T14:37:28.511+0000] {logging_mixin.py:188} INFO - [2025-11-28T14:37:28.511+0000] {dag.py:3823} INFO - Setting next_dagrun for dataset_produces_2 to None, run_after=None
[2025-11-28T14:37:28.560+0000] {processor.py:183} INFO - Processing /home/airflow/.local/lib/python3.8/site-packages/airflow/example_dags/example_datasets.py took 0.202 seconds
[2025-11-28T14:37:59.443+0000] {processor.py:161} INFO - Started process (PID=831) to work on /home/airflow/.local/lib/python3.8/site-packages/airflow/example_dags/example_datasets.py
[2025-11-28T14:37:59.445+0000] {processor.py:830} INFO - Processing file /home/airflow/.local/lib/python3.8/site-packages/airflow/example_dags/example_datasets.py for tasks to queue
[2025-11-28T14:37:59.449+0000] {logging_mixin.py:188} INFO - [2025-11-28T14:37:59.449+0000] {dagbag.py:538} INFO - Filling up the DagBag from /home/airflow/.local/lib/python3.8/site-packages/airflow/example_dags/example_datasets.py
[2025-11-28T14:37:59.466+0000] {processor.py:840} INFO - DAG(s) 'dataset_consumes_unknown_never_scheduled', 'dataset_consumes_1_never_scheduled', 'dataset_consumes_1', 'dataset_produces_1', 'dataset_consumes_1_and_2', 'dataset_produces_2' retrieved from /home/airflow/.local/lib/python3.8/site-packages/airflow/example_dags/example_datasets.py
[2025-11-28T14:37:59.524+0000] {logging_mixin.py:188} INFO - [2025-11-28T14:37:59.523+0000] {dag.py:3036} INFO - Sync 6 DAGs
[2025-11-28T14:37:59.553+0000] {logging_mixin.py:188} INFO - [2025-11-28T14:37:59.553+0000] {dag.py:3823} INFO - Setting next_dagrun for dataset_consumes_1 to None, run_after=None
[2025-11-28T14:37:59.558+0000] {logging_mixin.py:188} INFO - [2025-11-28T14:37:59.557+0000] {dag.py:3823} INFO - Setting next_dagrun for dataset_consumes_1_and_2 to None, run_after=None
[2025-11-28T14:37:59.560+0000] {logging_mixin.py:188} INFO - [2025-11-28T14:37:59.559+0000] {dag.py:3823} INFO - Setting next_dagrun for dataset_consumes_1_never_scheduled to None, run_after=None
[2025-11-28T14:37:59.561+0000] {logging_mixin.py:188} INFO - [2025-11-28T14:37:59.561+0000] {dag.py:3823} INFO - Setting next_dagrun for dataset_consumes_unknown_never_scheduled to None, run_after=None
[2025-11-28T14:37:59.565+0000] {logging_mixin.py:188} INFO - [2025-11-28T14:37:59.565+0000] {dag.py:3823} INFO - Setting next_dagrun for dataset_produces_1 to 2025-11-27 00:00:00+00:00, run_after=2025-11-28 00:00:00+00:00
[2025-11-28T14:37:59.567+0000] {logging_mixin.py:188} INFO - [2025-11-28T14:37:59.567+0000] {dag.py:3823} INFO - Setting next_dagrun for dataset_produces_2 to None, run_after=None
[2025-11-28T14:37:59.614+0000] {processor.py:183} INFO - Processing /home/airflow/.local/lib/python3.8/site-packages/airflow/example_dags/example_datasets.py took 0.182 seconds
[2025-11-28T14:38:29.777+0000] {processor.py:161} INFO - Started process (PID=890) to work on /home/airflow/.local/lib/python3.8/site-packages/airflow/example_dags/example_datasets.py
[2025-11-28T14:38:29.778+0000] {processor.py:830} INFO - Processing file /home/airflow/.local/lib/python3.8/site-packages/airflow/example_dags/example_datasets.py for tasks to queue
[2025-11-28T14:38:29.781+0000] {logging_mixin.py:188} INFO - [2025-11-28T14:38:29.780+0000] {dagbag.py:538} INFO - Filling up the DagBag from /home/airflow/.local/lib/python3.8/site-packages/airflow/example_dags/example_datasets.py
[2025-11-28T14:38:29.796+0000] {processor.py:840} INFO - DAG(s) 'dataset_consumes_1_and_2', 'dataset_produces_2', 'dataset_consumes_1', 'dataset_produces_1', 'dataset_consumes_1_never_scheduled', 'dataset_consumes_unknown_never_scheduled' retrieved from /home/airflow/.local/lib/python3.8/site-packages/airflow/example_dags/example_datasets.py
[2025-11-28T14:38:29.852+0000] {logging_mixin.py:188} INFO - [2025-11-28T14:38:29.852+0000] {dag.py:3036} INFO - Sync 6 DAGs
[2025-11-28T14:38:29.883+0000] {logging_mixin.py:188} INFO - [2025-11-28T14:38:29.883+0000] {dag.py:3823} INFO - Setting next_dagrun for dataset_consumes_1 to None, run_after=None
[2025-11-28T14:38:29.888+0000] {logging_mixin.py:188} INFO - [2025-11-28T14:38:29.888+0000] {dag.py:3823} INFO - Setting next_dagrun for dataset_consumes_1_and_2 to None, run_after=None
[2025-11-28T14:38:29.890+0000] {logging_mixin.py:188} INFO - [2025-11-28T14:38:29.890+0000] {dag.py:3823} INFO - Setting next_dagrun for dataset_consumes_1_never_scheduled to None, run_after=None
[2025-11-28T14:38:29.892+0000] {logging_mixin.py:188} INFO - [2025-11-28T14:38:29.892+0000] {dag.py:3823} INFO - Setting next_dagrun for dataset_consumes_unknown_never_scheduled to None, run_after=None
[2025-11-28T14:38:29.897+0000] {logging_mixin.py:188} INFO - [2025-11-28T14:38:29.896+0000] {dag.py:3823} INFO - Setting next_dagrun for dataset_produces_1 to 2025-11-27 00:00:00+00:00, run_after=2025-11-28 00:00:00+00:00
[2025-11-28T14:38:29.898+0000] {logging_mixin.py:188} INFO - [2025-11-28T14:38:29.898+0000] {dag.py:3823} INFO - Setting next_dagrun for dataset_produces_2 to None, run_after=None
[2025-11-28T14:38:29.946+0000] {processor.py:183} INFO - Processing /home/airflow/.local/lib/python3.8/site-packages/airflow/example_dags/example_datasets.py took 0.175 seconds
[2025-11-28T14:39:00.031+0000] {processor.py:161} INFO - Started process (PID=948) to work on /home/airflow/.local/lib/python3.8/site-packages/airflow/example_dags/example_datasets.py
[2025-11-28T14:39:00.033+0000] {processor.py:830} INFO - Processing file /home/airflow/.local/lib/python3.8/site-packages/airflow/example_dags/example_datasets.py for tasks to queue
[2025-11-28T14:39:00.036+0000] {logging_mixin.py:188} INFO - [2025-11-28T14:39:00.036+0000] {dagbag.py:538} INFO - Filling up the DagBag from /home/airflow/.local/lib/python3.8/site-packages/airflow/example_dags/example_datasets.py
[2025-11-28T14:39:00.053+0000] {processor.py:840} INFO - DAG(s) 'dataset_produces_2', 'dataset_produces_1', 'dataset_consumes_unknown_never_scheduled', 'dataset_consumes_1_and_2', 'dataset_consumes_1', 'dataset_consumes_1_never_scheduled' retrieved from /home/airflow/.local/lib/python3.8/site-packages/airflow/example_dags/example_datasets.py
[2025-11-28T14:39:00.123+0000] {logging_mixin.py:188} INFO - [2025-11-28T14:39:00.123+0000] {dag.py:3036} INFO - Sync 6 DAGs
[2025-11-28T14:39:00.158+0000] {logging_mixin.py:188} INFO - [2025-11-28T14:39:00.157+0000] {dag.py:3823} INFO - Setting next_dagrun for dataset_consumes_1 to None, run_after=None
[2025-11-28T14:39:00.163+0000] {logging_mixin.py:188} INFO - [2025-11-28T14:39:00.163+0000] {dag.py:3823} INFO - Setting next_dagrun for dataset_consumes_1_and_2 to None, run_after=None
[2025-11-28T14:39:00.165+0000] {logging_mixin.py:188} INFO - [2025-11-28T14:39:00.165+0000] {dag.py:3823} INFO - Setting next_dagrun for dataset_consumes_1_never_scheduled to None, run_after=None
[2025-11-28T14:39:00.167+0000] {logging_mixin.py:188} INFO - [2025-11-28T14:39:00.167+0000] {dag.py:3823} INFO - Setting next_dagrun for dataset_consumes_unknown_never_scheduled to None, run_after=None
[2025-11-28T14:39:00.172+0000] {logging_mixin.py:188} INFO - [2025-11-28T14:39:00.172+0000] {dag.py:3823} INFO - Setting next_dagrun for dataset_produces_1 to 2025-11-27 00:00:00+00:00, run_after=2025-11-28 00:00:00+00:00
[2025-11-28T14:39:00.174+0000] {logging_mixin.py:188} INFO - [2025-11-28T14:39:00.174+0000] {dag.py:3823} INFO - Setting next_dagrun for dataset_produces_2 to None, run_after=None
[2025-11-28T14:39:00.222+0000] {processor.py:183} INFO - Processing /home/airflow/.local/lib/python3.8/site-packages/airflow/example_dags/example_datasets.py took 0.197 seconds
[2025-11-28T14:39:30.453+0000] {processor.py:161} INFO - Started process (PID=1006) to work on /home/airflow/.local/lib/python3.8/site-packages/airflow/example_dags/example_datasets.py
[2025-11-28T14:39:30.455+0000] {processor.py:830} INFO - Processing file /home/airflow/.local/lib/python3.8/site-packages/airflow/example_dags/example_datasets.py for tasks to queue
[2025-11-28T14:39:30.459+0000] {logging_mixin.py:188} INFO - [2025-11-28T14:39:30.459+0000] {dagbag.py:538} INFO - Filling up the DagBag from /home/airflow/.local/lib/python3.8/site-packages/airflow/example_dags/example_datasets.py
[2025-11-28T14:39:30.477+0000] {processor.py:840} INFO - DAG(s) 'dataset_consumes_unknown_never_scheduled', 'dataset_produces_1', 'dataset_consumes_1', 'dataset_consumes_1_and_2', 'dataset_produces_2', 'dataset_consumes_1_never_scheduled' retrieved from /home/airflow/.local/lib/python3.8/site-packages/airflow/example_dags/example_datasets.py
[2025-11-28T14:39:30.530+0000] {logging_mixin.py:188} INFO - [2025-11-28T14:39:30.529+0000] {dag.py:3036} INFO - Sync 6 DAGs
[2025-11-28T14:39:30.559+0000] {logging_mixin.py:188} INFO - [2025-11-28T14:39:30.559+0000] {dag.py:3823} INFO - Setting next_dagrun for dataset_consumes_1 to None, run_after=None
[2025-11-28T14:39:30.564+0000] {logging_mixin.py:188} INFO - [2025-11-28T14:39:30.563+0000] {dag.py:3823} INFO - Setting next_dagrun for dataset_consumes_1_and_2 to None, run_after=None
[2025-11-28T14:39:30.565+0000] {logging_mixin.py:188} INFO - [2025-11-28T14:39:30.565+0000] {dag.py:3823} INFO - Setting next_dagrun for dataset_consumes_1_never_scheduled to None, run_after=None
[2025-11-28T14:39:30.567+0000] {logging_mixin.py:188} INFO - [2025-11-28T14:39:30.566+0000] {dag.py:3823} INFO - Setting next_dagrun for dataset_consumes_unknown_never_scheduled to None, run_after=None
[2025-11-28T14:39:30.570+0000] {logging_mixin.py:188} INFO - [2025-11-28T14:39:30.570+0000] {dag.py:3823} INFO - Setting next_dagrun for dataset_produces_1 to 2025-11-27 00:00:00+00:00, run_after=2025-11-28 00:00:00+00:00
[2025-11-28T14:39:30.572+0000] {logging_mixin.py:188} INFO - [2025-11-28T14:39:30.572+0000] {dag.py:3823} INFO - Setting next_dagrun for dataset_produces_2 to None, run_after=None
[2025-11-28T14:39:30.614+0000] {processor.py:183} INFO - Processing /home/airflow/.local/lib/python3.8/site-packages/airflow/example_dags/example_datasets.py took 0.169 seconds
