[2025-11-28T14:35:20.730+0000] {processor.py:161} INFO - Started process (PID=502) to work on /home/airflow/.local/lib/python3.8/site-packages/airflow/example_dags/example_latest_only.py
[2025-11-28T14:35:20.731+0000] {processor.py:830} INFO - Processing file /home/airflow/.local/lib/python3.8/site-packages/airflow/example_dags/example_latest_only.py for tasks to queue
[2025-11-28T14:35:20.734+0000] {logging_mixin.py:188} INFO - [2025-11-28T14:35:20.734+0000] {dagbag.py:538} INFO - Filling up the DagBag from /home/airflow/.local/lib/python3.8/site-packages/airflow/example_dags/example_latest_only.py
[2025-11-28T14:35:20.743+0000] {processor.py:840} INFO - DAG(s) 'latest_only' retrieved from /home/airflow/.local/lib/python3.8/site-packages/airflow/example_dags/example_latest_only.py
[2025-11-28T14:35:20.905+0000] {logging_mixin.py:188} INFO - [2025-11-28T14:35:20.905+0000] {override.py:1769} INFO - Created Permission View: can read on DAG:latest_only
[2025-11-28T14:35:20.920+0000] {logging_mixin.py:188} INFO - [2025-11-28T14:35:20.918+0000] {override.py:1769} INFO - Created Permission View: can delete on DAG:latest_only
[2025-11-28T14:35:20.929+0000] {logging_mixin.py:188} INFO - [2025-11-28T14:35:20.929+0000] {override.py:1769} INFO - Created Permission View: can edit on DAG:latest_only
[2025-11-28T14:35:20.930+0000] {logging_mixin.py:188} INFO - [2025-11-28T14:35:20.929+0000] {dag.py:3036} INFO - Sync 1 DAGs
[2025-11-28T14:35:20.945+0000] {logging_mixin.py:188} INFO - [2025-11-28T14:35:20.945+0000] {dag.py:3058} INFO - Creating ORM DAG for latest_only
[2025-11-28T14:35:20.959+0000] {logging_mixin.py:188} INFO - [2025-11-28T14:35:20.958+0000] {dag.py:3823} INFO - Setting next_dagrun for latest_only to 2025-11-28 08:00:00+00:00, run_after=2025-11-28 12:00:00+00:00
[2025-11-28T14:35:20.982+0000] {processor.py:183} INFO - Processing /home/airflow/.local/lib/python3.8/site-packages/airflow/example_dags/example_latest_only.py took 0.258 seconds
[2025-11-28T14:35:51.419+0000] {processor.py:161} INFO - Started process (PID=560) to work on /home/airflow/.local/lib/python3.8/site-packages/airflow/example_dags/example_latest_only.py
[2025-11-28T14:35:51.421+0000] {processor.py:830} INFO - Processing file /home/airflow/.local/lib/python3.8/site-packages/airflow/example_dags/example_latest_only.py for tasks to queue
[2025-11-28T14:35:51.424+0000] {logging_mixin.py:188} INFO - [2025-11-28T14:35:51.424+0000] {dagbag.py:538} INFO - Filling up the DagBag from /home/airflow/.local/lib/python3.8/site-packages/airflow/example_dags/example_latest_only.py
[2025-11-28T14:35:51.433+0000] {processor.py:840} INFO - DAG(s) 'latest_only' retrieved from /home/airflow/.local/lib/python3.8/site-packages/airflow/example_dags/example_latest_only.py
[2025-11-28T14:35:51.467+0000] {logging_mixin.py:188} INFO - [2025-11-28T14:35:51.466+0000] {dag.py:3036} INFO - Sync 1 DAGs
[2025-11-28T14:35:51.496+0000] {logging_mixin.py:188} INFO - [2025-11-28T14:35:51.495+0000] {dag.py:3823} INFO - Setting next_dagrun for latest_only to 2025-11-28 08:00:00+00:00, run_after=2025-11-28 12:00:00+00:00
[2025-11-28T14:35:51.522+0000] {processor.py:183} INFO - Processing /home/airflow/.local/lib/python3.8/site-packages/airflow/example_dags/example_latest_only.py took 0.109 seconds
[2025-11-28T14:36:21.817+0000] {processor.py:161} INFO - Started process (PID=618) to work on /home/airflow/.local/lib/python3.8/site-packages/airflow/example_dags/example_latest_only.py
[2025-11-28T14:36:21.818+0000] {processor.py:830} INFO - Processing file /home/airflow/.local/lib/python3.8/site-packages/airflow/example_dags/example_latest_only.py for tasks to queue
[2025-11-28T14:36:21.821+0000] {logging_mixin.py:188} INFO - [2025-11-28T14:36:21.821+0000] {dagbag.py:538} INFO - Filling up the DagBag from /home/airflow/.local/lib/python3.8/site-packages/airflow/example_dags/example_latest_only.py
[2025-11-28T14:36:21.829+0000] {processor.py:840} INFO - DAG(s) 'latest_only' retrieved from /home/airflow/.local/lib/python3.8/site-packages/airflow/example_dags/example_latest_only.py
[2025-11-28T14:36:21.860+0000] {logging_mixin.py:188} INFO - [2025-11-28T14:36:21.860+0000] {dag.py:3036} INFO - Sync 1 DAGs
[2025-11-28T14:36:21.889+0000] {logging_mixin.py:188} INFO - [2025-11-28T14:36:21.888+0000] {dag.py:3823} INFO - Setting next_dagrun for latest_only to 2025-11-28 08:00:00+00:00, run_after=2025-11-28 12:00:00+00:00
[2025-11-28T14:36:21.929+0000] {processor.py:183} INFO - Processing /home/airflow/.local/lib/python3.8/site-packages/airflow/example_dags/example_latest_only.py took 0.118 seconds
[2025-11-28T14:36:52.223+0000] {processor.py:161} INFO - Started process (PID=676) to work on /home/airflow/.local/lib/python3.8/site-packages/airflow/example_dags/example_latest_only.py
[2025-11-28T14:36:52.228+0000] {processor.py:830} INFO - Processing file /home/airflow/.local/lib/python3.8/site-packages/airflow/example_dags/example_latest_only.py for tasks to queue
[2025-11-28T14:36:52.232+0000] {logging_mixin.py:188} INFO - [2025-11-28T14:36:52.231+0000] {dagbag.py:538} INFO - Filling up the DagBag from /home/airflow/.local/lib/python3.8/site-packages/airflow/example_dags/example_latest_only.py
[2025-11-28T14:36:52.241+0000] {processor.py:840} INFO - DAG(s) 'latest_only' retrieved from /home/airflow/.local/lib/python3.8/site-packages/airflow/example_dags/example_latest_only.py
[2025-11-28T14:36:52.274+0000] {logging_mixin.py:188} INFO - [2025-11-28T14:36:52.274+0000] {dag.py:3036} INFO - Sync 1 DAGs
[2025-11-28T14:36:52.304+0000] {logging_mixin.py:188} INFO - [2025-11-28T14:36:52.303+0000] {dag.py:3823} INFO - Setting next_dagrun for latest_only to 2025-11-28 08:00:00+00:00, run_after=2025-11-28 12:00:00+00:00
[2025-11-28T14:36:52.330+0000] {processor.py:183} INFO - Processing /home/airflow/.local/lib/python3.8/site-packages/airflow/example_dags/example_latest_only.py took 0.114 seconds
[2025-11-28T14:37:22.704+0000] {processor.py:161} INFO - Started process (PID=734) to work on /home/airflow/.local/lib/python3.8/site-packages/airflow/example_dags/example_latest_only.py
[2025-11-28T14:37:22.705+0000] {processor.py:830} INFO - Processing file /home/airflow/.local/lib/python3.8/site-packages/airflow/example_dags/example_latest_only.py for tasks to queue
[2025-11-28T14:37:22.708+0000] {logging_mixin.py:188} INFO - [2025-11-28T14:37:22.708+0000] {dagbag.py:538} INFO - Filling up the DagBag from /home/airflow/.local/lib/python3.8/site-packages/airflow/example_dags/example_latest_only.py
[2025-11-28T14:37:22.717+0000] {processor.py:840} INFO - DAG(s) 'latest_only' retrieved from /home/airflow/.local/lib/python3.8/site-packages/airflow/example_dags/example_latest_only.py
[2025-11-28T14:37:22.755+0000] {logging_mixin.py:188} INFO - [2025-11-28T14:37:22.755+0000] {dag.py:3036} INFO - Sync 1 DAGs
[2025-11-28T14:37:22.786+0000] {logging_mixin.py:188} INFO - [2025-11-28T14:37:22.786+0000] {dag.py:3823} INFO - Setting next_dagrun for latest_only to 2025-11-28 08:00:00+00:00, run_after=2025-11-28 12:00:00+00:00
[2025-11-28T14:37:22.814+0000] {processor.py:183} INFO - Processing /home/airflow/.local/lib/python3.8/site-packages/airflow/example_dags/example_latest_only.py took 0.116 seconds
[2025-11-28T14:37:53.465+0000] {processor.py:161} INFO - Started process (PID=792) to work on /home/airflow/.local/lib/python3.8/site-packages/airflow/example_dags/example_latest_only.py
[2025-11-28T14:37:53.467+0000] {processor.py:830} INFO - Processing file /home/airflow/.local/lib/python3.8/site-packages/airflow/example_dags/example_latest_only.py for tasks to queue
[2025-11-28T14:37:53.470+0000] {logging_mixin.py:188} INFO - [2025-11-28T14:37:53.469+0000] {dagbag.py:538} INFO - Filling up the DagBag from /home/airflow/.local/lib/python3.8/site-packages/airflow/example_dags/example_latest_only.py
[2025-11-28T14:37:53.479+0000] {processor.py:840} INFO - DAG(s) 'latest_only' retrieved from /home/airflow/.local/lib/python3.8/site-packages/airflow/example_dags/example_latest_only.py
[2025-11-28T14:37:53.511+0000] {logging_mixin.py:188} INFO - [2025-11-28T14:37:53.511+0000] {dag.py:3036} INFO - Sync 1 DAGs
[2025-11-28T14:37:53.539+0000] {logging_mixin.py:188} INFO - [2025-11-28T14:37:53.539+0000] {dag.py:3823} INFO - Setting next_dagrun for latest_only to 2025-11-28 08:00:00+00:00, run_after=2025-11-28 12:00:00+00:00
[2025-11-28T14:37:53.570+0000] {processor.py:183} INFO - Processing /home/airflow/.local/lib/python3.8/site-packages/airflow/example_dags/example_latest_only.py took 0.111 seconds
[2025-11-28T14:38:23.922+0000] {processor.py:161} INFO - Started process (PID=850) to work on /home/airflow/.local/lib/python3.8/site-packages/airflow/example_dags/example_latest_only.py
[2025-11-28T14:38:23.924+0000] {processor.py:830} INFO - Processing file /home/airflow/.local/lib/python3.8/site-packages/airflow/example_dags/example_latest_only.py for tasks to queue
[2025-11-28T14:38:23.927+0000] {logging_mixin.py:188} INFO - [2025-11-28T14:38:23.926+0000] {dagbag.py:538} INFO - Filling up the DagBag from /home/airflow/.local/lib/python3.8/site-packages/airflow/example_dags/example_latest_only.py
[2025-11-28T14:38:23.937+0000] {processor.py:840} INFO - DAG(s) 'latest_only' retrieved from /home/airflow/.local/lib/python3.8/site-packages/airflow/example_dags/example_latest_only.py
[2025-11-28T14:38:23.972+0000] {logging_mixin.py:188} INFO - [2025-11-28T14:38:23.972+0000] {dag.py:3036} INFO - Sync 1 DAGs
[2025-11-28T14:38:24.005+0000] {logging_mixin.py:188} INFO - [2025-11-28T14:38:24.005+0000] {dag.py:3823} INFO - Setting next_dagrun for latest_only to 2025-11-28 08:00:00+00:00, run_after=2025-11-28 12:00:00+00:00
[2025-11-28T14:38:24.044+0000] {processor.py:183} INFO - Processing /home/airflow/.local/lib/python3.8/site-packages/airflow/example_dags/example_latest_only.py took 0.128 seconds
[2025-11-28T14:38:54.464+0000] {processor.py:161} INFO - Started process (PID=908) to work on /home/airflow/.local/lib/python3.8/site-packages/airflow/example_dags/example_latest_only.py
[2025-11-28T14:38:54.467+0000] {processor.py:830} INFO - Processing file /home/airflow/.local/lib/python3.8/site-packages/airflow/example_dags/example_latest_only.py for tasks to queue
[2025-11-28T14:38:54.470+0000] {logging_mixin.py:188} INFO - [2025-11-28T14:38:54.469+0000] {dagbag.py:538} INFO - Filling up the DagBag from /home/airflow/.local/lib/python3.8/site-packages/airflow/example_dags/example_latest_only.py
[2025-11-28T14:38:54.479+0000] {processor.py:840} INFO - DAG(s) 'latest_only' retrieved from /home/airflow/.local/lib/python3.8/site-packages/airflow/example_dags/example_latest_only.py
[2025-11-28T14:38:54.515+0000] {logging_mixin.py:188} INFO - [2025-11-28T14:38:54.514+0000] {dag.py:3036} INFO - Sync 1 DAGs
[2025-11-28T14:38:54.546+0000] {logging_mixin.py:188} INFO - [2025-11-28T14:38:54.545+0000] {dag.py:3823} INFO - Setting next_dagrun for latest_only to 2025-11-28 08:00:00+00:00, run_after=2025-11-28 12:00:00+00:00
[2025-11-28T14:38:54.575+0000] {processor.py:183} INFO - Processing /home/airflow/.local/lib/python3.8/site-packages/airflow/example_dags/example_latest_only.py took 0.117 seconds
[2025-11-28T14:39:24.939+0000] {processor.py:161} INFO - Started process (PID=967) to work on /home/airflow/.local/lib/python3.8/site-packages/airflow/example_dags/example_latest_only.py
[2025-11-28T14:39:24.941+0000] {processor.py:830} INFO - Processing file /home/airflow/.local/lib/python3.8/site-packages/airflow/example_dags/example_latest_only.py for tasks to queue
[2025-11-28T14:39:24.944+0000] {logging_mixin.py:188} INFO - [2025-11-28T14:39:24.943+0000] {dagbag.py:538} INFO - Filling up the DagBag from /home/airflow/.local/lib/python3.8/site-packages/airflow/example_dags/example_latest_only.py
[2025-11-28T14:39:24.956+0000] {processor.py:840} INFO - DAG(s) 'latest_only' retrieved from /home/airflow/.local/lib/python3.8/site-packages/airflow/example_dags/example_latest_only.py
[2025-11-28T14:39:25.005+0000] {logging_mixin.py:188} INFO - [2025-11-28T14:39:25.005+0000] {dag.py:3036} INFO - Sync 1 DAGs
[2025-11-28T14:39:25.034+0000] {logging_mixin.py:188} INFO - [2025-11-28T14:39:25.034+0000] {dag.py:3823} INFO - Setting next_dagrun for latest_only to 2025-11-28 08:00:00+00:00, run_after=2025-11-28 12:00:00+00:00
[2025-11-28T14:39:25.058+0000] {processor.py:183} INFO - Processing /home/airflow/.local/lib/python3.8/site-packages/airflow/example_dags/example_latest_only.py took 0.125 seconds
