[2025-11-28T14:35:25.412+0000] {processor.py:161} INFO - Started process (PID=531) to work on /home/airflow/.local/lib/python3.8/site-packages/airflow/example_dags/example_time_delta_sensor_async.py
[2025-11-28T14:35:25.413+0000] {processor.py:830} INFO - Processing file /home/airflow/.local/lib/python3.8/site-packages/airflow/example_dags/example_time_delta_sensor_async.py for tasks to queue
[2025-11-28T14:35:25.416+0000] {logging_mixin.py:188} INFO - [2025-11-28T14:35:25.416+0000] {dagbag.py:538} INFO - Filling up the DagBag from /home/airflow/.local/lib/python3.8/site-packages/airflow/example_dags/example_time_delta_sensor_async.py
[2025-11-28T14:35:25.428+0000] {processor.py:840} INFO - DAG(s) 'example_time_delta_sensor_async' retrieved from /home/airflow/.local/lib/python3.8/site-packages/airflow/example_dags/example_time_delta_sensor_async.py
[2025-11-28T14:35:25.579+0000] {logging_mixin.py:188} INFO - [2025-11-28T14:35:25.578+0000] {override.py:1769} INFO - Created Permission View: can read on DAG:example_time_delta_sensor_async
[2025-11-28T14:35:25.592+0000] {logging_mixin.py:188} INFO - [2025-11-28T14:35:25.591+0000] {override.py:1769} INFO - Created Permission View: can delete on DAG:example_time_delta_sensor_async
[2025-11-28T14:35:25.602+0000] {logging_mixin.py:188} INFO - [2025-11-28T14:35:25.602+0000] {override.py:1769} INFO - Created Permission View: can edit on DAG:example_time_delta_sensor_async
[2025-11-28T14:35:25.603+0000] {logging_mixin.py:188} INFO - [2025-11-28T14:35:25.603+0000] {dag.py:3036} INFO - Sync 1 DAGs
[2025-11-28T14:35:25.618+0000] {logging_mixin.py:188} INFO - [2025-11-28T14:35:25.618+0000] {dag.py:3058} INFO - Creating ORM DAG for example_time_delta_sensor_async
[2025-11-28T14:35:25.619+0000] {logging_mixin.py:188} INFO - [2025-11-28T14:35:25.619+0000] {dag.py:3823} INFO - Setting next_dagrun for example_time_delta_sensor_async to None, run_after=None
[2025-11-28T14:35:25.644+0000] {processor.py:183} INFO - Processing /home/airflow/.local/lib/python3.8/site-packages/airflow/example_dags/example_time_delta_sensor_async.py took 0.239 seconds
[2025-11-28T14:35:55.996+0000] {processor.py:161} INFO - Started process (PID=589) to work on /home/airflow/.local/lib/python3.8/site-packages/airflow/example_dags/example_time_delta_sensor_async.py
[2025-11-28T14:35:55.997+0000] {processor.py:830} INFO - Processing file /home/airflow/.local/lib/python3.8/site-packages/airflow/example_dags/example_time_delta_sensor_async.py for tasks to queue
[2025-11-28T14:35:56.000+0000] {logging_mixin.py:188} INFO - [2025-11-28T14:35:56.000+0000] {dagbag.py:538} INFO - Filling up the DagBag from /home/airflow/.local/lib/python3.8/site-packages/airflow/example_dags/example_time_delta_sensor_async.py
[2025-11-28T14:35:56.008+0000] {processor.py:840} INFO - DAG(s) 'example_time_delta_sensor_async' retrieved from /home/airflow/.local/lib/python3.8/site-packages/airflow/example_dags/example_time_delta_sensor_async.py
[2025-11-28T14:35:56.040+0000] {logging_mixin.py:188} INFO - [2025-11-28T14:35:56.040+0000] {dag.py:3036} INFO - Sync 1 DAGs
[2025-11-28T14:35:56.057+0000] {logging_mixin.py:188} INFO - [2025-11-28T14:35:56.056+0000] {dag.py:3823} INFO - Setting next_dagrun for example_time_delta_sensor_async to None, run_after=None
[2025-11-28T14:35:56.082+0000] {processor.py:183} INFO - Processing /home/airflow/.local/lib/python3.8/site-packages/airflow/example_dags/example_time_delta_sensor_async.py took 0.092 seconds
[2025-11-28T14:36:26.388+0000] {processor.py:161} INFO - Started process (PID=647) to work on /home/airflow/.local/lib/python3.8/site-packages/airflow/example_dags/example_time_delta_sensor_async.py
[2025-11-28T14:36:26.390+0000] {processor.py:830} INFO - Processing file /home/airflow/.local/lib/python3.8/site-packages/airflow/example_dags/example_time_delta_sensor_async.py for tasks to queue
[2025-11-28T14:36:26.393+0000] {logging_mixin.py:188} INFO - [2025-11-28T14:36:26.393+0000] {dagbag.py:538} INFO - Filling up the DagBag from /home/airflow/.local/lib/python3.8/site-packages/airflow/example_dags/example_time_delta_sensor_async.py
[2025-11-28T14:36:26.401+0000] {processor.py:840} INFO - DAG(s) 'example_time_delta_sensor_async' retrieved from /home/airflow/.local/lib/python3.8/site-packages/airflow/example_dags/example_time_delta_sensor_async.py
[2025-11-28T14:36:26.437+0000] {logging_mixin.py:188} INFO - [2025-11-28T14:36:26.437+0000] {dag.py:3036} INFO - Sync 1 DAGs
[2025-11-28T14:36:26.457+0000] {logging_mixin.py:188} INFO - [2025-11-28T14:36:26.457+0000] {dag.py:3823} INFO - Setting next_dagrun for example_time_delta_sensor_async to None, run_after=None
[2025-11-28T14:36:26.484+0000] {processor.py:183} INFO - Processing /home/airflow/.local/lib/python3.8/site-packages/airflow/example_dags/example_time_delta_sensor_async.py took 0.102 seconds
[2025-11-28T14:36:56.660+0000] {processor.py:161} INFO - Started process (PID=705) to work on /home/airflow/.local/lib/python3.8/site-packages/airflow/example_dags/example_time_delta_sensor_async.py
[2025-11-28T14:36:56.662+0000] {processor.py:830} INFO - Processing file /home/airflow/.local/lib/python3.8/site-packages/airflow/example_dags/example_time_delta_sensor_async.py for tasks to queue
[2025-11-28T14:36:56.666+0000] {logging_mixin.py:188} INFO - [2025-11-28T14:36:56.665+0000] {dagbag.py:538} INFO - Filling up the DagBag from /home/airflow/.local/lib/python3.8/site-packages/airflow/example_dags/example_time_delta_sensor_async.py
[2025-11-28T14:36:56.678+0000] {processor.py:840} INFO - DAG(s) 'example_time_delta_sensor_async' retrieved from /home/airflow/.local/lib/python3.8/site-packages/airflow/example_dags/example_time_delta_sensor_async.py
[2025-11-28T14:36:56.714+0000] {logging_mixin.py:188} INFO - [2025-11-28T14:36:56.714+0000] {dag.py:3036} INFO - Sync 1 DAGs
[2025-11-28T14:36:56.733+0000] {logging_mixin.py:188} INFO - [2025-11-28T14:36:56.732+0000] {dag.py:3823} INFO - Setting next_dagrun for example_time_delta_sensor_async to None, run_after=None
[2025-11-28T14:36:56.768+0000] {processor.py:183} INFO - Processing /home/airflow/.local/lib/python3.8/site-packages/airflow/example_dags/example_time_delta_sensor_async.py took 0.116 seconds
[2025-11-28T14:37:27.086+0000] {processor.py:161} INFO - Started process (PID=763) to work on /home/airflow/.local/lib/python3.8/site-packages/airflow/example_dags/example_time_delta_sensor_async.py
[2025-11-28T14:37:27.089+0000] {processor.py:830} INFO - Processing file /home/airflow/.local/lib/python3.8/site-packages/airflow/example_dags/example_time_delta_sensor_async.py for tasks to queue
[2025-11-28T14:37:27.092+0000] {logging_mixin.py:188} INFO - [2025-11-28T14:37:27.092+0000] {dagbag.py:538} INFO - Filling up the DagBag from /home/airflow/.local/lib/python3.8/site-packages/airflow/example_dags/example_time_delta_sensor_async.py
[2025-11-28T14:37:27.101+0000] {processor.py:840} INFO - DAG(s) 'example_time_delta_sensor_async' retrieved from /home/airflow/.local/lib/python3.8/site-packages/airflow/example_dags/example_time_delta_sensor_async.py
[2025-11-28T14:37:27.135+0000] {logging_mixin.py:188} INFO - [2025-11-28T14:37:27.135+0000] {dag.py:3036} INFO - Sync 1 DAGs
[2025-11-28T14:37:27.155+0000] {logging_mixin.py:188} INFO - [2025-11-28T14:37:27.155+0000] {dag.py:3823} INFO - Setting next_dagrun for example_time_delta_sensor_async to None, run_after=None
[2025-11-28T14:37:27.190+0000] {processor.py:183} INFO - Processing /home/airflow/.local/lib/python3.8/site-packages/airflow/example_dags/example_time_delta_sensor_async.py took 0.110 seconds
[2025-11-28T14:37:58.000+0000] {processor.py:161} INFO - Started process (PID=821) to work on /home/airflow/.local/lib/python3.8/site-packages/airflow/example_dags/example_time_delta_sensor_async.py
[2025-11-28T14:37:58.003+0000] {processor.py:830} INFO - Processing file /home/airflow/.local/lib/python3.8/site-packages/airflow/example_dags/example_time_delta_sensor_async.py for tasks to queue
[2025-11-28T14:37:58.006+0000] {logging_mixin.py:188} INFO - [2025-11-28T14:37:58.006+0000] {dagbag.py:538} INFO - Filling up the DagBag from /home/airflow/.local/lib/python3.8/site-packages/airflow/example_dags/example_time_delta_sensor_async.py
[2025-11-28T14:37:58.014+0000] {processor.py:840} INFO - DAG(s) 'example_time_delta_sensor_async' retrieved from /home/airflow/.local/lib/python3.8/site-packages/airflow/example_dags/example_time_delta_sensor_async.py
[2025-11-28T14:37:58.045+0000] {logging_mixin.py:188} INFO - [2025-11-28T14:37:58.045+0000] {dag.py:3036} INFO - Sync 1 DAGs
[2025-11-28T14:37:58.064+0000] {logging_mixin.py:188} INFO - [2025-11-28T14:37:58.063+0000] {dag.py:3823} INFO - Setting next_dagrun for example_time_delta_sensor_async to None, run_after=None
[2025-11-28T14:37:58.091+0000] {processor.py:183} INFO - Processing /home/airflow/.local/lib/python3.8/site-packages/airflow/example_dags/example_time_delta_sensor_async.py took 0.098 seconds
[2025-11-28T14:38:28.189+0000] {processor.py:161} INFO - Started process (PID=879) to work on /home/airflow/.local/lib/python3.8/site-packages/airflow/example_dags/example_time_delta_sensor_async.py
[2025-11-28T14:38:28.191+0000] {processor.py:830} INFO - Processing file /home/airflow/.local/lib/python3.8/site-packages/airflow/example_dags/example_time_delta_sensor_async.py for tasks to queue
[2025-11-28T14:38:28.194+0000] {logging_mixin.py:188} INFO - [2025-11-28T14:38:28.193+0000] {dagbag.py:538} INFO - Filling up the DagBag from /home/airflow/.local/lib/python3.8/site-packages/airflow/example_dags/example_time_delta_sensor_async.py
[2025-11-28T14:38:28.201+0000] {processor.py:840} INFO - DAG(s) 'example_time_delta_sensor_async' retrieved from /home/airflow/.local/lib/python3.8/site-packages/airflow/example_dags/example_time_delta_sensor_async.py
[2025-11-28T14:38:28.238+0000] {logging_mixin.py:188} INFO - [2025-11-28T14:38:28.238+0000] {dag.py:3036} INFO - Sync 1 DAGs
[2025-11-28T14:38:28.259+0000] {logging_mixin.py:188} INFO - [2025-11-28T14:38:28.259+0000] {dag.py:3823} INFO - Setting next_dagrun for example_time_delta_sensor_async to None, run_after=None
[2025-11-28T14:38:28.288+0000] {processor.py:183} INFO - Processing /home/airflow/.local/lib/python3.8/site-packages/airflow/example_dags/example_time_delta_sensor_async.py took 0.105 seconds
[2025-11-28T14:38:58.765+0000] {processor.py:161} INFO - Started process (PID=944) to work on /home/airflow/.local/lib/python3.8/site-packages/airflow/example_dags/example_time_delta_sensor_async.py
[2025-11-28T14:38:58.767+0000] {processor.py:830} INFO - Processing file /home/airflow/.local/lib/python3.8/site-packages/airflow/example_dags/example_time_delta_sensor_async.py for tasks to queue
[2025-11-28T14:38:58.771+0000] {logging_mixin.py:188} INFO - [2025-11-28T14:38:58.770+0000] {dagbag.py:538} INFO - Filling up the DagBag from /home/airflow/.local/lib/python3.8/site-packages/airflow/example_dags/example_time_delta_sensor_async.py
[2025-11-28T14:38:58.782+0000] {processor.py:840} INFO - DAG(s) 'example_time_delta_sensor_async' retrieved from /home/airflow/.local/lib/python3.8/site-packages/airflow/example_dags/example_time_delta_sensor_async.py
[2025-11-28T14:38:58.817+0000] {logging_mixin.py:188} INFO - [2025-11-28T14:38:58.816+0000] {dag.py:3036} INFO - Sync 1 DAGs
[2025-11-28T14:38:58.835+0000] {logging_mixin.py:188} INFO - [2025-11-28T14:38:58.835+0000] {dag.py:3823} INFO - Setting next_dagrun for example_time_delta_sensor_async to None, run_after=None
[2025-11-28T14:38:58.863+0000] {processor.py:183} INFO - Processing /home/airflow/.local/lib/python3.8/site-packages/airflow/example_dags/example_time_delta_sensor_async.py took 0.107 seconds
[2025-11-28T14:39:29.158+0000] {processor.py:161} INFO - Started process (PID=1002) to work on /home/airflow/.local/lib/python3.8/site-packages/airflow/example_dags/example_time_delta_sensor_async.py
[2025-11-28T14:39:29.160+0000] {processor.py:830} INFO - Processing file /home/airflow/.local/lib/python3.8/site-packages/airflow/example_dags/example_time_delta_sensor_async.py for tasks to queue
[2025-11-28T14:39:29.163+0000] {logging_mixin.py:188} INFO - [2025-11-28T14:39:29.163+0000] {dagbag.py:538} INFO - Filling up the DagBag from /home/airflow/.local/lib/python3.8/site-packages/airflow/example_dags/example_time_delta_sensor_async.py
[2025-11-28T14:39:29.171+0000] {processor.py:840} INFO - DAG(s) 'example_time_delta_sensor_async' retrieved from /home/airflow/.local/lib/python3.8/site-packages/airflow/example_dags/example_time_delta_sensor_async.py
[2025-11-28T14:39:29.206+0000] {logging_mixin.py:188} INFO - [2025-11-28T14:39:29.206+0000] {dag.py:3036} INFO - Sync 1 DAGs
[2025-11-28T14:39:29.224+0000] {logging_mixin.py:188} INFO - [2025-11-28T14:39:29.223+0000] {dag.py:3823} INFO - Setting next_dagrun for example_time_delta_sensor_async to None, run_after=None
[2025-11-28T14:39:29.252+0000] {processor.py:183} INFO - Processing /home/airflow/.local/lib/python3.8/site-packages/airflow/example_dags/example_time_delta_sensor_async.py took 0.101 seconds
