[2025-11-28T14:35:21.328+0000] {processor.py:161} INFO - Started process (PID=506) to work on /home/airflow/.local/lib/python3.8/site-packages/airflow/example_dags/example_branch_python_dop_operator_3.py
[2025-11-28T14:35:21.329+0000] {processor.py:830} INFO - Processing file /home/airflow/.local/lib/python3.8/site-packages/airflow/example_dags/example_branch_python_dop_operator_3.py for tasks to queue
[2025-11-28T14:35:21.332+0000] {logging_mixin.py:188} INFO - [2025-11-28T14:35:21.332+0000] {dagbag.py:538} INFO - Filling up the DagBag from /home/airflow/.local/lib/python3.8/site-packages/airflow/example_dags/example_branch_python_dop_operator_3.py
[2025-11-28T14:35:21.351+0000] {processor.py:840} INFO - DAG(s) 'example_branch_dop_operator_v3' retrieved from /home/airflow/.local/lib/python3.8/site-packages/airflow/example_dags/example_branch_python_dop_operator_3.py
[2025-11-28T14:35:21.509+0000] {logging_mixin.py:188} INFO - [2025-11-28T14:35:21.509+0000] {override.py:1769} INFO - Created Permission View: can read on DAG:example_branch_dop_operator_v3
[2025-11-28T14:35:21.523+0000] {logging_mixin.py:188} INFO - [2025-11-28T14:35:21.522+0000] {override.py:1769} INFO - Created Permission View: can delete on DAG:example_branch_dop_operator_v3
[2025-11-28T14:35:21.532+0000] {logging_mixin.py:188} INFO - [2025-11-28T14:35:21.531+0000] {override.py:1769} INFO - Created Permission View: can edit on DAG:example_branch_dop_operator_v3
[2025-11-28T14:35:21.532+0000] {logging_mixin.py:188} INFO - [2025-11-28T14:35:21.532+0000] {dag.py:3036} INFO - Sync 1 DAGs
[2025-11-28T14:35:21.547+0000] {logging_mixin.py:188} INFO - [2025-11-28T14:35:21.546+0000] {dag.py:3058} INFO - Creating ORM DAG for example_branch_dop_operator_v3
[2025-11-28T14:35:21.566+0000] {logging_mixin.py:188} INFO - [2025-11-28T14:35:21.566+0000] {dag.py:3823} INFO - Setting next_dagrun for example_branch_dop_operator_v3 to 2025-11-28 14:34:00+00:00, run_after=2025-11-28 14:35:00+00:00
[2025-11-28T14:35:21.588+0000] {processor.py:183} INFO - Processing /home/airflow/.local/lib/python3.8/site-packages/airflow/example_dags/example_branch_python_dop_operator_3.py took 0.267 seconds
[2025-11-28T14:35:51.834+0000] {processor.py:161} INFO - Started process (PID=564) to work on /home/airflow/.local/lib/python3.8/site-packages/airflow/example_dags/example_branch_python_dop_operator_3.py
[2025-11-28T14:35:51.837+0000] {processor.py:830} INFO - Processing file /home/airflow/.local/lib/python3.8/site-packages/airflow/example_dags/example_branch_python_dop_operator_3.py for tasks to queue
[2025-11-28T14:35:51.841+0000] {logging_mixin.py:188} INFO - [2025-11-28T14:35:51.840+0000] {dagbag.py:538} INFO - Filling up the DagBag from /home/airflow/.local/lib/python3.8/site-packages/airflow/example_dags/example_branch_python_dop_operator_3.py
[2025-11-28T14:35:51.856+0000] {processor.py:840} INFO - DAG(s) 'example_branch_dop_operator_v3' retrieved from /home/airflow/.local/lib/python3.8/site-packages/airflow/example_dags/example_branch_python_dop_operator_3.py
[2025-11-28T14:35:51.885+0000] {logging_mixin.py:188} INFO - [2025-11-28T14:35:51.885+0000] {dag.py:3036} INFO - Sync 1 DAGs
[2025-11-28T14:35:51.924+0000] {logging_mixin.py:188} INFO - [2025-11-28T14:35:51.923+0000] {dag.py:3823} INFO - Setting next_dagrun for example_branch_dop_operator_v3 to 2025-11-28 14:34:00+00:00, run_after=2025-11-28 14:35:00+00:00
[2025-11-28T14:35:51.959+0000] {processor.py:183} INFO - Processing /home/airflow/.local/lib/python3.8/site-packages/airflow/example_dags/example_branch_python_dop_operator_3.py took 0.133 seconds
[2025-11-28T14:36:22.131+0000] {processor.py:161} INFO - Started process (PID=622) to work on /home/airflow/.local/lib/python3.8/site-packages/airflow/example_dags/example_branch_python_dop_operator_3.py
[2025-11-28T14:36:22.133+0000] {processor.py:830} INFO - Processing file /home/airflow/.local/lib/python3.8/site-packages/airflow/example_dags/example_branch_python_dop_operator_3.py for tasks to queue
[2025-11-28T14:36:22.136+0000] {logging_mixin.py:188} INFO - [2025-11-28T14:36:22.135+0000] {dagbag.py:538} INFO - Filling up the DagBag from /home/airflow/.local/lib/python3.8/site-packages/airflow/example_dags/example_branch_python_dop_operator_3.py
[2025-11-28T14:36:22.151+0000] {processor.py:840} INFO - DAG(s) 'example_branch_dop_operator_v3' retrieved from /home/airflow/.local/lib/python3.8/site-packages/airflow/example_dags/example_branch_python_dop_operator_3.py
[2025-11-28T14:36:22.182+0000] {logging_mixin.py:188} INFO - [2025-11-28T14:36:22.181+0000] {dag.py:3036} INFO - Sync 1 DAGs
[2025-11-28T14:36:22.217+0000] {logging_mixin.py:188} INFO - [2025-11-28T14:36:22.216+0000] {dag.py:3823} INFO - Setting next_dagrun for example_branch_dop_operator_v3 to 2025-11-28 14:35:00+00:00, run_after=2025-11-28 14:36:00+00:00
[2025-11-28T14:36:22.250+0000] {processor.py:183} INFO - Processing /home/airflow/.local/lib/python3.8/site-packages/airflow/example_dags/example_branch_python_dop_operator_3.py took 0.126 seconds
[2025-11-28T14:36:52.647+0000] {processor.py:161} INFO - Started process (PID=680) to work on /home/airflow/.local/lib/python3.8/site-packages/airflow/example_dags/example_branch_python_dop_operator_3.py
[2025-11-28T14:36:52.649+0000] {processor.py:830} INFO - Processing file /home/airflow/.local/lib/python3.8/site-packages/airflow/example_dags/example_branch_python_dop_operator_3.py for tasks to queue
[2025-11-28T14:36:52.652+0000] {logging_mixin.py:188} INFO - [2025-11-28T14:36:52.652+0000] {dagbag.py:538} INFO - Filling up the DagBag from /home/airflow/.local/lib/python3.8/site-packages/airflow/example_dags/example_branch_python_dop_operator_3.py
[2025-11-28T14:36:52.668+0000] {processor.py:840} INFO - DAG(s) 'example_branch_dop_operator_v3' retrieved from /home/airflow/.local/lib/python3.8/site-packages/airflow/example_dags/example_branch_python_dop_operator_3.py
[2025-11-28T14:36:52.702+0000] {logging_mixin.py:188} INFO - [2025-11-28T14:36:52.701+0000] {dag.py:3036} INFO - Sync 1 DAGs
[2025-11-28T14:36:52.738+0000] {logging_mixin.py:188} INFO - [2025-11-28T14:36:52.737+0000] {dag.py:3823} INFO - Setting next_dagrun for example_branch_dop_operator_v3 to 2025-11-28 14:35:00+00:00, run_after=2025-11-28 14:36:00+00:00
[2025-11-28T14:36:52.763+0000] {processor.py:183} INFO - Processing /home/airflow/.local/lib/python3.8/site-packages/airflow/example_dags/example_branch_python_dop_operator_3.py took 0.127 seconds
[2025-11-28T14:37:23.005+0000] {processor.py:161} INFO - Started process (PID=738) to work on /home/airflow/.local/lib/python3.8/site-packages/airflow/example_dags/example_branch_python_dop_operator_3.py
[2025-11-28T14:37:23.006+0000] {processor.py:830} INFO - Processing file /home/airflow/.local/lib/python3.8/site-packages/airflow/example_dags/example_branch_python_dop_operator_3.py for tasks to queue
[2025-11-28T14:37:23.009+0000] {logging_mixin.py:188} INFO - [2025-11-28T14:37:23.009+0000] {dagbag.py:538} INFO - Filling up the DagBag from /home/airflow/.local/lib/python3.8/site-packages/airflow/example_dags/example_branch_python_dop_operator_3.py
[2025-11-28T14:37:23.026+0000] {processor.py:840} INFO - DAG(s) 'example_branch_dop_operator_v3' retrieved from /home/airflow/.local/lib/python3.8/site-packages/airflow/example_dags/example_branch_python_dop_operator_3.py
[2025-11-28T14:37:23.062+0000] {logging_mixin.py:188} INFO - [2025-11-28T14:37:23.062+0000] {dag.py:3036} INFO - Sync 1 DAGs
[2025-11-28T14:37:23.119+0000] {logging_mixin.py:188} INFO - [2025-11-28T14:37:23.119+0000] {dag.py:3823} INFO - Setting next_dagrun for example_branch_dop_operator_v3 to 2025-11-28 14:36:00+00:00, run_after=2025-11-28 14:37:00+00:00
[2025-11-28T14:37:23.147+0000] {processor.py:183} INFO - Processing /home/airflow/.local/lib/python3.8/site-packages/airflow/example_dags/example_branch_python_dop_operator_3.py took 0.150 seconds
[2025-11-28T14:37:53.882+0000] {processor.py:161} INFO - Started process (PID=796) to work on /home/airflow/.local/lib/python3.8/site-packages/airflow/example_dags/example_branch_python_dop_operator_3.py
[2025-11-28T14:37:53.884+0000] {processor.py:830} INFO - Processing file /home/airflow/.local/lib/python3.8/site-packages/airflow/example_dags/example_branch_python_dop_operator_3.py for tasks to queue
[2025-11-28T14:37:53.887+0000] {logging_mixin.py:188} INFO - [2025-11-28T14:37:53.886+0000] {dagbag.py:538} INFO - Filling up the DagBag from /home/airflow/.local/lib/python3.8/site-packages/airflow/example_dags/example_branch_python_dop_operator_3.py
[2025-11-28T14:37:53.904+0000] {processor.py:840} INFO - DAG(s) 'example_branch_dop_operator_v3' retrieved from /home/airflow/.local/lib/python3.8/site-packages/airflow/example_dags/example_branch_python_dop_operator_3.py
[2025-11-28T14:37:53.938+0000] {logging_mixin.py:188} INFO - [2025-11-28T14:37:53.938+0000] {dag.py:3036} INFO - Sync 1 DAGs
[2025-11-28T14:37:53.983+0000] {logging_mixin.py:188} INFO - [2025-11-28T14:37:53.982+0000] {dag.py:3823} INFO - Setting next_dagrun for example_branch_dop_operator_v3 to 2025-11-28 14:36:00+00:00, run_after=2025-11-28 14:37:00+00:00
[2025-11-28T14:37:54.020+0000] {processor.py:183} INFO - Processing /home/airflow/.local/lib/python3.8/site-packages/airflow/example_dags/example_branch_python_dop_operator_3.py took 0.145 seconds
[2025-11-28T14:38:24.265+0000] {processor.py:161} INFO - Started process (PID=854) to work on /home/airflow/.local/lib/python3.8/site-packages/airflow/example_dags/example_branch_python_dop_operator_3.py
[2025-11-28T14:38:24.267+0000] {processor.py:830} INFO - Processing file /home/airflow/.local/lib/python3.8/site-packages/airflow/example_dags/example_branch_python_dop_operator_3.py for tasks to queue
[2025-11-28T14:38:24.273+0000] {logging_mixin.py:188} INFO - [2025-11-28T14:38:24.272+0000] {dagbag.py:538} INFO - Filling up the DagBag from /home/airflow/.local/lib/python3.8/site-packages/airflow/example_dags/example_branch_python_dop_operator_3.py
[2025-11-28T14:38:24.290+0000] {processor.py:840} INFO - DAG(s) 'example_branch_dop_operator_v3' retrieved from /home/airflow/.local/lib/python3.8/site-packages/airflow/example_dags/example_branch_python_dop_operator_3.py
[2025-11-28T14:38:24.325+0000] {logging_mixin.py:188} INFO - [2025-11-28T14:38:24.325+0000] {dag.py:3036} INFO - Sync 1 DAGs
[2025-11-28T14:38:24.362+0000] {logging_mixin.py:188} INFO - [2025-11-28T14:38:24.361+0000] {dag.py:3823} INFO - Setting next_dagrun for example_branch_dop_operator_v3 to 2025-11-28 14:37:00+00:00, run_after=2025-11-28 14:38:00+00:00
[2025-11-28T14:38:24.401+0000] {processor.py:183} INFO - Processing /home/airflow/.local/lib/python3.8/site-packages/airflow/example_dags/example_branch_python_dop_operator_3.py took 0.145 seconds
[2025-11-28T14:38:54.755+0000] {processor.py:161} INFO - Started process (PID=912) to work on /home/airflow/.local/lib/python3.8/site-packages/airflow/example_dags/example_branch_python_dop_operator_3.py
[2025-11-28T14:38:54.757+0000] {processor.py:830} INFO - Processing file /home/airflow/.local/lib/python3.8/site-packages/airflow/example_dags/example_branch_python_dop_operator_3.py for tasks to queue
[2025-11-28T14:38:54.760+0000] {logging_mixin.py:188} INFO - [2025-11-28T14:38:54.759+0000] {dagbag.py:538} INFO - Filling up the DagBag from /home/airflow/.local/lib/python3.8/site-packages/airflow/example_dags/example_branch_python_dop_operator_3.py
[2025-11-28T14:38:54.775+0000] {processor.py:840} INFO - DAG(s) 'example_branch_dop_operator_v3' retrieved from /home/airflow/.local/lib/python3.8/site-packages/airflow/example_dags/example_branch_python_dop_operator_3.py
[2025-11-28T14:38:54.808+0000] {logging_mixin.py:188} INFO - [2025-11-28T14:38:54.808+0000] {dag.py:3036} INFO - Sync 1 DAGs
[2025-11-28T14:38:54.846+0000] {logging_mixin.py:188} INFO - [2025-11-28T14:38:54.846+0000] {dag.py:3823} INFO - Setting next_dagrun for example_branch_dop_operator_v3 to 2025-11-28 14:37:00+00:00, run_after=2025-11-28 14:38:00+00:00
[2025-11-28T14:38:54.875+0000] {processor.py:183} INFO - Processing /home/airflow/.local/lib/python3.8/site-packages/airflow/example_dags/example_branch_python_dop_operator_3.py took 0.126 seconds
[2025-11-28T14:39:25.240+0000] {processor.py:161} INFO - Started process (PID=971) to work on /home/airflow/.local/lib/python3.8/site-packages/airflow/example_dags/example_branch_python_dop_operator_3.py
[2025-11-28T14:39:25.242+0000] {processor.py:830} INFO - Processing file /home/airflow/.local/lib/python3.8/site-packages/airflow/example_dags/example_branch_python_dop_operator_3.py for tasks to queue
[2025-11-28T14:39:25.244+0000] {logging_mixin.py:188} INFO - [2025-11-28T14:39:25.244+0000] {dagbag.py:538} INFO - Filling up the DagBag from /home/airflow/.local/lib/python3.8/site-packages/airflow/example_dags/example_branch_python_dop_operator_3.py
[2025-11-28T14:39:25.266+0000] {processor.py:840} INFO - DAG(s) 'example_branch_dop_operator_v3' retrieved from /home/airflow/.local/lib/python3.8/site-packages/airflow/example_dags/example_branch_python_dop_operator_3.py
[2025-11-28T14:39:25.302+0000] {logging_mixin.py:188} INFO - [2025-11-28T14:39:25.301+0000] {dag.py:3036} INFO - Sync 1 DAGs
[2025-11-28T14:39:25.336+0000] {logging_mixin.py:188} INFO - [2025-11-28T14:39:25.336+0000] {dag.py:3823} INFO - Setting next_dagrun for example_branch_dop_operator_v3 to 2025-11-28 14:38:00+00:00, run_after=2025-11-28 14:39:00+00:00
[2025-11-28T14:39:25.360+0000] {processor.py:183} INFO - Processing /home/airflow/.local/lib/python3.8/site-packages/airflow/example_dags/example_branch_python_dop_operator_3.py took 0.126 seconds
