[2025-11-28T14:35:21.679+0000] {processor.py:161} INFO - Started process (PID=509) to work on /home/airflow/.local/lib/python3.8/site-packages/airflow/example_dags/example_xcom.py
[2025-11-28T14:35:21.681+0000] {processor.py:830} INFO - Processing file /home/airflow/.local/lib/python3.8/site-packages/airflow/example_dags/example_xcom.py for tasks to queue
[2025-11-28T14:35:21.684+0000] {logging_mixin.py:188} INFO - [2025-11-28T14:35:21.684+0000] {dagbag.py:538} INFO - Filling up the DagBag from /home/airflow/.local/lib/python3.8/site-packages/airflow/example_dags/example_xcom.py
[2025-11-28T14:35:21.702+0000] {processor.py:840} INFO - DAG(s) 'example_xcom' retrieved from /home/airflow/.local/lib/python3.8/site-packages/airflow/example_dags/example_xcom.py
[2025-11-28T14:35:21.860+0000] {logging_mixin.py:188} INFO - [2025-11-28T14:35:21.859+0000] {override.py:1769} INFO - Created Permission View: can read on DAG:example_xcom
[2025-11-28T14:35:21.875+0000] {logging_mixin.py:188} INFO - [2025-11-28T14:35:21.874+0000] {override.py:1769} INFO - Created Permission View: can delete on DAG:example_xcom
[2025-11-28T14:35:21.885+0000] {logging_mixin.py:188} INFO - [2025-11-28T14:35:21.884+0000] {override.py:1769} INFO - Created Permission View: can edit on DAG:example_xcom
[2025-11-28T14:35:21.886+0000] {logging_mixin.py:188} INFO - [2025-11-28T14:35:21.885+0000] {dag.py:3036} INFO - Sync 1 DAGs
[2025-11-28T14:35:21.905+0000] {logging_mixin.py:188} INFO - [2025-11-28T14:35:21.904+0000] {dag.py:3058} INFO - Creating ORM DAG for example_xcom
[2025-11-28T14:35:21.916+0000] {logging_mixin.py:188} INFO - [2025-11-28T14:35:21.916+0000] {dag.py:3823} INFO - Setting next_dagrun for example_xcom to 2021-01-01 00:00:00+00:00, run_after=2021-01-01 00:00:00+00:00
[2025-11-28T14:35:21.939+0000] {processor.py:183} INFO - Processing /home/airflow/.local/lib/python3.8/site-packages/airflow/example_dags/example_xcom.py took 0.266 seconds
[2025-11-28T14:35:51.994+0000] {processor.py:161} INFO - Started process (PID=566) to work on /home/airflow/.local/lib/python3.8/site-packages/airflow/example_dags/example_xcom.py
[2025-11-28T14:35:51.995+0000] {processor.py:830} INFO - Processing file /home/airflow/.local/lib/python3.8/site-packages/airflow/example_dags/example_xcom.py for tasks to queue
[2025-11-28T14:35:51.998+0000] {logging_mixin.py:188} INFO - [2025-11-28T14:35:51.997+0000] {dagbag.py:538} INFO - Filling up the DagBag from /home/airflow/.local/lib/python3.8/site-packages/airflow/example_dags/example_xcom.py
[2025-11-28T14:35:52.010+0000] {processor.py:840} INFO - DAG(s) 'example_xcom' retrieved from /home/airflow/.local/lib/python3.8/site-packages/airflow/example_dags/example_xcom.py
[2025-11-28T14:35:52.041+0000] {logging_mixin.py:188} INFO - [2025-11-28T14:35:52.041+0000] {dag.py:3036} INFO - Sync 1 DAGs
[2025-11-28T14:35:52.069+0000] {logging_mixin.py:188} INFO - [2025-11-28T14:35:52.069+0000] {dag.py:3823} INFO - Setting next_dagrun for example_xcom to 2021-01-01 00:00:00+00:00, run_after=2021-01-01 00:00:00+00:00
[2025-11-28T14:35:52.097+0000] {processor.py:183} INFO - Processing /home/airflow/.local/lib/python3.8/site-packages/airflow/example_dags/example_xcom.py took 0.109 seconds
[2025-11-28T14:36:22.291+0000] {processor.py:161} INFO - Started process (PID=624) to work on /home/airflow/.local/lib/python3.8/site-packages/airflow/example_dags/example_xcom.py
[2025-11-28T14:36:22.293+0000] {processor.py:830} INFO - Processing file /home/airflow/.local/lib/python3.8/site-packages/airflow/example_dags/example_xcom.py for tasks to queue
[2025-11-28T14:36:22.296+0000] {logging_mixin.py:188} INFO - [2025-11-28T14:36:22.296+0000] {dagbag.py:538} INFO - Filling up the DagBag from /home/airflow/.local/lib/python3.8/site-packages/airflow/example_dags/example_xcom.py
[2025-11-28T14:36:22.309+0000] {processor.py:840} INFO - DAG(s) 'example_xcom' retrieved from /home/airflow/.local/lib/python3.8/site-packages/airflow/example_dags/example_xcom.py
[2025-11-28T14:36:22.342+0000] {logging_mixin.py:188} INFO - [2025-11-28T14:36:22.341+0000] {dag.py:3036} INFO - Sync 1 DAGs
[2025-11-28T14:36:22.373+0000] {logging_mixin.py:188} INFO - [2025-11-28T14:36:22.373+0000] {dag.py:3823} INFO - Setting next_dagrun for example_xcom to 2021-01-01 00:00:00+00:00, run_after=2021-01-01 00:00:00+00:00
[2025-11-28T14:36:22.401+0000] {processor.py:183} INFO - Processing /home/airflow/.local/lib/python3.8/site-packages/airflow/example_dags/example_xcom.py took 0.118 seconds
[2025-11-28T14:36:52.958+0000] {processor.py:161} INFO - Started process (PID=683) to work on /home/airflow/.local/lib/python3.8/site-packages/airflow/example_dags/example_xcom.py
[2025-11-28T14:36:52.960+0000] {processor.py:830} INFO - Processing file /home/airflow/.local/lib/python3.8/site-packages/airflow/example_dags/example_xcom.py for tasks to queue
[2025-11-28T14:36:52.963+0000] {logging_mixin.py:188} INFO - [2025-11-28T14:36:52.963+0000] {dagbag.py:538} INFO - Filling up the DagBag from /home/airflow/.local/lib/python3.8/site-packages/airflow/example_dags/example_xcom.py
[2025-11-28T14:36:52.977+0000] {processor.py:840} INFO - DAG(s) 'example_xcom' retrieved from /home/airflow/.local/lib/python3.8/site-packages/airflow/example_dags/example_xcom.py
[2025-11-28T14:36:53.011+0000] {logging_mixin.py:188} INFO - [2025-11-28T14:36:53.011+0000] {dag.py:3036} INFO - Sync 1 DAGs
[2025-11-28T14:36:53.054+0000] {logging_mixin.py:188} INFO - [2025-11-28T14:36:53.054+0000] {dag.py:3823} INFO - Setting next_dagrun for example_xcom to 2021-01-01 00:00:00+00:00, run_after=2021-01-01 00:00:00+00:00
[2025-11-28T14:36:53.080+0000] {processor.py:183} INFO - Processing /home/airflow/.local/lib/python3.8/site-packages/airflow/example_dags/example_xcom.py took 0.128 seconds
[2025-11-28T14:37:23.286+0000] {processor.py:161} INFO - Started process (PID=741) to work on /home/airflow/.local/lib/python3.8/site-packages/airflow/example_dags/example_xcom.py
[2025-11-28T14:37:23.288+0000] {processor.py:830} INFO - Processing file /home/airflow/.local/lib/python3.8/site-packages/airflow/example_dags/example_xcom.py for tasks to queue
[2025-11-28T14:37:23.293+0000] {logging_mixin.py:188} INFO - [2025-11-28T14:37:23.293+0000] {dagbag.py:538} INFO - Filling up the DagBag from /home/airflow/.local/lib/python3.8/site-packages/airflow/example_dags/example_xcom.py
[2025-11-28T14:37:23.306+0000] {processor.py:840} INFO - DAG(s) 'example_xcom' retrieved from /home/airflow/.local/lib/python3.8/site-packages/airflow/example_dags/example_xcom.py
[2025-11-28T14:37:23.345+0000] {logging_mixin.py:188} INFO - [2025-11-28T14:37:23.344+0000] {dag.py:3036} INFO - Sync 1 DAGs
[2025-11-28T14:37:23.372+0000] {logging_mixin.py:188} INFO - [2025-11-28T14:37:23.372+0000] {dag.py:3823} INFO - Setting next_dagrun for example_xcom to 2021-01-01 00:00:00+00:00, run_after=2021-01-01 00:00:00+00:00
[2025-11-28T14:37:23.397+0000] {processor.py:183} INFO - Processing /home/airflow/.local/lib/python3.8/site-packages/airflow/example_dags/example_xcom.py took 0.116 seconds
[2025-11-28T14:37:54.220+0000] {processor.py:161} INFO - Started process (PID=799) to work on /home/airflow/.local/lib/python3.8/site-packages/airflow/example_dags/example_xcom.py
[2025-11-28T14:37:54.222+0000] {processor.py:830} INFO - Processing file /home/airflow/.local/lib/python3.8/site-packages/airflow/example_dags/example_xcom.py for tasks to queue
[2025-11-28T14:37:54.225+0000] {logging_mixin.py:188} INFO - [2025-11-28T14:37:54.224+0000] {dagbag.py:538} INFO - Filling up the DagBag from /home/airflow/.local/lib/python3.8/site-packages/airflow/example_dags/example_xcom.py
[2025-11-28T14:37:54.238+0000] {processor.py:840} INFO - DAG(s) 'example_xcom' retrieved from /home/airflow/.local/lib/python3.8/site-packages/airflow/example_dags/example_xcom.py
[2025-11-28T14:37:54.272+0000] {logging_mixin.py:188} INFO - [2025-11-28T14:37:54.272+0000] {dag.py:3036} INFO - Sync 1 DAGs
[2025-11-28T14:37:54.304+0000] {logging_mixin.py:188} INFO - [2025-11-28T14:37:54.303+0000] {dag.py:3823} INFO - Setting next_dagrun for example_xcom to 2021-01-01 00:00:00+00:00, run_after=2021-01-01 00:00:00+00:00
[2025-11-28T14:37:54.330+0000] {processor.py:183} INFO - Processing /home/airflow/.local/lib/python3.8/site-packages/airflow/example_dags/example_xcom.py took 0.116 seconds
[2025-11-28T14:38:24.568+0000] {processor.py:161} INFO - Started process (PID=857) to work on /home/airflow/.local/lib/python3.8/site-packages/airflow/example_dags/example_xcom.py
[2025-11-28T14:38:24.570+0000] {processor.py:830} INFO - Processing file /home/airflow/.local/lib/python3.8/site-packages/airflow/example_dags/example_xcom.py for tasks to queue
[2025-11-28T14:38:24.573+0000] {logging_mixin.py:188} INFO - [2025-11-28T14:38:24.572+0000] {dagbag.py:538} INFO - Filling up the DagBag from /home/airflow/.local/lib/python3.8/site-packages/airflow/example_dags/example_xcom.py
[2025-11-28T14:38:24.586+0000] {processor.py:840} INFO - DAG(s) 'example_xcom' retrieved from /home/airflow/.local/lib/python3.8/site-packages/airflow/example_dags/example_xcom.py
[2025-11-28T14:38:24.624+0000] {logging_mixin.py:188} INFO - [2025-11-28T14:38:24.624+0000] {dag.py:3036} INFO - Sync 1 DAGs
[2025-11-28T14:38:24.654+0000] {logging_mixin.py:188} INFO - [2025-11-28T14:38:24.654+0000] {dag.py:3823} INFO - Setting next_dagrun for example_xcom to 2021-01-01 00:00:00+00:00, run_after=2021-01-01 00:00:00+00:00
[2025-11-28T14:38:24.679+0000] {processor.py:183} INFO - Processing /home/airflow/.local/lib/python3.8/site-packages/airflow/example_dags/example_xcom.py took 0.118 seconds
[2025-11-28T14:38:55.017+0000] {processor.py:161} INFO - Started process (PID=915) to work on /home/airflow/.local/lib/python3.8/site-packages/airflow/example_dags/example_xcom.py
[2025-11-28T14:38:55.021+0000] {processor.py:830} INFO - Processing file /home/airflow/.local/lib/python3.8/site-packages/airflow/example_dags/example_xcom.py for tasks to queue
[2025-11-28T14:38:55.024+0000] {logging_mixin.py:188} INFO - [2025-11-28T14:38:55.023+0000] {dagbag.py:538} INFO - Filling up the DagBag from /home/airflow/.local/lib/python3.8/site-packages/airflow/example_dags/example_xcom.py
[2025-11-28T14:38:55.042+0000] {processor.py:840} INFO - DAG(s) 'example_xcom' retrieved from /home/airflow/.local/lib/python3.8/site-packages/airflow/example_dags/example_xcom.py
[2025-11-28T14:38:55.074+0000] {logging_mixin.py:188} INFO - [2025-11-28T14:38:55.073+0000] {dag.py:3036} INFO - Sync 1 DAGs
[2025-11-28T14:38:55.103+0000] {logging_mixin.py:188} INFO - [2025-11-28T14:38:55.103+0000] {dag.py:3823} INFO - Setting next_dagrun for example_xcom to 2021-01-01 00:00:00+00:00, run_after=2021-01-01 00:00:00+00:00
[2025-11-28T14:38:55.130+0000] {processor.py:183} INFO - Processing /home/airflow/.local/lib/python3.8/site-packages/airflow/example_dags/example_xcom.py took 0.119 seconds
[2025-11-28T14:39:25.527+0000] {processor.py:161} INFO - Started process (PID=974) to work on /home/airflow/.local/lib/python3.8/site-packages/airflow/example_dags/example_xcom.py
[2025-11-28T14:39:25.529+0000] {processor.py:830} INFO - Processing file /home/airflow/.local/lib/python3.8/site-packages/airflow/example_dags/example_xcom.py for tasks to queue
[2025-11-28T14:39:25.532+0000] {logging_mixin.py:188} INFO - [2025-11-28T14:39:25.531+0000] {dagbag.py:538} INFO - Filling up the DagBag from /home/airflow/.local/lib/python3.8/site-packages/airflow/example_dags/example_xcom.py
[2025-11-28T14:39:25.545+0000] {processor.py:840} INFO - DAG(s) 'example_xcom' retrieved from /home/airflow/.local/lib/python3.8/site-packages/airflow/example_dags/example_xcom.py
[2025-11-28T14:39:25.576+0000] {logging_mixin.py:188} INFO - [2025-11-28T14:39:25.576+0000] {dag.py:3036} INFO - Sync 1 DAGs
[2025-11-28T14:39:25.607+0000] {logging_mixin.py:188} INFO - [2025-11-28T14:39:25.607+0000] {dag.py:3823} INFO - Setting next_dagrun for example_xcom to 2021-01-01 00:00:00+00:00, run_after=2021-01-01 00:00:00+00:00
[2025-11-28T14:39:25.633+0000] {processor.py:183} INFO - Processing /home/airflow/.local/lib/python3.8/site-packages/airflow/example_dags/example_xcom.py took 0.113 seconds
