[2025-11-28T14:35:25.115+0000] {processor.py:161} INFO - Started process (PID=529) to work on /home/airflow/.local/lib/python3.8/site-packages/airflow/example_dags/example_branch_labels.py
[2025-11-28T14:35:25.117+0000] {processor.py:830} INFO - Processing file /home/airflow/.local/lib/python3.8/site-packages/airflow/example_dags/example_branch_labels.py for tasks to queue
[2025-11-28T14:35:25.120+0000] {logging_mixin.py:188} INFO - [2025-11-28T14:35:25.119+0000] {dagbag.py:538} INFO - Filling up the DagBag from /home/airflow/.local/lib/python3.8/site-packages/airflow/example_dags/example_branch_labels.py
[2025-11-28T14:35:25.134+0000] {processor.py:840} INFO - DAG(s) 'example_branch_labels' retrieved from /home/airflow/.local/lib/python3.8/site-packages/airflow/example_dags/example_branch_labels.py
[2025-11-28T14:35:25.300+0000] {logging_mixin.py:188} INFO - [2025-11-28T14:35:25.299+0000] {override.py:1769} INFO - Created Permission View: can read on DAG:example_branch_labels
[2025-11-28T14:35:25.313+0000] {logging_mixin.py:188} INFO - [2025-11-28T14:35:25.312+0000] {override.py:1769} INFO - Created Permission View: can delete on DAG:example_branch_labels
[2025-11-28T14:35:25.322+0000] {logging_mixin.py:188} INFO - [2025-11-28T14:35:25.322+0000] {override.py:1769} INFO - Created Permission View: can edit on DAG:example_branch_labels
[2025-11-28T14:35:25.323+0000] {logging_mixin.py:188} INFO - [2025-11-28T14:35:25.323+0000] {dag.py:3036} INFO - Sync 1 DAGs
[2025-11-28T14:35:25.339+0000] {logging_mixin.py:188} INFO - [2025-11-28T14:35:25.338+0000] {dag.py:3058} INFO - Creating ORM DAG for example_branch_labels
[2025-11-28T14:35:25.352+0000] {logging_mixin.py:188} INFO - [2025-11-28T14:35:25.352+0000] {dag.py:3823} INFO - Setting next_dagrun for example_branch_labels to 2025-11-27 00:00:00+00:00, run_after=2025-11-28 00:00:00+00:00
[2025-11-28T14:35:25.376+0000] {processor.py:183} INFO - Processing /home/airflow/.local/lib/python3.8/site-packages/airflow/example_dags/example_branch_labels.py took 0.267 seconds
[2025-11-28T14:35:55.839+0000] {processor.py:161} INFO - Started process (PID=587) to work on /home/airflow/.local/lib/python3.8/site-packages/airflow/example_dags/example_branch_labels.py
[2025-11-28T14:35:55.841+0000] {processor.py:830} INFO - Processing file /home/airflow/.local/lib/python3.8/site-packages/airflow/example_dags/example_branch_labels.py for tasks to queue
[2025-11-28T14:35:55.844+0000] {logging_mixin.py:188} INFO - [2025-11-28T14:35:55.843+0000] {dagbag.py:538} INFO - Filling up the DagBag from /home/airflow/.local/lib/python3.8/site-packages/airflow/example_dags/example_branch_labels.py
[2025-11-28T14:35:55.856+0000] {processor.py:840} INFO - DAG(s) 'example_branch_labels' retrieved from /home/airflow/.local/lib/python3.8/site-packages/airflow/example_dags/example_branch_labels.py
[2025-11-28T14:35:55.900+0000] {logging_mixin.py:188} INFO - [2025-11-28T14:35:55.899+0000] {dag.py:3036} INFO - Sync 1 DAGs
[2025-11-28T14:35:55.935+0000] {logging_mixin.py:188} INFO - [2025-11-28T14:35:55.935+0000] {dag.py:3823} INFO - Setting next_dagrun for example_branch_labels to 2025-11-27 00:00:00+00:00, run_after=2025-11-28 00:00:00+00:00
[2025-11-28T14:35:55.961+0000] {processor.py:183} INFO - Processing /home/airflow/.local/lib/python3.8/site-packages/airflow/example_dags/example_branch_labels.py took 0.127 seconds
[2025-11-28T14:36:26.078+0000] {processor.py:161} INFO - Started process (PID=645) to work on /home/airflow/.local/lib/python3.8/site-packages/airflow/example_dags/example_branch_labels.py
[2025-11-28T14:36:26.080+0000] {processor.py:830} INFO - Processing file /home/airflow/.local/lib/python3.8/site-packages/airflow/example_dags/example_branch_labels.py for tasks to queue
[2025-11-28T14:36:26.083+0000] {logging_mixin.py:188} INFO - [2025-11-28T14:36:26.083+0000] {dagbag.py:538} INFO - Filling up the DagBag from /home/airflow/.local/lib/python3.8/site-packages/airflow/example_dags/example_branch_labels.py
[2025-11-28T14:36:26.102+0000] {processor.py:840} INFO - DAG(s) 'example_branch_labels' retrieved from /home/airflow/.local/lib/python3.8/site-packages/airflow/example_dags/example_branch_labels.py
[2025-11-28T14:36:26.154+0000] {logging_mixin.py:188} INFO - [2025-11-28T14:36:26.154+0000] {dag.py:3036} INFO - Sync 1 DAGs
[2025-11-28T14:36:26.190+0000] {logging_mixin.py:188} INFO - [2025-11-28T14:36:26.190+0000] {dag.py:3823} INFO - Setting next_dagrun for example_branch_labels to 2025-11-27 00:00:00+00:00, run_after=2025-11-28 00:00:00+00:00
[2025-11-28T14:36:26.220+0000] {processor.py:183} INFO - Processing /home/airflow/.local/lib/python3.8/site-packages/airflow/example_dags/example_branch_labels.py took 0.148 seconds
[2025-11-28T14:36:56.520+0000] {processor.py:161} INFO - Started process (PID=703) to work on /home/airflow/.local/lib/python3.8/site-packages/airflow/example_dags/example_branch_labels.py
[2025-11-28T14:36:56.522+0000] {processor.py:830} INFO - Processing file /home/airflow/.local/lib/python3.8/site-packages/airflow/example_dags/example_branch_labels.py for tasks to queue
[2025-11-28T14:36:56.524+0000] {logging_mixin.py:188} INFO - [2025-11-28T14:36:56.524+0000] {dagbag.py:538} INFO - Filling up the DagBag from /home/airflow/.local/lib/python3.8/site-packages/airflow/example_dags/example_branch_labels.py
[2025-11-28T14:36:56.537+0000] {processor.py:840} INFO - DAG(s) 'example_branch_labels' retrieved from /home/airflow/.local/lib/python3.8/site-packages/airflow/example_dags/example_branch_labels.py
[2025-11-28T14:36:56.569+0000] {logging_mixin.py:188} INFO - [2025-11-28T14:36:56.569+0000] {dag.py:3036} INFO - Sync 1 DAGs
[2025-11-28T14:36:56.598+0000] {logging_mixin.py:188} INFO - [2025-11-28T14:36:56.598+0000] {dag.py:3823} INFO - Setting next_dagrun for example_branch_labels to 2025-11-27 00:00:00+00:00, run_after=2025-11-28 00:00:00+00:00
[2025-11-28T14:36:56.622+0000] {processor.py:183} INFO - Processing /home/airflow/.local/lib/python3.8/site-packages/airflow/example_dags/example_branch_labels.py took 0.108 seconds
[2025-11-28T14:37:26.938+0000] {processor.py:161} INFO - Started process (PID=761) to work on /home/airflow/.local/lib/python3.8/site-packages/airflow/example_dags/example_branch_labels.py
[2025-11-28T14:37:26.940+0000] {processor.py:830} INFO - Processing file /home/airflow/.local/lib/python3.8/site-packages/airflow/example_dags/example_branch_labels.py for tasks to queue
[2025-11-28T14:37:26.943+0000] {logging_mixin.py:188} INFO - [2025-11-28T14:37:26.942+0000] {dagbag.py:538} INFO - Filling up the DagBag from /home/airflow/.local/lib/python3.8/site-packages/airflow/example_dags/example_branch_labels.py
[2025-11-28T14:37:26.955+0000] {processor.py:840} INFO - DAG(s) 'example_branch_labels' retrieved from /home/airflow/.local/lib/python3.8/site-packages/airflow/example_dags/example_branch_labels.py
[2025-11-28T14:37:26.989+0000] {logging_mixin.py:188} INFO - [2025-11-28T14:37:26.988+0000] {dag.py:3036} INFO - Sync 1 DAGs
[2025-11-28T14:37:27.021+0000] {logging_mixin.py:188} INFO - [2025-11-28T14:37:27.020+0000] {dag.py:3823} INFO - Setting next_dagrun for example_branch_labels to 2025-11-27 00:00:00+00:00, run_after=2025-11-28 00:00:00+00:00
[2025-11-28T14:37:27.047+0000] {processor.py:183} INFO - Processing /home/airflow/.local/lib/python3.8/site-packages/airflow/example_dags/example_branch_labels.py took 0.115 seconds
[2025-11-28T14:37:57.858+0000] {processor.py:161} INFO - Started process (PID=819) to work on /home/airflow/.local/lib/python3.8/site-packages/airflow/example_dags/example_branch_labels.py
[2025-11-28T14:37:57.860+0000] {processor.py:830} INFO - Processing file /home/airflow/.local/lib/python3.8/site-packages/airflow/example_dags/example_branch_labels.py for tasks to queue
[2025-11-28T14:37:57.862+0000] {logging_mixin.py:188} INFO - [2025-11-28T14:37:57.862+0000] {dagbag.py:538} INFO - Filling up the DagBag from /home/airflow/.local/lib/python3.8/site-packages/airflow/example_dags/example_branch_labels.py
[2025-11-28T14:37:57.875+0000] {processor.py:840} INFO - DAG(s) 'example_branch_labels' retrieved from /home/airflow/.local/lib/python3.8/site-packages/airflow/example_dags/example_branch_labels.py
[2025-11-28T14:37:57.913+0000] {logging_mixin.py:188} INFO - [2025-11-28T14:37:57.912+0000] {dag.py:3036} INFO - Sync 1 DAGs
[2025-11-28T14:37:57.945+0000] {logging_mixin.py:188} INFO - [2025-11-28T14:37:57.945+0000] {dag.py:3823} INFO - Setting next_dagrun for example_branch_labels to 2025-11-27 00:00:00+00:00, run_after=2025-11-28 00:00:00+00:00
[2025-11-28T14:37:57.973+0000] {processor.py:183} INFO - Processing /home/airflow/.local/lib/python3.8/site-packages/airflow/example_dags/example_branch_labels.py took 0.121 seconds
[2025-11-28T14:38:28.159+0000] {processor.py:161} INFO - Started process (PID=878) to work on /home/airflow/.local/lib/python3.8/site-packages/airflow/example_dags/example_branch_labels.py
[2025-11-28T14:38:28.160+0000] {processor.py:830} INFO - Processing file /home/airflow/.local/lib/python3.8/site-packages/airflow/example_dags/example_branch_labels.py for tasks to queue
[2025-11-28T14:38:28.163+0000] {logging_mixin.py:188} INFO - [2025-11-28T14:38:28.163+0000] {dagbag.py:538} INFO - Filling up the DagBag from /home/airflow/.local/lib/python3.8/site-packages/airflow/example_dags/example_branch_labels.py
[2025-11-28T14:38:28.176+0000] {processor.py:840} INFO - DAG(s) 'example_branch_labels' retrieved from /home/airflow/.local/lib/python3.8/site-packages/airflow/example_dags/example_branch_labels.py
[2025-11-28T14:38:28.214+0000] {logging_mixin.py:188} INFO - [2025-11-28T14:38:28.214+0000] {dag.py:3036} INFO - Sync 1 DAGs
[2025-11-28T14:38:28.244+0000] {logging_mixin.py:188} INFO - [2025-11-28T14:38:28.243+0000] {dag.py:3823} INFO - Setting next_dagrun for example_branch_labels to 2025-11-27 00:00:00+00:00, run_after=2025-11-28 00:00:00+00:00
[2025-11-28T14:38:28.268+0000] {processor.py:183} INFO - Processing /home/airflow/.local/lib/python3.8/site-packages/airflow/example_dags/example_branch_labels.py took 0.116 seconds
[2025-11-28T14:38:58.580+0000] {processor.py:161} INFO - Started process (PID=935) to work on /home/airflow/.local/lib/python3.8/site-packages/airflow/example_dags/example_branch_labels.py
[2025-11-28T14:38:58.582+0000] {processor.py:830} INFO - Processing file /home/airflow/.local/lib/python3.8/site-packages/airflow/example_dags/example_branch_labels.py for tasks to queue
[2025-11-28T14:38:58.585+0000] {logging_mixin.py:188} INFO - [2025-11-28T14:38:58.584+0000] {dagbag.py:538} INFO - Filling up the DagBag from /home/airflow/.local/lib/python3.8/site-packages/airflow/example_dags/example_branch_labels.py
[2025-11-28T14:38:58.598+0000] {processor.py:840} INFO - DAG(s) 'example_branch_labels' retrieved from /home/airflow/.local/lib/python3.8/site-packages/airflow/example_dags/example_branch_labels.py
[2025-11-28T14:38:58.648+0000] {logging_mixin.py:188} INFO - [2025-11-28T14:38:58.647+0000] {dag.py:3036} INFO - Sync 1 DAGs
[2025-11-28T14:38:58.681+0000] {logging_mixin.py:188} INFO - [2025-11-28T14:38:58.681+0000] {dag.py:3823} INFO - Setting next_dagrun for example_branch_labels to 2025-11-27 00:00:00+00:00, run_after=2025-11-28 00:00:00+00:00
[2025-11-28T14:38:58.708+0000] {processor.py:183} INFO - Processing /home/airflow/.local/lib/python3.8/site-packages/airflow/example_dags/example_branch_labels.py took 0.135 seconds
[2025-11-28T14:39:29.008+0000] {processor.py:161} INFO - Started process (PID=1000) to work on /home/airflow/.local/lib/python3.8/site-packages/airflow/example_dags/example_branch_labels.py
[2025-11-28T14:39:29.010+0000] {processor.py:830} INFO - Processing file /home/airflow/.local/lib/python3.8/site-packages/airflow/example_dags/example_branch_labels.py for tasks to queue
[2025-11-28T14:39:29.013+0000] {logging_mixin.py:188} INFO - [2025-11-28T14:39:29.012+0000] {dagbag.py:538} INFO - Filling up the DagBag from /home/airflow/.local/lib/python3.8/site-packages/airflow/example_dags/example_branch_labels.py
[2025-11-28T14:39:29.027+0000] {processor.py:840} INFO - DAG(s) 'example_branch_labels' retrieved from /home/airflow/.local/lib/python3.8/site-packages/airflow/example_dags/example_branch_labels.py
[2025-11-28T14:39:29.060+0000] {logging_mixin.py:188} INFO - [2025-11-28T14:39:29.060+0000] {dag.py:3036} INFO - Sync 1 DAGs
[2025-11-28T14:39:29.091+0000] {logging_mixin.py:188} INFO - [2025-11-28T14:39:29.090+0000] {dag.py:3823} INFO - Setting next_dagrun for example_branch_labels to 2025-11-27 00:00:00+00:00, run_after=2025-11-28 00:00:00+00:00
[2025-11-28T14:39:29.116+0000] {processor.py:183} INFO - Processing /home/airflow/.local/lib/python3.8/site-packages/airflow/example_dags/example_branch_labels.py took 0.114 seconds
