[2025-11-28T14:35:20.462+0000] {processor.py:161} INFO - Started process (PID=501) to work on /home/airflow/.local/lib/python3.8/site-packages/airflow/example_dags/example_task_group_decorator.py
[2025-11-28T14:35:20.463+0000] {processor.py:830} INFO - Processing file /home/airflow/.local/lib/python3.8/site-packages/airflow/example_dags/example_task_group_decorator.py for tasks to queue
[2025-11-28T14:35:20.466+0000] {logging_mixin.py:188} INFO - [2025-11-28T14:35:20.466+0000] {dagbag.py:538} INFO - Filling up the DagBag from /home/airflow/.local/lib/python3.8/site-packages/airflow/example_dags/example_task_group_decorator.py
[2025-11-28T14:35:20.490+0000] {processor.py:840} INFO - DAG(s) 'example_task_group_decorator' retrieved from /home/airflow/.local/lib/python3.8/site-packages/airflow/example_dags/example_task_group_decorator.py
[2025-11-28T14:35:20.669+0000] {logging_mixin.py:188} INFO - [2025-11-28T14:35:20.668+0000] {override.py:1769} INFO - Created Permission View: can read on DAG:example_task_group_decorator
[2025-11-28T14:35:20.682+0000] {logging_mixin.py:188} INFO - [2025-11-28T14:35:20.681+0000] {override.py:1769} INFO - Created Permission View: can delete on DAG:example_task_group_decorator
[2025-11-28T14:35:20.690+0000] {logging_mixin.py:188} INFO - [2025-11-28T14:35:20.690+0000] {override.py:1769} INFO - Created Permission View: can edit on DAG:example_task_group_decorator
[2025-11-28T14:35:20.691+0000] {logging_mixin.py:188} INFO - [2025-11-28T14:35:20.691+0000] {dag.py:3036} INFO - Sync 1 DAGs
[2025-11-28T14:35:20.707+0000] {logging_mixin.py:188} INFO - [2025-11-28T14:35:20.707+0000] {dag.py:3058} INFO - Creating ORM DAG for example_task_group_decorator
[2025-11-28T14:35:20.718+0000] {logging_mixin.py:188} INFO - [2025-11-28T14:35:20.718+0000] {dag.py:3823} INFO - Setting next_dagrun for example_task_group_decorator to 2025-11-27 00:00:00+00:00, run_after=2025-11-28 00:00:00+00:00
[2025-11-28T14:35:20.739+0000] {processor.py:183} INFO - Processing /home/airflow/.local/lib/python3.8/site-packages/airflow/example_dags/example_task_group_decorator.py took 0.283 seconds
[2025-11-28T14:35:51.399+0000] {processor.py:161} INFO - Started process (PID=559) to work on /home/airflow/.local/lib/python3.8/site-packages/airflow/example_dags/example_task_group_decorator.py
[2025-11-28T14:35:51.402+0000] {processor.py:830} INFO - Processing file /home/airflow/.local/lib/python3.8/site-packages/airflow/example_dags/example_task_group_decorator.py for tasks to queue
[2025-11-28T14:35:51.405+0000] {logging_mixin.py:188} INFO - [2025-11-28T14:35:51.405+0000] {dagbag.py:538} INFO - Filling up the DagBag from /home/airflow/.local/lib/python3.8/site-packages/airflow/example_dags/example_task_group_decorator.py
[2025-11-28T14:35:51.429+0000] {processor.py:840} INFO - DAG(s) 'example_task_group_decorator' retrieved from /home/airflow/.local/lib/python3.8/site-packages/airflow/example_dags/example_task_group_decorator.py
[2025-11-28T14:35:51.467+0000] {logging_mixin.py:188} INFO - [2025-11-28T14:35:51.467+0000] {dag.py:3036} INFO - Sync 1 DAGs
[2025-11-28T14:35:51.497+0000] {logging_mixin.py:188} INFO - [2025-11-28T14:35:51.497+0000] {dag.py:3823} INFO - Setting next_dagrun for example_task_group_decorator to 2025-11-27 00:00:00+00:00, run_after=2025-11-28 00:00:00+00:00
[2025-11-28T14:35:51.529+0000] {processor.py:183} INFO - Processing /home/airflow/.local/lib/python3.8/site-packages/airflow/example_dags/example_task_group_decorator.py took 0.135 seconds
[2025-11-28T14:36:21.671+0000] {processor.py:161} INFO - Started process (PID=617) to work on /home/airflow/.local/lib/python3.8/site-packages/airflow/example_dags/example_task_group_decorator.py
[2025-11-28T14:36:21.673+0000] {processor.py:830} INFO - Processing file /home/airflow/.local/lib/python3.8/site-packages/airflow/example_dags/example_task_group_decorator.py for tasks to queue
[2025-11-28T14:36:21.676+0000] {logging_mixin.py:188} INFO - [2025-11-28T14:36:21.675+0000] {dagbag.py:538} INFO - Filling up the DagBag from /home/airflow/.local/lib/python3.8/site-packages/airflow/example_dags/example_task_group_decorator.py
[2025-11-28T14:36:21.699+0000] {processor.py:840} INFO - DAG(s) 'example_task_group_decorator' retrieved from /home/airflow/.local/lib/python3.8/site-packages/airflow/example_dags/example_task_group_decorator.py
[2025-11-28T14:36:21.736+0000] {logging_mixin.py:188} INFO - [2025-11-28T14:36:21.736+0000] {dag.py:3036} INFO - Sync 1 DAGs
[2025-11-28T14:36:21.765+0000] {logging_mixin.py:188} INFO - [2025-11-28T14:36:21.765+0000] {dag.py:3823} INFO - Setting next_dagrun for example_task_group_decorator to 2025-11-27 00:00:00+00:00, run_after=2025-11-28 00:00:00+00:00
[2025-11-28T14:36:21.790+0000] {processor.py:183} INFO - Processing /home/airflow/.local/lib/python3.8/site-packages/airflow/example_dags/example_task_group_decorator.py took 0.125 seconds
[2025-11-28T14:36:52.198+0000] {processor.py:161} INFO - Started process (PID=675) to work on /home/airflow/.local/lib/python3.8/site-packages/airflow/example_dags/example_task_group_decorator.py
[2025-11-28T14:36:52.200+0000] {processor.py:830} INFO - Processing file /home/airflow/.local/lib/python3.8/site-packages/airflow/example_dags/example_task_group_decorator.py for tasks to queue
[2025-11-28T14:36:52.202+0000] {logging_mixin.py:188} INFO - [2025-11-28T14:36:52.202+0000] {dagbag.py:538} INFO - Filling up the DagBag from /home/airflow/.local/lib/python3.8/site-packages/airflow/example_dags/example_task_group_decorator.py
[2025-11-28T14:36:52.225+0000] {processor.py:840} INFO - DAG(s) 'example_task_group_decorator' retrieved from /home/airflow/.local/lib/python3.8/site-packages/airflow/example_dags/example_task_group_decorator.py
[2025-11-28T14:36:52.263+0000] {logging_mixin.py:188} INFO - [2025-11-28T14:36:52.263+0000] {dag.py:3036} INFO - Sync 1 DAGs
[2025-11-28T14:36:52.297+0000] {logging_mixin.py:188} INFO - [2025-11-28T14:36:52.296+0000] {dag.py:3823} INFO - Setting next_dagrun for example_task_group_decorator to 2025-11-27 00:00:00+00:00, run_after=2025-11-28 00:00:00+00:00
[2025-11-28T14:36:52.323+0000] {processor.py:183} INFO - Processing /home/airflow/.local/lib/python3.8/site-packages/airflow/example_dags/example_task_group_decorator.py took 0.131 seconds
[2025-11-28T14:37:22.661+0000] {processor.py:161} INFO - Started process (PID=733) to work on /home/airflow/.local/lib/python3.8/site-packages/airflow/example_dags/example_task_group_decorator.py
[2025-11-28T14:37:22.663+0000] {processor.py:830} INFO - Processing file /home/airflow/.local/lib/python3.8/site-packages/airflow/example_dags/example_task_group_decorator.py for tasks to queue
[2025-11-28T14:37:22.666+0000] {logging_mixin.py:188} INFO - [2025-11-28T14:37:22.665+0000] {dagbag.py:538} INFO - Filling up the DagBag from /home/airflow/.local/lib/python3.8/site-packages/airflow/example_dags/example_task_group_decorator.py
[2025-11-28T14:37:22.690+0000] {processor.py:840} INFO - DAG(s) 'example_task_group_decorator' retrieved from /home/airflow/.local/lib/python3.8/site-packages/airflow/example_dags/example_task_group_decorator.py
[2025-11-28T14:37:22.728+0000] {logging_mixin.py:188} INFO - [2025-11-28T14:37:22.728+0000] {dag.py:3036} INFO - Sync 1 DAGs
[2025-11-28T14:37:22.757+0000] {logging_mixin.py:188} INFO - [2025-11-28T14:37:22.757+0000] {dag.py:3823} INFO - Setting next_dagrun for example_task_group_decorator to 2025-11-27 00:00:00+00:00, run_after=2025-11-28 00:00:00+00:00
[2025-11-28T14:37:22.784+0000] {processor.py:183} INFO - Processing /home/airflow/.local/lib/python3.8/site-packages/airflow/example_dags/example_task_group_decorator.py took 0.129 seconds
[2025-11-28T14:37:53.442+0000] {processor.py:161} INFO - Started process (PID=791) to work on /home/airflow/.local/lib/python3.8/site-packages/airflow/example_dags/example_task_group_decorator.py
[2025-11-28T14:37:53.444+0000] {processor.py:830} INFO - Processing file /home/airflow/.local/lib/python3.8/site-packages/airflow/example_dags/example_task_group_decorator.py for tasks to queue
[2025-11-28T14:37:53.447+0000] {logging_mixin.py:188} INFO - [2025-11-28T14:37:53.446+0000] {dagbag.py:538} INFO - Filling up the DagBag from /home/airflow/.local/lib/python3.8/site-packages/airflow/example_dags/example_task_group_decorator.py
[2025-11-28T14:37:53.469+0000] {processor.py:840} INFO - DAG(s) 'example_task_group_decorator' retrieved from /home/airflow/.local/lib/python3.8/site-packages/airflow/example_dags/example_task_group_decorator.py
[2025-11-28T14:37:53.507+0000] {logging_mixin.py:188} INFO - [2025-11-28T14:37:53.507+0000] {dag.py:3036} INFO - Sync 1 DAGs
[2025-11-28T14:37:53.536+0000] {logging_mixin.py:188} INFO - [2025-11-28T14:37:53.535+0000] {dag.py:3823} INFO - Setting next_dagrun for example_task_group_decorator to 2025-11-27 00:00:00+00:00, run_after=2025-11-28 00:00:00+00:00
[2025-11-28T14:37:53.565+0000] {processor.py:183} INFO - Processing /home/airflow/.local/lib/python3.8/site-packages/airflow/example_dags/example_task_group_decorator.py took 0.129 seconds
[2025-11-28T14:38:23.759+0000] {processor.py:161} INFO - Started process (PID=849) to work on /home/airflow/.local/lib/python3.8/site-packages/airflow/example_dags/example_task_group_decorator.py
[2025-11-28T14:38:23.761+0000] {processor.py:830} INFO - Processing file /home/airflow/.local/lib/python3.8/site-packages/airflow/example_dags/example_task_group_decorator.py for tasks to queue
[2025-11-28T14:38:23.764+0000] {logging_mixin.py:188} INFO - [2025-11-28T14:38:23.763+0000] {dagbag.py:538} INFO - Filling up the DagBag from /home/airflow/.local/lib/python3.8/site-packages/airflow/example_dags/example_task_group_decorator.py
[2025-11-28T14:38:23.790+0000] {processor.py:840} INFO - DAG(s) 'example_task_group_decorator' retrieved from /home/airflow/.local/lib/python3.8/site-packages/airflow/example_dags/example_task_group_decorator.py
[2025-11-28T14:38:23.828+0000] {logging_mixin.py:188} INFO - [2025-11-28T14:38:23.828+0000] {dag.py:3036} INFO - Sync 1 DAGs
[2025-11-28T14:38:23.860+0000] {logging_mixin.py:188} INFO - [2025-11-28T14:38:23.860+0000] {dag.py:3823} INFO - Setting next_dagrun for example_task_group_decorator to 2025-11-27 00:00:00+00:00, run_after=2025-11-28 00:00:00+00:00
[2025-11-28T14:38:23.890+0000] {processor.py:183} INFO - Processing /home/airflow/.local/lib/python3.8/site-packages/airflow/example_dags/example_task_group_decorator.py took 0.137 seconds
[2025-11-28T14:38:54.428+0000] {processor.py:161} INFO - Started process (PID=907) to work on /home/airflow/.local/lib/python3.8/site-packages/airflow/example_dags/example_task_group_decorator.py
[2025-11-28T14:38:54.430+0000] {processor.py:830} INFO - Processing file /home/airflow/.local/lib/python3.8/site-packages/airflow/example_dags/example_task_group_decorator.py for tasks to queue
[2025-11-28T14:38:54.433+0000] {logging_mixin.py:188} INFO - [2025-11-28T14:38:54.432+0000] {dagbag.py:538} INFO - Filling up the DagBag from /home/airflow/.local/lib/python3.8/site-packages/airflow/example_dags/example_task_group_decorator.py
[2025-11-28T14:38:54.456+0000] {processor.py:840} INFO - DAG(s) 'example_task_group_decorator' retrieved from /home/airflow/.local/lib/python3.8/site-packages/airflow/example_dags/example_task_group_decorator.py
[2025-11-28T14:38:54.495+0000] {logging_mixin.py:188} INFO - [2025-11-28T14:38:54.494+0000] {dag.py:3036} INFO - Sync 1 DAGs
[2025-11-28T14:38:54.527+0000] {logging_mixin.py:188} INFO - [2025-11-28T14:38:54.526+0000] {dag.py:3823} INFO - Setting next_dagrun for example_task_group_decorator to 2025-11-27 00:00:00+00:00, run_after=2025-11-28 00:00:00+00:00
[2025-11-28T14:38:54.552+0000] {processor.py:183} INFO - Processing /home/airflow/.local/lib/python3.8/site-packages/airflow/example_dags/example_task_group_decorator.py took 0.131 seconds
[2025-11-28T14:39:24.787+0000] {processor.py:161} INFO - Started process (PID=966) to work on /home/airflow/.local/lib/python3.8/site-packages/airflow/example_dags/example_task_group_decorator.py
[2025-11-28T14:39:24.789+0000] {processor.py:830} INFO - Processing file /home/airflow/.local/lib/python3.8/site-packages/airflow/example_dags/example_task_group_decorator.py for tasks to queue
[2025-11-28T14:39:24.792+0000] {logging_mixin.py:188} INFO - [2025-11-28T14:39:24.791+0000] {dagbag.py:538} INFO - Filling up the DagBag from /home/airflow/.local/lib/python3.8/site-packages/airflow/example_dags/example_task_group_decorator.py
[2025-11-28T14:39:24.815+0000] {processor.py:840} INFO - DAG(s) 'example_task_group_decorator' retrieved from /home/airflow/.local/lib/python3.8/site-packages/airflow/example_dags/example_task_group_decorator.py
[2025-11-28T14:39:24.854+0000] {logging_mixin.py:188} INFO - [2025-11-28T14:39:24.853+0000] {dag.py:3036} INFO - Sync 1 DAGs
[2025-11-28T14:39:24.882+0000] {logging_mixin.py:188} INFO - [2025-11-28T14:39:24.882+0000] {dag.py:3823} INFO - Setting next_dagrun for example_task_group_decorator to 2025-11-27 00:00:00+00:00, run_after=2025-11-28 00:00:00+00:00
[2025-11-28T14:39:24.908+0000] {processor.py:183} INFO - Processing /home/airflow/.local/lib/python3.8/site-packages/airflow/example_dags/example_task_group_decorator.py took 0.127 seconds
