[2025-11-28T14:35:27.128+0000] {processor.py:161} INFO - Started process (PID=541) to work on /home/airflow/.local/lib/python3.8/site-packages/airflow/example_dags/tutorial_dag.py
[2025-11-28T14:35:27.129+0000] {processor.py:830} INFO - Processing file /home/airflow/.local/lib/python3.8/site-packages/airflow/example_dags/tutorial_dag.py for tasks to queue
[2025-11-28T14:35:27.132+0000] {logging_mixin.py:188} INFO - [2025-11-28T14:35:27.132+0000] {dagbag.py:538} INFO - Filling up the DagBag from /home/airflow/.local/lib/python3.8/site-packages/airflow/example_dags/tutorial_dag.py
[2025-11-28T14:35:27.143+0000] {processor.py:840} INFO - DAG(s) 'tutorial_dag' retrieved from /home/airflow/.local/lib/python3.8/site-packages/airflow/example_dags/tutorial_dag.py
[2025-11-28T14:35:27.315+0000] {logging_mixin.py:188} INFO - [2025-11-28T14:35:27.314+0000] {override.py:1769} INFO - Created Permission View: can read on DAG:tutorial_dag
[2025-11-28T14:35:27.329+0000] {logging_mixin.py:188} INFO - [2025-11-28T14:35:27.329+0000] {override.py:1769} INFO - Created Permission View: can delete on DAG:tutorial_dag
[2025-11-28T14:35:27.339+0000] {logging_mixin.py:188} INFO - [2025-11-28T14:35:27.339+0000] {override.py:1769} INFO - Created Permission View: can edit on DAG:tutorial_dag
[2025-11-28T14:35:27.340+0000] {logging_mixin.py:188} INFO - [2025-11-28T14:35:27.340+0000] {dag.py:3036} INFO - Sync 1 DAGs
[2025-11-28T14:35:27.357+0000] {logging_mixin.py:188} INFO - [2025-11-28T14:35:27.357+0000] {dag.py:3058} INFO - Creating ORM DAG for tutorial_dag
[2025-11-28T14:35:27.358+0000] {logging_mixin.py:188} INFO - [2025-11-28T14:35:27.358+0000] {dag.py:3823} INFO - Setting next_dagrun for tutorial_dag to None, run_after=None
[2025-11-28T14:35:27.381+0000] {processor.py:183} INFO - Processing /home/airflow/.local/lib/python3.8/site-packages/airflow/example_dags/tutorial_dag.py took 0.260 seconds
[2025-11-28T14:35:58.036+0000] {processor.py:161} INFO - Started process (PID=599) to work on /home/airflow/.local/lib/python3.8/site-packages/airflow/example_dags/tutorial_dag.py
[2025-11-28T14:35:58.038+0000] {processor.py:830} INFO - Processing file /home/airflow/.local/lib/python3.8/site-packages/airflow/example_dags/tutorial_dag.py for tasks to queue
[2025-11-28T14:35:58.041+0000] {logging_mixin.py:188} INFO - [2025-11-28T14:35:58.040+0000] {dagbag.py:538} INFO - Filling up the DagBag from /home/airflow/.local/lib/python3.8/site-packages/airflow/example_dags/tutorial_dag.py
[2025-11-28T14:35:58.050+0000] {processor.py:840} INFO - DAG(s) 'tutorial_dag' retrieved from /home/airflow/.local/lib/python3.8/site-packages/airflow/example_dags/tutorial_dag.py
[2025-11-28T14:35:58.081+0000] {logging_mixin.py:188} INFO - [2025-11-28T14:35:58.081+0000] {dag.py:3036} INFO - Sync 1 DAGs
[2025-11-28T14:35:58.101+0000] {logging_mixin.py:188} INFO - [2025-11-28T14:35:58.101+0000] {dag.py:3823} INFO - Setting next_dagrun for tutorial_dag to None, run_after=None
[2025-11-28T14:35:58.134+0000] {processor.py:183} INFO - Processing /home/airflow/.local/lib/python3.8/site-packages/airflow/example_dags/tutorial_dag.py took 0.103 seconds
[2025-11-28T14:36:28.535+0000] {processor.py:161} INFO - Started process (PID=663) to work on /home/airflow/.local/lib/python3.8/site-packages/airflow/example_dags/tutorial_dag.py
[2025-11-28T14:36:28.537+0000] {processor.py:830} INFO - Processing file /home/airflow/.local/lib/python3.8/site-packages/airflow/example_dags/tutorial_dag.py for tasks to queue
[2025-11-28T14:36:28.540+0000] {logging_mixin.py:188} INFO - [2025-11-28T14:36:28.540+0000] {dagbag.py:538} INFO - Filling up the DagBag from /home/airflow/.local/lib/python3.8/site-packages/airflow/example_dags/tutorial_dag.py
[2025-11-28T14:36:28.550+0000] {processor.py:840} INFO - DAG(s) 'tutorial_dag' retrieved from /home/airflow/.local/lib/python3.8/site-packages/airflow/example_dags/tutorial_dag.py
[2025-11-28T14:36:28.582+0000] {logging_mixin.py:188} INFO - [2025-11-28T14:36:28.582+0000] {dag.py:3036} INFO - Sync 1 DAGs
[2025-11-28T14:36:28.600+0000] {logging_mixin.py:188} INFO - [2025-11-28T14:36:28.600+0000] {dag.py:3823} INFO - Setting next_dagrun for tutorial_dag to None, run_after=None
[2025-11-28T14:36:28.632+0000] {processor.py:183} INFO - Processing /home/airflow/.local/lib/python3.8/site-packages/airflow/example_dags/tutorial_dag.py took 0.103 seconds
[2025-11-28T14:36:59.472+0000] {processor.py:161} INFO - Started process (PID=721) to work on /home/airflow/.local/lib/python3.8/site-packages/airflow/example_dags/tutorial_dag.py
[2025-11-28T14:36:59.475+0000] {processor.py:830} INFO - Processing file /home/airflow/.local/lib/python3.8/site-packages/airflow/example_dags/tutorial_dag.py for tasks to queue
[2025-11-28T14:36:59.478+0000] {logging_mixin.py:188} INFO - [2025-11-28T14:36:59.478+0000] {dagbag.py:538} INFO - Filling up the DagBag from /home/airflow/.local/lib/python3.8/site-packages/airflow/example_dags/tutorial_dag.py
[2025-11-28T14:36:59.489+0000] {processor.py:840} INFO - DAG(s) 'tutorial_dag' retrieved from /home/airflow/.local/lib/python3.8/site-packages/airflow/example_dags/tutorial_dag.py
[2025-11-28T14:36:59.533+0000] {logging_mixin.py:188} INFO - [2025-11-28T14:36:59.533+0000] {dag.py:3036} INFO - Sync 1 DAGs
[2025-11-28T14:36:59.556+0000] {logging_mixin.py:188} INFO - [2025-11-28T14:36:59.555+0000] {dag.py:3823} INFO - Setting next_dagrun for tutorial_dag to None, run_after=None
[2025-11-28T14:36:59.589+0000] {processor.py:183} INFO - Processing /home/airflow/.local/lib/python3.8/site-packages/airflow/example_dags/tutorial_dag.py took 0.124 seconds
[2025-11-28T14:37:29.745+0000] {processor.py:161} INFO - Started process (PID=778) to work on /home/airflow/.local/lib/python3.8/site-packages/airflow/example_dags/tutorial_dag.py
[2025-11-28T14:37:29.746+0000] {processor.py:830} INFO - Processing file /home/airflow/.local/lib/python3.8/site-packages/airflow/example_dags/tutorial_dag.py for tasks to queue
[2025-11-28T14:37:29.749+0000] {logging_mixin.py:188} INFO - [2025-11-28T14:37:29.749+0000] {dagbag.py:538} INFO - Filling up the DagBag from /home/airflow/.local/lib/python3.8/site-packages/airflow/example_dags/tutorial_dag.py
[2025-11-28T14:37:29.758+0000] {processor.py:840} INFO - DAG(s) 'tutorial_dag' retrieved from /home/airflow/.local/lib/python3.8/site-packages/airflow/example_dags/tutorial_dag.py
[2025-11-28T14:37:29.789+0000] {logging_mixin.py:188} INFO - [2025-11-28T14:37:29.788+0000] {dag.py:3036} INFO - Sync 1 DAGs
[2025-11-28T14:37:29.807+0000] {logging_mixin.py:188} INFO - [2025-11-28T14:37:29.807+0000] {dag.py:3823} INFO - Setting next_dagrun for tutorial_dag to None, run_after=None
[2025-11-28T14:37:29.835+0000] {processor.py:183} INFO - Processing /home/airflow/.local/lib/python3.8/site-packages/airflow/example_dags/tutorial_dag.py took 0.096 seconds
[2025-11-28T14:38:00.996+0000] {processor.py:161} INFO - Started process (PID=837) to work on /home/airflow/.local/lib/python3.8/site-packages/airflow/example_dags/tutorial_dag.py
[2025-11-28T14:38:00.998+0000] {processor.py:830} INFO - Processing file /home/airflow/.local/lib/python3.8/site-packages/airflow/example_dags/tutorial_dag.py for tasks to queue
[2025-11-28T14:38:01.001+0000] {logging_mixin.py:188} INFO - [2025-11-28T14:38:01.001+0000] {dagbag.py:538} INFO - Filling up the DagBag from /home/airflow/.local/lib/python3.8/site-packages/airflow/example_dags/tutorial_dag.py
[2025-11-28T14:38:01.011+0000] {processor.py:840} INFO - DAG(s) 'tutorial_dag' retrieved from /home/airflow/.local/lib/python3.8/site-packages/airflow/example_dags/tutorial_dag.py
[2025-11-28T14:38:01.044+0000] {logging_mixin.py:188} INFO - [2025-11-28T14:38:01.043+0000] {dag.py:3036} INFO - Sync 1 DAGs
[2025-11-28T14:38:01.063+0000] {logging_mixin.py:188} INFO - [2025-11-28T14:38:01.063+0000] {dag.py:3823} INFO - Setting next_dagrun for tutorial_dag to None, run_after=None
[2025-11-28T14:38:01.090+0000] {processor.py:183} INFO - Processing /home/airflow/.local/lib/python3.8/site-packages/airflow/example_dags/tutorial_dag.py took 0.100 seconds
[2025-11-28T14:38:31.252+0000] {processor.py:161} INFO - Started process (PID=894) to work on /home/airflow/.local/lib/python3.8/site-packages/airflow/example_dags/tutorial_dag.py
[2025-11-28T14:38:31.253+0000] {processor.py:830} INFO - Processing file /home/airflow/.local/lib/python3.8/site-packages/airflow/example_dags/tutorial_dag.py for tasks to queue
[2025-11-28T14:38:31.256+0000] {logging_mixin.py:188} INFO - [2025-11-28T14:38:31.256+0000] {dagbag.py:538} INFO - Filling up the DagBag from /home/airflow/.local/lib/python3.8/site-packages/airflow/example_dags/tutorial_dag.py
[2025-11-28T14:38:31.265+0000] {processor.py:840} INFO - DAG(s) 'tutorial_dag' retrieved from /home/airflow/.local/lib/python3.8/site-packages/airflow/example_dags/tutorial_dag.py
[2025-11-28T14:38:31.296+0000] {logging_mixin.py:188} INFO - [2025-11-28T14:38:31.296+0000] {dag.py:3036} INFO - Sync 1 DAGs
[2025-11-28T14:38:31.317+0000] {logging_mixin.py:188} INFO - [2025-11-28T14:38:31.316+0000] {dag.py:3823} INFO - Setting next_dagrun for tutorial_dag to None, run_after=None
[2025-11-28T14:38:31.350+0000] {processor.py:183} INFO - Processing /home/airflow/.local/lib/python3.8/site-packages/airflow/example_dags/tutorial_dag.py took 0.104 seconds
[2025-11-28T14:39:01.453+0000] {processor.py:161} INFO - Started process (PID=954) to work on /home/airflow/.local/lib/python3.8/site-packages/airflow/example_dags/tutorial_dag.py
[2025-11-28T14:39:01.455+0000] {processor.py:830} INFO - Processing file /home/airflow/.local/lib/python3.8/site-packages/airflow/example_dags/tutorial_dag.py for tasks to queue
[2025-11-28T14:39:01.458+0000] {logging_mixin.py:188} INFO - [2025-11-28T14:39:01.457+0000] {dagbag.py:538} INFO - Filling up the DagBag from /home/airflow/.local/lib/python3.8/site-packages/airflow/example_dags/tutorial_dag.py
[2025-11-28T14:39:01.467+0000] {processor.py:840} INFO - DAG(s) 'tutorial_dag' retrieved from /home/airflow/.local/lib/python3.8/site-packages/airflow/example_dags/tutorial_dag.py
[2025-11-28T14:39:01.499+0000] {logging_mixin.py:188} INFO - [2025-11-28T14:39:01.499+0000] {dag.py:3036} INFO - Sync 1 DAGs
[2025-11-28T14:39:01.516+0000] {logging_mixin.py:188} INFO - [2025-11-28T14:39:01.516+0000] {dag.py:3823} INFO - Setting next_dagrun for tutorial_dag to None, run_after=None
[2025-11-28T14:39:01.540+0000] {processor.py:183} INFO - Processing /home/airflow/.local/lib/python3.8/site-packages/airflow/example_dags/tutorial_dag.py took 0.093 seconds
[2025-11-28T14:39:31.791+0000] {processor.py:161} INFO - Started process (PID=1011) to work on /home/airflow/.local/lib/python3.8/site-packages/airflow/example_dags/tutorial_dag.py
[2025-11-28T14:39:31.793+0000] {processor.py:830} INFO - Processing file /home/airflow/.local/lib/python3.8/site-packages/airflow/example_dags/tutorial_dag.py for tasks to queue
[2025-11-28T14:39:31.796+0000] {logging_mixin.py:188} INFO - [2025-11-28T14:39:31.795+0000] {dagbag.py:538} INFO - Filling up the DagBag from /home/airflow/.local/lib/python3.8/site-packages/airflow/example_dags/tutorial_dag.py
[2025-11-28T14:39:31.808+0000] {processor.py:840} INFO - DAG(s) 'tutorial_dag' retrieved from /home/airflow/.local/lib/python3.8/site-packages/airflow/example_dags/tutorial_dag.py
[2025-11-28T14:39:31.849+0000] {logging_mixin.py:188} INFO - [2025-11-28T14:39:31.849+0000] {dag.py:3036} INFO - Sync 1 DAGs
[2025-11-28T14:39:31.869+0000] {logging_mixin.py:188} INFO - [2025-11-28T14:39:31.868+0000] {dag.py:3823} INFO - Setting next_dagrun for tutorial_dag to None, run_after=None
[2025-11-28T14:39:31.897+0000] {processor.py:183} INFO - Processing /home/airflow/.local/lib/python3.8/site-packages/airflow/example_dags/tutorial_dag.py took 0.112 seconds
