[2025-11-28T14:35:20.774+0000] {processor.py:161} INFO - Started process (PID=503) to work on /home/airflow/.local/lib/python3.8/site-packages/airflow/example_dags/tutorial_taskflow_api_virtualenv.py
[2025-11-28T14:35:20.775+0000] {processor.py:830} INFO - Processing file /home/airflow/.local/lib/python3.8/site-packages/airflow/example_dags/tutorial_taskflow_api_virtualenv.py for tasks to queue
[2025-11-28T14:35:20.778+0000] {logging_mixin.py:188} INFO - [2025-11-28T14:35:20.778+0000] {dagbag.py:538} INFO - Filling up the DagBag from /home/airflow/.local/lib/python3.8/site-packages/airflow/example_dags/tutorial_taskflow_api_virtualenv.py
[2025-11-28T14:35:20.796+0000] {processor.py:840} INFO - DAG(s) 'tutorial_taskflow_api_virtualenv' retrieved from /home/airflow/.local/lib/python3.8/site-packages/airflow/example_dags/tutorial_taskflow_api_virtualenv.py
[2025-11-28T14:35:20.951+0000] {logging_mixin.py:188} INFO - [2025-11-28T14:35:20.950+0000] {override.py:1769} INFO - Created Permission View: can read on DAG:tutorial_taskflow_api_virtualenv
[2025-11-28T14:35:20.965+0000] {logging_mixin.py:188} INFO - [2025-11-28T14:35:20.964+0000] {override.py:1769} INFO - Created Permission View: can delete on DAG:tutorial_taskflow_api_virtualenv
[2025-11-28T14:35:20.974+0000] {logging_mixin.py:188} INFO - [2025-11-28T14:35:20.974+0000] {override.py:1769} INFO - Created Permission View: can edit on DAG:tutorial_taskflow_api_virtualenv
[2025-11-28T14:35:20.975+0000] {logging_mixin.py:188} INFO - [2025-11-28T14:35:20.974+0000] {dag.py:3036} INFO - Sync 1 DAGs
[2025-11-28T14:35:20.990+0000] {logging_mixin.py:188} INFO - [2025-11-28T14:35:20.990+0000] {dag.py:3058} INFO - Creating ORM DAG for tutorial_taskflow_api_virtualenv
[2025-11-28T14:35:20.991+0000] {logging_mixin.py:188} INFO - [2025-11-28T14:35:20.991+0000] {dag.py:3823} INFO - Setting next_dagrun for tutorial_taskflow_api_virtualenv to None, run_after=None
[2025-11-28T14:35:21.023+0000] {processor.py:183} INFO - Processing /home/airflow/.local/lib/python3.8/site-packages/airflow/example_dags/tutorial_taskflow_api_virtualenv.py took 0.255 seconds
[2025-11-28T14:35:51.556+0000] {processor.py:161} INFO - Started process (PID=561) to work on /home/airflow/.local/lib/python3.8/site-packages/airflow/example_dags/tutorial_taskflow_api_virtualenv.py
[2025-11-28T14:35:51.558+0000] {processor.py:830} INFO - Processing file /home/airflow/.local/lib/python3.8/site-packages/airflow/example_dags/tutorial_taskflow_api_virtualenv.py for tasks to queue
[2025-11-28T14:35:51.561+0000] {logging_mixin.py:188} INFO - [2025-11-28T14:35:51.561+0000] {dagbag.py:538} INFO - Filling up the DagBag from /home/airflow/.local/lib/python3.8/site-packages/airflow/example_dags/tutorial_taskflow_api_virtualenv.py
[2025-11-28T14:35:51.578+0000] {processor.py:840} INFO - DAG(s) 'tutorial_taskflow_api_virtualenv' retrieved from /home/airflow/.local/lib/python3.8/site-packages/airflow/example_dags/tutorial_taskflow_api_virtualenv.py
[2025-11-28T14:35:51.610+0000] {logging_mixin.py:188} INFO - [2025-11-28T14:35:51.609+0000] {dag.py:3036} INFO - Sync 1 DAGs
[2025-11-28T14:35:51.628+0000] {logging_mixin.py:188} INFO - [2025-11-28T14:35:51.628+0000] {dag.py:3823} INFO - Setting next_dagrun for tutorial_taskflow_api_virtualenv to None, run_after=None
[2025-11-28T14:35:51.656+0000] {processor.py:183} INFO - Processing /home/airflow/.local/lib/python3.8/site-packages/airflow/example_dags/tutorial_taskflow_api_virtualenv.py took 0.106 seconds
[2025-11-28T14:36:21.963+0000] {processor.py:161} INFO - Started process (PID=619) to work on /home/airflow/.local/lib/python3.8/site-packages/airflow/example_dags/tutorial_taskflow_api_virtualenv.py
[2025-11-28T14:36:21.965+0000] {processor.py:830} INFO - Processing file /home/airflow/.local/lib/python3.8/site-packages/airflow/example_dags/tutorial_taskflow_api_virtualenv.py for tasks to queue
[2025-11-28T14:36:21.968+0000] {logging_mixin.py:188} INFO - [2025-11-28T14:36:21.968+0000] {dagbag.py:538} INFO - Filling up the DagBag from /home/airflow/.local/lib/python3.8/site-packages/airflow/example_dags/tutorial_taskflow_api_virtualenv.py
[2025-11-28T14:36:21.987+0000] {processor.py:840} INFO - DAG(s) 'tutorial_taskflow_api_virtualenv' retrieved from /home/airflow/.local/lib/python3.8/site-packages/airflow/example_dags/tutorial_taskflow_api_virtualenv.py
[2025-11-28T14:36:22.022+0000] {logging_mixin.py:188} INFO - [2025-11-28T14:36:22.022+0000] {dag.py:3036} INFO - Sync 1 DAGs
[2025-11-28T14:36:22.040+0000] {logging_mixin.py:188} INFO - [2025-11-28T14:36:22.040+0000] {dag.py:3823} INFO - Setting next_dagrun for tutorial_taskflow_api_virtualenv to None, run_after=None
[2025-11-28T14:36:22.067+0000] {processor.py:183} INFO - Processing /home/airflow/.local/lib/python3.8/site-packages/airflow/example_dags/tutorial_taskflow_api_virtualenv.py took 0.111 seconds
[2025-11-28T14:36:52.351+0000] {processor.py:161} INFO - Started process (PID=677) to work on /home/airflow/.local/lib/python3.8/site-packages/airflow/example_dags/tutorial_taskflow_api_virtualenv.py
[2025-11-28T14:36:52.353+0000] {processor.py:830} INFO - Processing file /home/airflow/.local/lib/python3.8/site-packages/airflow/example_dags/tutorial_taskflow_api_virtualenv.py for tasks to queue
[2025-11-28T14:36:52.356+0000] {logging_mixin.py:188} INFO - [2025-11-28T14:36:52.356+0000] {dagbag.py:538} INFO - Filling up the DagBag from /home/airflow/.local/lib/python3.8/site-packages/airflow/example_dags/tutorial_taskflow_api_virtualenv.py
[2025-11-28T14:36:52.374+0000] {processor.py:840} INFO - DAG(s) 'tutorial_taskflow_api_virtualenv' retrieved from /home/airflow/.local/lib/python3.8/site-packages/airflow/example_dags/tutorial_taskflow_api_virtualenv.py
[2025-11-28T14:36:52.408+0000] {logging_mixin.py:188} INFO - [2025-11-28T14:36:52.408+0000] {dag.py:3036} INFO - Sync 1 DAGs
[2025-11-28T14:36:52.427+0000] {logging_mixin.py:188} INFO - [2025-11-28T14:36:52.427+0000] {dag.py:3823} INFO - Setting next_dagrun for tutorial_taskflow_api_virtualenv to None, run_after=None
[2025-11-28T14:36:52.454+0000] {processor.py:183} INFO - Processing /home/airflow/.local/lib/python3.8/site-packages/airflow/example_dags/tutorial_taskflow_api_virtualenv.py took 0.109 seconds
[2025-11-28T14:37:22.819+0000] {processor.py:161} INFO - Started process (PID=735) to work on /home/airflow/.local/lib/python3.8/site-packages/airflow/example_dags/tutorial_taskflow_api_virtualenv.py
[2025-11-28T14:37:22.820+0000] {processor.py:830} INFO - Processing file /home/airflow/.local/lib/python3.8/site-packages/airflow/example_dags/tutorial_taskflow_api_virtualenv.py for tasks to queue
[2025-11-28T14:37:22.823+0000] {logging_mixin.py:188} INFO - [2025-11-28T14:37:22.823+0000] {dagbag.py:538} INFO - Filling up the DagBag from /home/airflow/.local/lib/python3.8/site-packages/airflow/example_dags/tutorial_taskflow_api_virtualenv.py
[2025-11-28T14:37:22.841+0000] {processor.py:840} INFO - DAG(s) 'tutorial_taskflow_api_virtualenv' retrieved from /home/airflow/.local/lib/python3.8/site-packages/airflow/example_dags/tutorial_taskflow_api_virtualenv.py
[2025-11-28T14:37:22.871+0000] {logging_mixin.py:188} INFO - [2025-11-28T14:37:22.870+0000] {dag.py:3036} INFO - Sync 1 DAGs
[2025-11-28T14:37:22.891+0000] {logging_mixin.py:188} INFO - [2025-11-28T14:37:22.890+0000] {dag.py:3823} INFO - Setting next_dagrun for tutorial_taskflow_api_virtualenv to None, run_after=None
[2025-11-28T14:37:22.916+0000] {processor.py:183} INFO - Processing /home/airflow/.local/lib/python3.8/site-packages/airflow/example_dags/tutorial_taskflow_api_virtualenv.py took 0.104 seconds
[2025-11-28T14:37:53.601+0000] {processor.py:161} INFO - Started process (PID=793) to work on /home/airflow/.local/lib/python3.8/site-packages/airflow/example_dags/tutorial_taskflow_api_virtualenv.py
[2025-11-28T14:37:53.603+0000] {processor.py:830} INFO - Processing file /home/airflow/.local/lib/python3.8/site-packages/airflow/example_dags/tutorial_taskflow_api_virtualenv.py for tasks to queue
[2025-11-28T14:37:53.605+0000] {logging_mixin.py:188} INFO - [2025-11-28T14:37:53.605+0000] {dagbag.py:538} INFO - Filling up the DagBag from /home/airflow/.local/lib/python3.8/site-packages/airflow/example_dags/tutorial_taskflow_api_virtualenv.py
[2025-11-28T14:37:53.623+0000] {processor.py:840} INFO - DAG(s) 'tutorial_taskflow_api_virtualenv' retrieved from /home/airflow/.local/lib/python3.8/site-packages/airflow/example_dags/tutorial_taskflow_api_virtualenv.py
[2025-11-28T14:37:53.654+0000] {logging_mixin.py:188} INFO - [2025-11-28T14:37:53.654+0000] {dag.py:3036} INFO - Sync 1 DAGs
[2025-11-28T14:37:53.672+0000] {logging_mixin.py:188} INFO - [2025-11-28T14:37:53.671+0000] {dag.py:3823} INFO - Setting next_dagrun for tutorial_taskflow_api_virtualenv to None, run_after=None
[2025-11-28T14:37:53.697+0000] {processor.py:183} INFO - Processing /home/airflow/.local/lib/python3.8/site-packages/airflow/example_dags/tutorial_taskflow_api_virtualenv.py took 0.102 seconds
[2025-11-28T14:38:23.936+0000] {processor.py:161} INFO - Started process (PID=851) to work on /home/airflow/.local/lib/python3.8/site-packages/airflow/example_dags/tutorial_taskflow_api_virtualenv.py
[2025-11-28T14:38:23.937+0000] {processor.py:830} INFO - Processing file /home/airflow/.local/lib/python3.8/site-packages/airflow/example_dags/tutorial_taskflow_api_virtualenv.py for tasks to queue
[2025-11-28T14:38:23.940+0000] {logging_mixin.py:188} INFO - [2025-11-28T14:38:23.940+0000] {dagbag.py:538} INFO - Filling up the DagBag from /home/airflow/.local/lib/python3.8/site-packages/airflow/example_dags/tutorial_taskflow_api_virtualenv.py
[2025-11-28T14:38:23.959+0000] {processor.py:840} INFO - DAG(s) 'tutorial_taskflow_api_virtualenv' retrieved from /home/airflow/.local/lib/python3.8/site-packages/airflow/example_dags/tutorial_taskflow_api_virtualenv.py
[2025-11-28T14:38:23.995+0000] {logging_mixin.py:188} INFO - [2025-11-28T14:38:23.995+0000] {dag.py:3036} INFO - Sync 1 DAGs
[2025-11-28T14:38:24.017+0000] {logging_mixin.py:188} INFO - [2025-11-28T14:38:24.017+0000] {dag.py:3823} INFO - Setting next_dagrun for tutorial_taskflow_api_virtualenv to None, run_after=None
[2025-11-28T14:38:24.052+0000] {processor.py:183} INFO - Processing /home/airflow/.local/lib/python3.8/site-packages/airflow/example_dags/tutorial_taskflow_api_virtualenv.py took 0.123 seconds
[2025-11-28T14:38:54.585+0000] {processor.py:161} INFO - Started process (PID=909) to work on /home/airflow/.local/lib/python3.8/site-packages/airflow/example_dags/tutorial_taskflow_api_virtualenv.py
[2025-11-28T14:38:54.587+0000] {processor.py:830} INFO - Processing file /home/airflow/.local/lib/python3.8/site-packages/airflow/example_dags/tutorial_taskflow_api_virtualenv.py for tasks to queue
[2025-11-28T14:38:54.590+0000] {logging_mixin.py:188} INFO - [2025-11-28T14:38:54.590+0000] {dagbag.py:538} INFO - Filling up the DagBag from /home/airflow/.local/lib/python3.8/site-packages/airflow/example_dags/tutorial_taskflow_api_virtualenv.py
[2025-11-28T14:38:54.607+0000] {processor.py:840} INFO - DAG(s) 'tutorial_taskflow_api_virtualenv' retrieved from /home/airflow/.local/lib/python3.8/site-packages/airflow/example_dags/tutorial_taskflow_api_virtualenv.py
[2025-11-28T14:38:54.641+0000] {logging_mixin.py:188} INFO - [2025-11-28T14:38:54.641+0000] {dag.py:3036} INFO - Sync 1 DAGs
[2025-11-28T14:38:54.660+0000] {logging_mixin.py:188} INFO - [2025-11-28T14:38:54.659+0000] {dag.py:3823} INFO - Setting next_dagrun for tutorial_taskflow_api_virtualenv to None, run_after=None
[2025-11-28T14:38:54.686+0000] {processor.py:183} INFO - Processing /home/airflow/.local/lib/python3.8/site-packages/airflow/example_dags/tutorial_taskflow_api_virtualenv.py took 0.107 seconds
[2025-11-28T14:39:25.091+0000] {processor.py:161} INFO - Started process (PID=968) to work on /home/airflow/.local/lib/python3.8/site-packages/airflow/example_dags/tutorial_taskflow_api_virtualenv.py
[2025-11-28T14:39:25.093+0000] {processor.py:830} INFO - Processing file /home/airflow/.local/lib/python3.8/site-packages/airflow/example_dags/tutorial_taskflow_api_virtualenv.py for tasks to queue
[2025-11-28T14:39:25.096+0000] {logging_mixin.py:188} INFO - [2025-11-28T14:39:25.095+0000] {dagbag.py:538} INFO - Filling up the DagBag from /home/airflow/.local/lib/python3.8/site-packages/airflow/example_dags/tutorial_taskflow_api_virtualenv.py
[2025-11-28T14:39:25.113+0000] {processor.py:840} INFO - DAG(s) 'tutorial_taskflow_api_virtualenv' retrieved from /home/airflow/.local/lib/python3.8/site-packages/airflow/example_dags/tutorial_taskflow_api_virtualenv.py
[2025-11-28T14:39:25.147+0000] {logging_mixin.py:188} INFO - [2025-11-28T14:39:25.147+0000] {dag.py:3036} INFO - Sync 1 DAGs
[2025-11-28T14:39:25.164+0000] {logging_mixin.py:188} INFO - [2025-11-28T14:39:25.164+0000] {dag.py:3823} INFO - Setting next_dagrun for tutorial_taskflow_api_virtualenv to None, run_after=None
[2025-11-28T14:39:25.189+0000] {processor.py:183} INFO - Processing /home/airflow/.local/lib/python3.8/site-packages/airflow/example_dags/tutorial_taskflow_api_virtualenv.py took 0.105 seconds
